Running in Lattice mode


Starting:    C:\lscc\diamond\3.9_x64\synpbase\bin64\mbin\synbatch.exe
Install:     C:\lscc\diamond\3.9_x64\synpbase
Hostname:    IVAN-PC
Date:        Sun Oct 22 17:53:57 2017
Version:     L-2016.09L

Arguments:   -product synplify_pro -batch LV1_tenk_impl1_synplify.tcl
ProductType: synplify_pro





Technology initialized from device list to: LATTICE-XP

log file: "D:\Ivan\Faks\1. Semestar\DigLog\1.LV\impl1\LV1_tenk_impl1.srr"

Running: hdl_info_gen in foreground



Generating HDL info...


hdl_info_gen completed
# Sun Oct 22 17:53:58 2017

Return Code: 0
Run Time:00h:00m:01s

log file: "D:\Ivan\Faks\1. Semestar\DigLog\1.LV\impl1\LV1_tenk_impl1.srr"

Running: impl1 in foreground



Running proj_1|impl1


Running: compile (Compile) on proj_1|impl1
# Sun Oct 22 17:53:58 2017


Running: compile_flow (Compile Process) on proj_1|impl1
# Sun Oct 22 17:53:58 2017


Running: compiler (Compile Input) on proj_1|impl1
# Sun Oct 22 17:53:58 2017

Copied D:\Ivan\Faks\1. Semestar\DigLog\1.LV\impl1\synwork\LV1_tenk_impl1_comp.srs to D:\Ivan\Faks\1. Semestar\DigLog\1.LV\impl1\LV1_tenk_impl1.srs


compiler completed
# Sun Oct 22 17:53:59 2017

Return Code: 0
Run Time:00h:00m:01s


Running: multi_srs_gen (Multi-srs Generator) on proj_1|impl1
# Sun Oct 22 17:53:59 2017


multi_srs_gen completed
# Sun Oct 22 17:54:00 2017

Return Code: 0
Run Time:00h:00m:01s

Copied D:\Ivan\Faks\1. Semestar\DigLog\1.LV\impl1\synwork\LV1_tenk_impl1_mult.srs to D:\Ivan\Faks\1. Semestar\DigLog\1.LV\impl1\LV1_tenk_impl1.srs

Copied D:\Ivan\Faks\1. Semestar\DigLog\1.LV\impl1\LV1_tenk_impl1.srr to D:\Ivan\Faks\1. Semestar\DigLog\1.LV\impl1\LV1_tenk_impl1.srf

Complete: Compile Process on proj_1|impl1


Running: premap (Pre-mapping) on proj_1|impl1
# Sun Oct 22 17:54:00 2017


premap completed with warnings
# Sun Oct 22 17:54:00 2017

Return Code: 1
Run Time:00h:00m:00s

Complete: Compile on proj_1|impl1


Running: map (Map) on proj_1|impl1
# Sun Oct 22 17:54:00 2017

License granted for 4 parallel jobs


Running: fpga_mapper (Map & Optimize) on proj_1|impl1
# Sun Oct 22 17:54:00 2017

Copied D:\Ivan\Faks\1. Semestar\DigLog\1.LV\impl1\synwork\LV1_tenk_impl1_m.srm to D:\Ivan\Faks\1. Semestar\DigLog\1.LV\impl1\LV1_tenk_impl1.srm


fpga_mapper completed with warnings
# Sun Oct 22 17:54:04 2017

Return Code: 1
Run Time:00h:00m:04s

Complete: Map on proj_1|impl1

Copied D:\Ivan\Faks\1. Semestar\DigLog\1.LV\impl1\LV1_tenk_impl1.srr to D:\Ivan\Faks\1. Semestar\DigLog\1.LV\impl1\LV1_tenk_impl1.srf

Complete: Logic Synthesis on proj_1|impl1

TCL script complete: "LV1_tenk_impl1_synplify.tcl"

exit status=0

exit status=0

Save changes for project:
D:\Ivan\Faks\1. Semestar\DigLog\1.LV\impl1\proj_1.prj

batch mode default:no

