10 1 1
10 1 1
10 1 1
13 0 800 672 800 784
13 0 800 784 848 784
13 2 800 784 848 784
13 2 800 672 800 784
13 0 944 832 1008 832
13 4 944 768 944 832
13 2 944 832 1008 832
17 0 and2 928 736 0
17 0 11
17 0 and2 944 720 0
13 0 800 800 944 800
13 0 704 432 704 768
13 0 704 432 704 672
13 0 704 432 704 544
13 0 704 432 704 768
13 0 704 432 704 672
13 0 704 432 704 544
13 0 944 768 944 432
13 0 944 432 656 432
13 0 656 432 736 432
13 8 704 432 1
13 0 736 432 944 432
13 2 736 432 944 432
13 2 656 432 704 432
13 2 944 432 944 768
13 8 704 432 1
13 8 704 432 1
13 0 736 480 736 768
13 0 736 768 944 768
17 0 nd2 944 720 0
17 0 nd2 1072 800 0
17 0 11
13 2 736 768 944 768
13 0 736 704 736 480
13 2 736 480 736 704
13 2 736 704 736 768
13 0 912 800 944 800
13 2 912 800 944 800
13 2 704 800 912 800
13 0 1120 864 1104 864
13 2 1104 864 1120 864
13 0 704 800 912 800
13 0 912 800 944 800
17 0 8
17 0 nd2 944 720 0
13 0 736 480 736 768
13 0 736 768 944 768
13 0 1088 784 1344 784
13 0 1344 784 1344 592
13 0 1344 592 1344 768
13 0 1344 592 1344 736
13 0 1344 592 1344 704
13 0 1344 592 1344 624
13 0 1344 624 1344 704
13 0 1344 704 1344 736
13 0 1344 736 1344 768
13 0 1344 768 1344 784
13 2 1344 768 1344 784
13 2 1344 736 1344 768
13 2 1344 704 1344 736
13 2 1344 624 1344 704
13 2 1344 592 1344 624
13 2 1088 784 1344 784
13 0 1344 592 1216 592
13 0 1216 592 1216 688
13 0 1216 688 1216 784
13 0 1216 784 1168 784
13 0 1168 784 1088 784
13 2 736 768 944 768
13 2 1088 784 1216 784
13 2 704 800 944 800
17 0 8
17 0 nd2 912 656 0
13 0 896 704 912 704
13 0 896 704 896 768
13 0 736 768 896 768
13 0 1056 720 1056 784
13 0 1056 784 1216 784
13 0 912 736 912 800
13 0 704 800 912 800
13 0 1168 784 1216 784
13 2 1168 784 1216 784
13 2 1056 784 1168 784
13 0 1168 720 1056 720
13 0 1056 720 1056 784
13 0 1168 720 1216 720
13 0 1216 720 1216 784
13 2 1216 720 1216 784
13 2 1056 720 1056 784
13 0 864 768 896 768
13 2 864 768 896 768
13 2 736 768 864 768
13 0 848 704 736 704
13 0 736 704 736 768
13 0 848 704 896 704
13 0 896 704 896 768
13 2 896 704 896 768
13 2 736 704 736 768
13 0 800 800 912 800
13 2 800 800 912 800
13 2 704 800 800 800
13 0 800 736 704 736
13 0 704 736 704 800
13 0 800 736 912 736
13 0 912 736 912 800
13 2 912 736 912 800
13 2 704 736 704 800
13 7 704 800
13 8 704 800 0
13 0 656 768 656 736
13 0 656 736 704 736
13 5 656 768 btn_left
13 8 704 800 1
13 8 656 768 1
13 0 656 736 704 736
13 2 656 736 704 736
13 2 656 736 656 768
13 7 656 768
13 8 656 768 0
13 0 704 736 704 800
13 5 704 800 btn_left
13 8 656 768 1
13 8 704 800 1
13 8 704 800 1
13 0 912 736 912 800
13 0 800 736 912 736
13 2 800 736 912 736
13 2 704 736 704 800
13 2 704 736 800 736
13 0 704 800 800 800
13 0 800 800 912 800
17 0 nd2 1040 736 0
13 0 736 704 736 784
13 0 736 784 1040 784
17 0 8
17 0 11
13 0 736 592 736 480
13 2 736 480 736 592
13 2 736 592 736 704
13 0 768 704 912 704
13 2 768 704 912 704
13 2 736 704 768 704
13 0 736 720 736 704
13 2 736 704 736 720
13 2 736 720 736 784
13 0 832 784 1040 784
13 2 832 784 1040 784
13 2 736 784 832 784
13 0 912 752 912 736
13 2 912 736 912 752
13 2 912 752 912 800
13 0 912 752 912 800
13 0 912 752 912 736
13 0 912 768 912 736
13 2 912 736 912 768
13 2 912 768 912 800
17 0 and2 928 656 0
13 2 1056 720 1072 720
13 2 1072 720 1216 720
17 0 11
17 0 and2 896 656 0
13 0 1024 720 1040 720
13 0 1040 720 1216 720
13 2 1040 720 1216 720
13 2 1024 720 1040 720
13 0 1040 720 1024 720
13 0 1040 720 1216 720
13 0 1088 720 1216 720
13 2 1088 720 1216 720
13 2 1040 720 1088 720
13 0 1136 784 1040 784
13 0 1040 784 1040 720
13 0 1136 784 1216 784
13 0 1216 784 1216 720
13 0 1088 784 1216 784
13 2 1088 784 1216 784
13 2 1040 784 1088 784
13 0 1040 768 1040 720
13 2 1040 720 1040 768
13 2 1040 768 1040 784
17 0 11
13 2 1024 720 1040 720
17 0 and2 976 672 0
13 2 1216 592 1216 784
13 0 1216 736 1216 592
13 0 1216 736 1120 736
13 2 1120 736 1216 736
17 0 11
17 0 and2 1008 672 0
13 0 1152 736 1216 736
13 0 1008 640 1008 720
13 0 912 800 1008 800
13 0 1008 800 1008 752
17 0 and2 1008 784 0
13 0 1008 720 1008 832
13 0 1008 720 1008 800
13 0 1008 800 1008 832
13 2 1008 800 1008 832
13 2 1008 720 1008 752
13 2 1152 736 1216 736
13 2 1008 640 1008 720
13 2 1008 752 1008 800
17 0 11
17 0 and2 1056 672 0
13 0 1200 736 1216 736
13 0 1056 704 1056 720
13 0 1056 704 1008 704
13 0 1008 640 1008 704
13 0 1056 752 1056 768
13 0 1056 768 1008 768
13 0 1008 768 1008 800
13 0 1008 704 1008 832
13 0 1008 704 1008 800
13 0 1008 800 1008 832
13 2 1008 800 1008 832
13 2 1008 704 1008 768
13 0 1008 704 960 704
13 0 960 704 960 848
13 2 960 704 960 848
13 0 960 832 960 704
13 0 960 832 1008 832
13 0 1008 864 800 864
13 0 800 864 800 928
13 0 1152 848 1248 848
13 0 1248 848 1248 768
13 0 1248 768 1248 624
13 0 1248 624 1344 624
17 0 and2 928 896 0
17 0 7
17 0 and2 912 912 0
13 0 848 800 848 992
13 0 848 992 912 992
13 0 880 480 880 960
13 0 880 960 928 960
13 0 880 960 912 960
13 0 912 960 928 960
13 2 912 960 928 960
13 2 880 960 912 960
13 2 880 480 880 960
13 0 880 480 880 960
13 0 880 960 912 960
13 0 1056 976 1264 976
13 0 1264 976 1264 816
13 0 1264 816 1264 704
13 0 1264 704 1344 704
17 0 and2 1056 992 0
13 0 800 928 800 1072
13 0 800 1072 864 1072
13 0 864 1072 1056 1072
13 0 1056 1072 1056 1056
13 2 1056 1056 1056 1072
13 0 864 1072 1056 1072
13 2 864 1072 1056 1072
13 0 1056 1072 864 1072
13 0 880 960 880 1040
13 0 880 1040 912 1040
13 0 912 1040 1056 1040
13 0 1056 1040 1056 1024
13 2 1056 1024 1056 1040
13 0 912 1040 1056 1040
13 2 912 1040 1056 1040
13 0 912 1040 1056 1040
13 0 1200 1056 1280 1056
13 0 1280 1056 1280 1008
13 0 1280 1008 1280 736
13 0 1280 736 1344 736
17 0 and2 896 1056 0
17 0 5
17 0 and2 912 1056 0
17 0 5
17 0 and2 912 1056 0
13 0 720 672 720 1104
13 0 720 1104 912 1104
13 0 880 1040 880 1136
13 0 880 1136 912 1136
13 0 1056 1120 1296 1120
13 0 1296 1120 1296 896
13 0 1296 896 1296 768
13 0 1296 768 1344 768
13 0 768 544 768 1184
13 0 768 1184 1040 1184
17 0 and2 1056 1120 0
13 2 768 1184 1040 1184
13 0 1072 1168 768 1168
13 0 768 1168 1056 1168
13 0 1056 1168 1072 1168
13 0 768 1168 768 1184
13 2 768 1168 768 1184
13 2 768 1168 1056 1168
13 2 1056 1168 1072 1168
17 0 4
17 0 and2 1072 1120 0
13 0 768 1168 1072 1168
13 0 1072 1168 1088 1168
13 2 768 1168 1072 1168
13 2 1072 1168 1088 1168
17 0 4
17 0 and2 1104 1104 0
13 0 1088 1152 1104 1152
13 0 1088 1152 1088 1168
13 0 768 1168 1088 1168
13 0 1104 1152 1120 1152
13 2 1088 1152 1104 1152
13 2 1104 1152 1120 1152
17 0 4
17 0 and2 1120 1104 0
13 0 1088 1152 1120 1152
13 0 1120 1152 1136 1152
13 2 1088 1152 1120 1152
13 2 1120 1152 1136 1152
17 0 4
17 0 and2 1088 1104 0
13 0 1088 1152 1104 1152
13 2 1088 1152 1104 1152
13 2 768 1168 1088 1168
13 2 1088 1152 1088 1168
17 0 4
17 0 and2 1088 1104 0
13 0 1088 1152 1104 1152
13 0 768 1168 1088 1168
13 0 1088 1152 1088 1168
13 2 1088 1152 1104 1152
13 2 768 1168 1088 1168
13 2 1088 1152 1088 1168
17 0 4
17 0 and2 1088 1104 0
13 0 1088 1152 1104 1152
13 0 768 1168 1088 1168
13 0 1088 1152 1088 1168
13 0 1040 1168 1088 1168
13 2 1040 1168 1088 1168
13 2 768 1168 1040 1168
13 2 1088 1152 1104 1152
13 2 1088 1152 1088 1168
17 0 4
17 0 and2 1120 1104 0
13 0 1120 1152 1136 1152
13 0 1120 1152 1120 1168
13 2 1120 1152 1120 1168
13 2 1120 1152 1136 1152
17 0 4
17 0 and2 1072 1120 0
13 0 1072 1168 1088 1168
13 2 1072 1168 1088 1168
17 0 4
17 0 and2 1120 1104 0
13 0 1120 1152 1136 1152
13 0 1120 1152 1120 1168
13 2 1120 1152 1120 1168
13 2 1120 1152 1136 1152
17 0 4
17 0 and2 1088 1104 0
13 0 1088 1152 1088 1168
13 0 1088 1152 1104 1152
13 0 768 1168 1040 1168
13 0 1040 1168 1088 1168
13 2 1088 1152 1088 1168
13 2 768 1168 1088 1168
13 2 1088 1152 1104 1152
17 0 4
17 0 and2 1088 1104 0
13 0 1088 1152 1088 1168
13 0 768 1168 1088 1168
13 0 1088 1152 1104 1152
13 2 1088 1152 1088 1168
13 2 768 1168 1088 1168
13 2 1088 1152 1104 1152
17 0 4
17 0 and2 1088 1104 0
13 0 1088 1152 1088 1168
13 0 768 1168 1088 1168
13 0 1088 1152 1104 1152
13 2 1088 1152 1104 1152
17 0 4
17 0 and2 1120 1104 0
13 0 1120 1152 1136 1152
13 0 1088 1152 1120 1152
13 2 1120 1152 1136 1152
13 2 1088 1152 1120 1152
17 0 4
17 0 and2 1104 1104 0
13 0 1104 1152 1120 1152
13 0 1088 1152 1104 1152
13 2 1104 1152 1120 1152
13 2 768 1168 1088 1168
13 2 1088 1152 1088 1168
13 2 1088 1152 1104 1152
17 0 4
17 0 and2 1072 1120 0
13 0 1072 1168 1088 1168
13 0 768 1168 1072 1168
13 2 1072 1168 1088 1168
13 2 768 1168 1072 1168
17 0 4
17 0 and2 1056 1120 0
13 0 1056 1168 1072 1168
13 0 768 1168 1056 1168
13 0 768 1168 768 1184
13 2 1056 1168 1072 1168
13 2 768 1168 1056 1168
13 0 768 1184 1040 1184
13 0 976 1184 1040 1184
13 2 976 1184 1040 1184
13 2 768 1184 976 1184
13 0 976 1168 768 1168
13 0 768 1168 768 1184
13 0 976 1168 1040 1168
13 0 1040 1168 1040 1184
13 2 1040 1168 1040 1184
13 2 768 1168 768 1184
13 2 768 1168 1040 1168
13 0 1056 1168 768 1168
13 0 880 1136 880 1200
13 0 880 1200 912 1200
13 0 912 1200 1056 1200
13 0 1200 1184 1312 1184
13 0 1312 1184 1312 1088
13 0 1312 1088 1312 800
13 0 1312 800 1344 800
17 0 and2 912 1200 0
13 0 752 800 752 1248
13 0 752 1248 912 1248
13 0 736 928 736 1280
13 0 736 1280 912 1280
13 0 1056 1264 1328 1264
13 0 1328 1264 1328 1056
13 0 1328 1056 1328 912
13 0 1328 912 1504 912
