
synpwrap -prj "lab6tenk_lab6tenk_synplify.tcl" -log "lab6tenk_lab6tenk.srf"
Copyright (C) 1992-2012 Lattice Semiconductor Corporation. All rights reserved.
Lattice Diamond Version 2.0.1.184

==contents of lab6tenk_lab6tenk.srf
#Build: Synplify Pro F-2012.03L-1 , Build 063R, May 17 2012
#install: C:\lscc\diamond\2.0\synpbase
#OS: Windows 7 6.1
#Hostname: MPC

#Implementation: lab6tenk

$ Start of Compile
#Fri Jan 24 02:21:06 2014

Synopsys VHDL Compiler, version comp201203rcp1, Build 061R, built May 17 2012
@N|Running in 64-bit mode
Copyright (C) 1994-2012 Synopsys, Inc. This software the associated documentation are confidential and proprietary to Synopsys, Inc. Your use or disclosure of this software subject to the terms and conditions of a written license agreement between you, or your company, and Synopsys, Inc.

@N: CD720 :"C:\lscc\diamond\2.0\synpbase\lib\vhd\std.vhd":123:18:123:21|Setting time resolution to ns
@N:"C:\Users\dr.Chernobyl\Desktop\lab6 tenk\lab6tenk\source\tenk_toplevel.vhd":6:7:6:19|Top entity is set to tenk_toplevel.
VHDL syntax check successful!
@N: CD630 :"C:\Users\dr.Chernobyl\Desktop\lab6 tenk\lab6tenk\source\tenk_toplevel.vhd":6:7:6:19|Synthesizing work.tenk_toplevel.arch 
@W: CD638 :"C:\Users\dr.Chernobyl\Desktop\lab6 tenk\lab6tenk\source\tenk_toplevel.vhd":19:20:19:24|Signal start is undriven 
@W: CD638 :"C:\Users\dr.Chernobyl\Desktop\lab6 tenk\lab6tenk\source\tenk_toplevel.vhd":19:27:19:30|Signal stop is undriven 
@N: CD630 :"C:\Users\dr.Chernobyl\Desktop\lab6 tenk\lab6tenk\source\rf_modulator.vhd":37:7:37:18|Synthesizing work.rf_modulator.structure 
@N: CD630 :"C:\lscc\diamond\2.0\cae_library\synthesis\vhdl\xp2.vhd":765:10:765:15|Synthesizing work.eplld1.syn_black_box 
Post processing for work.eplld1.syn_black_box
@W: CG296 :"C:\Users\dr.Chernobyl\Desktop\lab6 tenk\lab6tenk\source\rf_modulator.vhd":225:4:225:10|Incomplete sensitivity list - assuming completeness
@W: CG290 :"C:\Users\dr.Chernobyl\Desktop\lab6 tenk\lab6tenk\source\rf_modulator.vhd":229:10:229:21|Referenced variable ignition_key is not in sensitivity list
@W: CG290 :"C:\Users\dr.Chernobyl\Desktop\lab6 tenk\lab6tenk\source\rf_modulator.vhd":229:50:229:65|Referenced variable machinegun_sound is not in sensitivity list
@W: CG290 :"C:\Users\dr.Chernobyl\Desktop\lab6 tenk\lab6tenk\source\rf_modulator.vhd":229:31:229:41|Referenced variable gun_fire_bb is not in sensitivity list
@W: CG290 :"C:\Users\dr.Chernobyl\Desktop\lab6 tenk\lab6tenk\source\rf_modulator.vhd":228:62:228:70|Referenced variable gun_sound is not in sensitivity list
@W: CG290 :"C:\Users\dr.Chernobyl\Desktop\lab6 tenk\lab6tenk\source\rf_modulator.vhd":228:46:228:53|Referenced variable gun_elev is not in sensitivity list
@W: CG290 :"C:\Users\dr.Chernobyl\Desktop\lab6 tenk\lab6tenk\source\rf_modulator.vhd":230:19:230:27|Referenced variable gun_right is not in sensitivity list
@W: CG290 :"C:\Users\dr.Chernobyl\Desktop\lab6 tenk\lab6tenk\source\rf_modulator.vhd":228:31:228:38|Referenced variable gun_left is not in sensitivity list
@W: CG290 :"C:\Users\dr.Chernobyl\Desktop\lab6 tenk\lab6tenk\source\rf_modulator.vhd":231:45:231:60|Referenced variable drive_left_right is not in sensitivity list
@W: CG290 :"C:\Users\dr.Chernobyl\Desktop\lab6 tenk\lab6tenk\source\rf_modulator.vhd":230:35:230:47|Referenced variable drive_fwd_rev is not in sensitivity list
@W: CD638 :"C:\Users\dr.Chernobyl\Desktop\lab6 tenk\lab6tenk\source\rf_modulator.vhd":133:20:133:21|Signal fm is undriven 
Post processing for work.rf_modulator.structure
@W: CL189 :"C:\Users\dr.Chernobyl\Desktop\lab6 tenk\lab6tenk\source\rf_modulator.vhd":349:1:349:2|Register bit R_fm_inc(21) is always 1, optimizing ...
@W: CL189 :"C:\Users\dr.Chernobyl\Desktop\lab6 tenk\lab6tenk\source\rf_modulator.vhd":349:1:349:2|Register bit R_fm_inc(22) is always 0, optimizing ...
@W: CL189 :"C:\Users\dr.Chernobyl\Desktop\lab6 tenk\lab6tenk\source\rf_modulator.vhd":349:1:349:2|Register bit R_fm_inc(23) is always 0, optimizing ...
@W: CL189 :"C:\Users\dr.Chernobyl\Desktop\lab6 tenk\lab6tenk\source\rf_modulator.vhd":349:1:349:2|Register bit R_fm_inc(24) is always 0, optimizing ...
@W: CL189 :"C:\Users\dr.Chernobyl\Desktop\lab6 tenk\lab6tenk\source\rf_modulator.vhd":349:1:349:2|Register bit R_fm_inc(25) is always 1, optimizing ...
@W: CL189 :"C:\Users\dr.Chernobyl\Desktop\lab6 tenk\lab6tenk\source\rf_modulator.vhd":349:1:349:2|Register bit R_fm_inc(26) is always 0, optimizing ...
@W: CL189 :"C:\Users\dr.Chernobyl\Desktop\lab6 tenk\lab6tenk\source\rf_modulator.vhd":349:1:349:2|Register bit R_fm_inc(27) is always 0, optimizing ...
@W: CL189 :"C:\Users\dr.Chernobyl\Desktop\lab6 tenk\lab6tenk\source\rf_modulator.vhd":233:4:233:5|Register bit R_outw(0) is always 1, optimizing ...
@W: CL260 :"C:\Users\dr.Chernobyl\Desktop\lab6 tenk\lab6tenk\source\rf_modulator.vhd":233:4:233:5|Pruning register bit 0 of R_outw(31 downto 0)  
@W: CL279 :"C:\Users\dr.Chernobyl\Desktop\lab6 tenk\lab6tenk\source\rf_modulator.vhd":349:1:349:2|Pruning register bits 27 to 21 of R_fm_inc(27 downto 0)  
@N: CD630 :"C:\Users\dr.Chernobyl\Desktop\lab6 tenk\lab6tenk\source\tenk_automat.vhd":5:7:5:18|Synthesizing work.tenk_automat.arch 
Post processing for work.tenk_automat.arch
Post processing for work.tenk_toplevel.arch
@W: CL189 :"C:\Users\dr.Chernobyl\Desktop\lab6 tenk\lab6tenk\source\rf_modulator.vhd":233:4:233:5|Register bit R_brzina(3) is always 0, optimizing ...
@W: CL189 :"C:\Users\dr.Chernobyl\Desktop\lab6 tenk\lab6tenk\source\rf_modulator.vhd":233:4:233:5|Register bit R_outw(1) is always 1, optimizing ...
@W: CL260 :"C:\Users\dr.Chernobyl\Desktop\lab6 tenk\lab6tenk\source\rf_modulator.vhd":233:4:233:5|Pruning register bit 1 of R_outw(31 downto 1)  
@W: CL260 :"C:\Users\dr.Chernobyl\Desktop\lab6 tenk\lab6tenk\source\rf_modulator.vhd":233:4:233:5|Pruning register bit 3 of R_brzina(3 downto 0)  
@W: CL260 :"C:\Users\dr.Chernobyl\Desktop\lab6 tenk\lab6tenk\source\rf_modulator.vhd":349:1:349:2|Pruning register bit 19 of R_fm_inc(20 downto 0)  
@W: CL159 :"C:\Users\dr.Chernobyl\Desktop\lab6 tenk\lab6tenk\source\tenk_toplevel.vhd":10:19:10:28|Input btn_center is unused
@END
Process took 0h:00m:01s realtime, 0h:00m:01s cputime
# Fri Jan 24 02:21:07 2014

###########################################################]
Premap Report

Synopsys Lattice Technology Pre-mapping, Version maplat, Build 437R, Built Jul 16 2012 10:38:54
Copyright (C) 1994-2012, Synopsys Inc. This software the associated documentation are confidential and proprietary to Synopsys, Inc. Your use or disclosure of this software subject to the terms and conditions of a written license agreement between you, or your company, and Synopsys, Inc.
Product Version F-2012.03L-1 

Mapper Startup Complete (Time elapsed 0h:00m:00s; Memory used current: 91MB peak: 92MB)

@L: C:\Users\dr.Chernobyl\Desktop\lab6 tenk\lab6tenk\lab6tenk_lab6tenk_scck.rpt 
Printing clock  summary report in "C:\Users\dr.Chernobyl\Desktop\lab6 tenk\lab6tenk\lab6tenk_lab6tenk_scck.rpt" file 
@N: MF248 |Running in 64-bit mode.
@N: MF257 |Gated clock conversion enabled 
@N: MF546 |Generated clock conversion enabled 

Design Input Complete (Time elapsed 0h:00m:00s; Memory used current: 92MB peak: 93MB)


Mapper Initialization Complete (Time elapsed 0h:00m:00s; Memory used current: 92MB peak: 93MB)


Start loading timing files (Time elapsed 0h:00m:00s; Memory used current: 105MB peak: 106MB)


Finished loading timing files (Time elapsed 0h:00m:00s; Memory used current: 105MB peak: 108MB)



Clock Summary
**************

Start                                         Requested     Requested     Clock                                    Clock              
Clock                                         Frequency     Period        Type                                     Group              
--------------------------------------------------------------------------------------------------------------------------------------
System                                        1.0 MHz       1000.000      system                                   system_clkgroup    
tenk_toplevel|clk_25m                         200.0 MHz     5.000         inferred                                 Inferred_clkgroup_0
rf_modulator|clk_pll_inferred_clock           200.0 MHz     5.000         inferred                                 Inferred_clkgroup_1
tenk_toplevel|R_clk_div_derived_clock[23]     200.0 MHz     5.000         derived (from tenk_toplevel|clk_25m)     Inferred_clkgroup_0
======================================================================================================================================

@W: MT529 :"c:\users\dr.chernobyl\desktop\lab6 tenk\lab6tenk\source\tenk_toplevel.vhd":28:4:28:12|Found inferred clock tenk_toplevel|clk_25m which controls 24 sequential elements including R_clk_div[23:0]. This clock has no specified timing constraint which may prevent conversion of gated or generated clocks and may adversely impact design performance. 
@W: MT529 :"c:\users\dr.chernobyl\desktop\lab6 tenk\lab6tenk\source\rf_modulator.vhd":233:4:233:5|Found inferred clock rf_modulator|clk_pll_inferred_clock which controls 116 sequential elements including odasiljac/R_outw[31:2]. This clock has no specified timing constraint which may prevent conversion of gated or generated clocks and may adversely impact design performance. 

syn_allowed_resources : blockrams=9  set on top level netlist tenk_toplevel

Finished Pre Mapping Phase. (Time elapsed 0h:00m:00s; Memory used current: 129MB peak: 132MB)

Pre-mapping successful!

At Mapper Exit (Time elapsed 0h:00m:00s; Memory used current: 67MB peak: 132MB)

Process took 0h:00m:01s realtime, 0h:00m:01s cputime
# Fri Jan 24 02:21:08 2014

###########################################################]
Map & Optimize Report

Synopsys Lattice Technology Mapper, Version maplat, Build 437R, Built Jul 16 2012 10:38:54
Copyright (C) 1994-2012, Synopsys Inc. This software the associated documentation are confidential and proprietary to Synopsys, Inc. Your use or disclosure of this software subject to the terms and conditions of a written license agreement between you, or your company, and Synopsys, Inc.
Product Version F-2012.03L-1 

Mapper Startup Complete (Time elapsed 0h:00m:00s; Memory used current: 91MB peak: 92MB)

@N: MF248 |Running in 64-bit mode.
@N: MF257 |Gated clock conversion enabled 
@N: MF546 |Generated clock conversion enabled 

Design Input Complete (Time elapsed 0h:00m:00s; Memory used current: 91MB peak: 92MB)


Mapper Initialization Complete (Time elapsed 0h:00m:00s; Memory used current: 91MB peak: 92MB)


Start loading timing files (Time elapsed 0h:00m:00s; Memory used current: 105MB peak: 105MB)


Finished loading timing files (Time elapsed 0h:00m:00s; Memory used current: 105MB peak: 107MB)

@N: MF203 |Set autoconstraint_io 


Starting Optimization and Mapping (Time elapsed 0h:00m:00s; Memory used current: 130MB peak: 132MB)

@W: BN132 :"c:\users\dr.chernobyl\desktop\lab6 tenk\lab6tenk\source\rf_modulator.vhd":233:4:233:5|Removing sequential instance odasiljac.R_lijevo,  because it is equivalent to instance odasiljac.R_desno
@W: BN132 :"c:\users\dr.chernobyl\desktop\lab6 tenk\lab6tenk\source\rf_modulator.vhd":174:4:174:10|Removing user instance odasiljac.un1_R_lijevo,  because it is equivalent to instance odasiljac.un1_R_desno
@W: BN132 :"c:\users\dr.chernobyl\desktop\lab6 tenk\lab6tenk\source\rf_modulator.vhd":249:5:249:6|Removing user instance odasiljac.R_lijevo_6,  because it is equivalent to instance odasiljac.R_desno_6
@W: BN132 :"c:\users\dr.chernobyl\desktop\lab6 tenk\lab6tenk\source\rf_modulator.vhd":233:4:233:5|Removing user instance odasiljac.un1_r_naprijed_2,  because it is equivalent to instance odasiljac.left_right19

Available hyper_sources - for debug and ip models
	None Found

@N: FA239 :"c:\users\dr.chernobyl\desktop\lab6 tenk\lab6tenk\source\tenk_automat.vhd":46:15:46:22|ROM rom_out[15:8] mapped in logic.
@N: FA239 :"c:\users\dr.chernobyl\desktop\lab6 tenk\lab6tenk\source\tenk_automat.vhd":46:15:46:22|ROM rom_out[15:8] mapped in logic.
@N: MO106 :"c:\users\dr.chernobyl\desktop\lab6 tenk\lab6tenk\source\tenk_automat.vhd":46:15:46:22|Found ROM, 'rom_out[15:8]', 128 words by 8 bits 

Finished RTL optimizations (Time elapsed 0h:00m:00s; Memory used current: 130MB peak: 132MB)

@N:"c:\users\dr.chernobyl\desktop\lab6 tenk\lab6tenk\source\tenk_automat.vhd":64:8:64:9|Found counter in view:work.tenk_automat(arch) inst R_stanje[6:0]
@N:"c:\users\dr.chernobyl\desktop\lab6 tenk\lab6tenk\source\rf_modulator.vhd":233:4:233:5|Found counter in view:work.rf_modulator(structure) inst R_speed_acc[4:0]
@N: FX404 :"c:\users\dr.chernobyl\desktop\lab6 tenk\lab6tenk\source\rf_modulator.vhd":219:4:219:5|Found addmux in view:work.rf_modulator(structure) inst fwd_rev[4:0] from un1_R_brzina_3[4:0] 

Finished factoring (Time elapsed 0h:00m:00s; Memory used current: 132MB peak: 133MB)



#################### START OF GENERATED CLOCK OPTIMIZATION REPORT ####################[

======================================================================================
                                Instance:Pin        Generated Clock Optimization Status
======================================================================================
                    odasiljac.R_low_high:C              Not Done
                    automat.R_cekanje[2]:C              Done
                    automat.R_cekanje[1]:C              Done
                    automat.R_cekanje[0]:C              Done
                   automat.R_stanje[6:0]:C              Done


##################### END OF GENERATED CLOCK OPTIMIZATION REPORT #####################]


Finished gated-clock and generated-clock conversion (Time elapsed 0h:00m:00s; Memory used current: 132MB peak: 133MB)



Finished generic timing optimizations - Pass 1 (Time elapsed 0h:00m:00s; Memory used current: 131MB peak: 133MB)

@N: BN362 :"c:\users\dr.chernobyl\desktop\lab6 tenk\lab6tenk\source\rf_modulator.vhd":233:4:233:5|Removing sequential instance odasiljac.R_desno in hierarchy view:work.tenk_toplevel(arch) because there are no references to its outputs 
@A: BN291 :"c:\users\dr.chernobyl\desktop\lab6 tenk\lab6tenk\source\rf_modulator.vhd":233:4:233:5|Boundary register odasiljac.R_desno packed into a complex cell. To disable register packing, set syn_keep=1 on net between register and complex cell. 
@N: BN362 :"c:\users\dr.chernobyl\desktop\lab6 tenk\lab6tenk\source\rf_modulator.vhd":233:4:233:5|Removing sequential instance odasiljac.R_natrag in hierarchy view:work.tenk_toplevel(arch) because there are no references to its outputs 
@A: BN291 :"c:\users\dr.chernobyl\desktop\lab6 tenk\lab6tenk\source\rf_modulator.vhd":233:4:233:5|Boundary register odasiljac.R_natrag packed into a complex cell. To disable register packing, set syn_keep=1 on net between register and complex cell. 
@N: BN362 :"c:\users\dr.chernobyl\desktop\lab6 tenk\lab6tenk\source\rf_modulator.vhd":233:4:233:5|Removing sequential instance odasiljac.R_skretanje in hierarchy view:work.tenk_toplevel(arch) because there are no references to its outputs 
@A: BN291 :"c:\users\dr.chernobyl\desktop\lab6 tenk\lab6tenk\source\rf_modulator.vhd":233:4:233:5|Boundary register odasiljac.R_skretanje packed into a complex cell. To disable register packing, set syn_keep=1 on net between register and complex cell. 

Starting Early Timing Optimization (Time elapsed 0h:00m:00s; Memory used current: 132MB peak: 133MB)


Finished Early Timing Optimization (Time elapsed 0h:00m:00s; Memory used current: 133MB peak: 134MB)


Finished generic timing optimizations - Pass 2 (Time elapsed 0h:00m:00s; Memory used current: 133MB peak: 134MB)

@N: BN362 :"c:\users\dr.chernobyl\desktop\lab6 tenk\lab6tenk\source\rf_modulator.vhd":233:4:233:5|Removing sequential instance odasiljac.R_brzina[2] in hierarchy view:work.tenk_toplevel(arch) because there are no references to its outputs 
@A: BN291 :"c:\users\dr.chernobyl\desktop\lab6 tenk\lab6tenk\source\rf_modulator.vhd":233:4:233:5|Boundary register odasiljac.R_brzina[2] packed into a complex cell. To disable register packing, set syn_keep=1 on net between register and complex cell. 

Finished preparing to map (Time elapsed 0h:00m:00s; Memory used current: 133MB peak: 134MB)


Finished technology mapping (Time elapsed 0h:00m:00s; Memory used current: 136MB peak: 138MB)

Pass		 CPU time		Worst Slack		Luts / Registers
------------------------------------------------------------
Pass		 CPU time		Worst Slack		Luts / Registers
------------------------------------------------------------
   1		0h:00m:00s		    -2.53ns		 140 /       145
   2		0h:00m:00s		    -2.53ns		 140 /       145
------------------------------------------------------------

@N: FX271 :"c:\users\dr.chernobyl\desktop\lab6 tenk\lab6tenk\source\rf_modulator.vhd":234:4:234:23|Instance "odasiljac.r_clk_acc" with 20 loads replicated 1 times to improve timing 
Timing driven replication report
Added 0 Registers via timing driven replication
Added 1 LUTs via timing driven replication





Pass		 CPU time		Worst Slack		Luts / Registers
------------------------------------------------------------
   1		0h:00m:01s		    -1.51ns		 154 /       145

   2		0h:00m:01s		    -1.51ns		 154 /       145
   3		0h:00m:01s		    -1.51ns		 154 /       145
   4		0h:00m:01s		    -1.51ns		 154 /       145
------------------------------------------------------------



Pass		 CPU time		Worst Slack		Luts / Registers
------------------------------------------------------------
   1		0h:00m:01s		    -1.51ns		 154 /       145

   2		0h:00m:01s		    -1.51ns		 154 /       145
   3		0h:00m:01s		    -1.51ns		 154 /       145
   4		0h:00m:01s		    -1.51ns		 154 /       145
------------------------------------------------------------


Finished technology timing optimizations and critical path resynthesis (Time elapsed 0h:00m:01s; Memory used current: 135MB peak: 138MB)

@N: FX164 |The option to pack flops in the IOB has not been specified 

Finished restoring hierarchy (Time elapsed 0h:00m:01s; Memory used current: 135MB peak: 138MB)

Writing Analyst data base C:\Users\dr.Chernobyl\Desktop\lab6 tenk\lab6tenk\lab6tenk_lab6tenk.srm

Finished Writing Netlist Databases (Time elapsed 0h:00m:02s; Memory used current: 133MB peak: 138MB)

Writing EDIF Netlist and constraint files
F-2012.03L-1 

Finished Writing EDIF Netlist and constraint files (Time elapsed 0h:00m:02s; Memory used current: 138MB peak: 140MB)


Starting Writing Gated Clock Conversion Report (Time elapsed 0h:00m:02s; Memory used current: 138MB peak: 140MB)


================= Gated clock report =================


The following instances have NOT been converted
Seq Inst                     Instance Port     Clock                   Reason for not converting                               
-------------------------------------------------------------------------------------------------------------------------------
odasiljac.R_brzina[1]        CK                odasiljac.clk_pll_c     Gated clock either has NO DRIVER or has MULTIPLE DRIVERS
odasiljac.R_brzina[0]        CK                odasiljac.clk_pll_c     Gated clock either has NO DRIVER or has MULTIPLE DRIVERS
odasiljac.R_clk_acc[15]      CK                odasiljac.clk_pll_c     Gated clock either has NO DRIVER or has MULTIPLE DRIVERS
odasiljac.R_clk_acc[14]      CK                odasiljac.clk_pll_c     Gated clock either has NO DRIVER or has MULTIPLE DRIVERS
odasiljac.R_clk_acc[13]      CK                odasiljac.clk_pll_c     Gated clock either has NO DRIVER or has MULTIPLE DRIVERS
odasiljac.R_clk_acc[12]      CK                odasiljac.clk_pll_c     Gated clock either has NO DRIVER or has MULTIPLE DRIVERS
odasiljac.R_clk_acc[11]      CK                odasiljac.clk_pll_c     Gated clock either has NO DRIVER or has MULTIPLE DRIVERS
odasiljac.R_clk_acc[10]      CK                odasiljac.clk_pll_c     Gated clock either has NO DRIVER or has MULTIPLE DRIVERS
odasiljac.R_clk_acc[9]       CK                odasiljac.clk_pll_c     Gated clock either has NO DRIVER or has MULTIPLE DRIVERS
odasiljac.R_clk_acc[8]       CK                odasiljac.clk_pll_c     Gated clock either has NO DRIVER or has MULTIPLE DRIVERS
odasiljac.R_clk_acc[7]       CK                odasiljac.clk_pll_c     Gated clock either has NO DRIVER or has MULTIPLE DRIVERS
odasiljac.R_clk_acc[6]       CK                odasiljac.clk_pll_c     Gated clock either has NO DRIVER or has MULTIPLE DRIVERS
odasiljac.R_clk_acc[5]       CK                odasiljac.clk_pll_c     Gated clock either has NO DRIVER or has MULTIPLE DRIVERS
odasiljac.R_clk_acc[4]       CK                odasiljac.clk_pll_c     Gated clock either has NO DRIVER or has MULTIPLE DRIVERS
odasiljac.R_clk_acc[3]       CK                odasiljac.clk_pll_c     Gated clock either has NO DRIVER or has MULTIPLE DRIVERS
odasiljac.R_clk_acc[2]       CK                odasiljac.clk_pll_c     Gated clock either has NO DRIVER or has MULTIPLE DRIVERS
odasiljac.R_clk_acc[1]       CK                odasiljac.clk_pll_c     Gated clock either has NO DRIVER or has MULTIPLE DRIVERS
odasiljac.R_clk_acc[0]       CK                odasiljac.clk_pll_c     Gated clock either has NO DRIVER or has MULTIPLE DRIVERS
odasiljac.R_fm_acc[27]       CK                odasiljac.clk_pll_c     Gated clock either has NO DRIVER or has MULTIPLE DRIVERS
odasiljac.R_fm_acc[26]       CK                odasiljac.clk_pll_c     Gated clock either has NO DRIVER or has MULTIPLE DRIVERS
odasiljac.R_fm_acc[25]       CK                odasiljac.clk_pll_c     Gated clock either has NO DRIVER or has MULTIPLE DRIVERS
odasiljac.R_fm_acc[24]       CK                odasiljac.clk_pll_c     Gated clock either has NO DRIVER or has MULTIPLE DRIVERS
odasiljac.R_fm_acc[23]       CK                odasiljac.clk_pll_c     Gated clock either has NO DRIVER or has MULTIPLE DRIVERS
odasiljac.R_fm_acc[22]       CK                odasiljac.clk_pll_c     Gated clock either has NO DRIVER or has MULTIPLE DRIVERS
odasiljac.R_fm_acc[21]       CK                odasiljac.clk_pll_c     Gated clock either has NO DRIVER or has MULTIPLE DRIVERS
odasiljac.R_fm_acc[20]       CK                odasiljac.clk_pll_c     Gated clock either has NO DRIVER or has MULTIPLE DRIVERS
odasiljac.R_fm_acc[19]       CK                odasiljac.clk_pll_c     Gated clock either has NO DRIVER or has MULTIPLE DRIVERS
odasiljac.R_fm_acc[18]       CK                odasiljac.clk_pll_c     Gated clock either has NO DRIVER or has MULTIPLE DRIVERS
odasiljac.R_fm_acc[17]       CK                odasiljac.clk_pll_c     Gated clock either has NO DRIVER or has MULTIPLE DRIVERS
odasiljac.R_fm_acc[16]       CK                odasiljac.clk_pll_c     Gated clock either has NO DRIVER or has MULTIPLE DRIVERS
odasiljac.R_fm_acc[15]       CK                odasiljac.clk_pll_c     Gated clock either has NO DRIVER or has MULTIPLE DRIVERS
odasiljac.R_fm_acc[14]       CK                odasiljac.clk_pll_c     Gated clock either has NO DRIVER or has MULTIPLE DRIVERS
odasiljac.R_fm_acc[13]       CK                odasiljac.clk_pll_c     Gated clock either has NO DRIVER or has MULTIPLE DRIVERS
odasiljac.R_fm_acc[12]       CK                odasiljac.clk_pll_c     Gated clock either has NO DRIVER or has MULTIPLE DRIVERS
odasiljac.R_fm_acc[11]       CK                odasiljac.clk_pll_c     Gated clock either has NO DRIVER or has MULTIPLE DRIVERS
odasiljac.R_fm_acc[10]       CK                odasiljac.clk_pll_c     Gated clock either has NO DRIVER or has MULTIPLE DRIVERS
odasiljac.R_fm_acc[9]        CK                odasiljac.clk_pll_c     Gated clock either has NO DRIVER or has MULTIPLE DRIVERS
odasiljac.R_fm_acc[8]        CK                odasiljac.clk_pll_c     Gated clock either has NO DRIVER or has MULTIPLE DRIVERS
odasiljac.R_fm_acc[7]        CK                odasiljac.clk_pll_c     Gated clock either has NO DRIVER or has MULTIPLE DRIVERS
odasiljac.R_fm_acc[6]        CK                odasiljac.clk_pll_c     Gated clock either has NO DRIVER or has MULTIPLE DRIVERS
odasiljac.R_fm_acc[5]        CK                odasiljac.clk_pll_c     Gated clock either has NO DRIVER or has MULTIPLE DRIVERS
odasiljac.R_fm_acc[4]        CK                odasiljac.clk_pll_c     Gated clock either has NO DRIVER or has MULTIPLE DRIVERS
odasiljac.R_fm_acc[3]        CK                odasiljac.clk_pll_c     Gated clock either has NO DRIVER or has MULTIPLE DRIVERS
odasiljac.R_fm_acc[2]        CK                odasiljac.clk_pll_c     Gated clock either has NO DRIVER or has MULTIPLE DRIVERS
odasiljac.R_fm_acc[1]        CK                odasiljac.clk_pll_c     Gated clock either has NO DRIVER or has MULTIPLE DRIVERS
odasiljac.R_fm_acc[0]        CK                odasiljac.clk_pll_c     Gated clock either has NO DRIVER or has MULTIPLE DRIVERS
odasiljac.R_fm_inc[20]       CK                odasiljac.clk_pll_c     Gated clock either has NO DRIVER or has MULTIPLE DRIVERS
odasiljac.R_fm_inc[17]       CK                odasiljac.clk_pll_c     Gated clock either has NO DRIVER or has MULTIPLE DRIVERS
odasiljac.R_fm_inc[16]       CK                odasiljac.clk_pll_c     Gated clock either has NO DRIVER or has MULTIPLE DRIVERS
odasiljac.R_fm_inc[15]       CK                odasiljac.clk_pll_c     Gated clock either has NO DRIVER or has MULTIPLE DRIVERS
odasiljac.R_fm_inc[14]       CK                odasiljac.clk_pll_c     Gated clock either has NO DRIVER or has MULTIPLE DRIVERS
odasiljac.R_fm_inc[13]       CK                odasiljac.clk_pll_c     Gated clock either has NO DRIVER or has MULTIPLE DRIVERS
odasiljac.R_fm_inc[12]       CK                odasiljac.clk_pll_c     Gated clock either has NO DRIVER or has MULTIPLE DRIVERS
odasiljac.R_fm_inc[11]       CK                odasiljac.clk_pll_c     Gated clock either has NO DRIVER or has MULTIPLE DRIVERS
odasiljac.R_fm_inc[10]       CK                odasiljac.clk_pll_c     Gated clock either has NO DRIVER or has MULTIPLE DRIVERS
odasiljac.R_fm_inc[9]        CK                odasiljac.clk_pll_c     Gated clock either has NO DRIVER or has MULTIPLE DRIVERS
odasiljac.R_fm_inc[7]        CK                odasiljac.clk_pll_c     Gated clock either has NO DRIVER or has MULTIPLE DRIVERS
odasiljac.R_fm_inc[6]        CK                odasiljac.clk_pll_c     Gated clock either has NO DRIVER or has MULTIPLE DRIVERS
odasiljac.R_fm_inc[5]        CK                odasiljac.clk_pll_c     Gated clock either has NO DRIVER or has MULTIPLE DRIVERS
odasiljac.R_fm_inc[4]        CK                odasiljac.clk_pll_c     Gated clock either has NO DRIVER or has MULTIPLE DRIVERS
odasiljac.R_fm_inc[3]        CK                odasiljac.clk_pll_c     Gated clock either has NO DRIVER or has MULTIPLE DRIVERS
odasiljac.R_fm_inc[2]        CK                odasiljac.clk_pll_c     Gated clock either has NO DRIVER or has MULTIPLE DRIVERS
odasiljac.R_fm_inc[1]        CK                odasiljac.clk_pll_c     Gated clock either has NO DRIVER or has MULTIPLE DRIVERS
odasiljac.R_fm_inc[0]        CK                odasiljac.clk_pll_c     Gated clock either has NO DRIVER or has MULTIPLE DRIVERS
odasiljac.R_low_high         CK                odasiljac.clk_pll_c     Gated clock either has NO DRIVER or has MULTIPLE DRIVERS
odasiljac.R_naprijed         CK                odasiljac.clk_pll_c     Gated clock either has NO DRIVER or has MULTIPLE DRIVERS
odasiljac.R_outw[31]         CK                odasiljac.clk_pll_c     Gated clock either has NO DRIVER or has MULTIPLE DRIVERS
odasiljac.R_outw[30]         CK                odasiljac.clk_pll_c     Gated clock either has NO DRIVER or has MULTIPLE DRIVERS
odasiljac.R_outw[29]         CK                odasiljac.clk_pll_c     Gated clock either has NO DRIVER or has MULTIPLE DRIVERS
odasiljac.R_outw[28]         CK                odasiljac.clk_pll_c     Gated clock either has NO DRIVER or has MULTIPLE DRIVERS
odasiljac.R_outw[27]         CK                odasiljac.clk_pll_c     Gated clock either has NO DRIVER or has MULTIPLE DRIVERS
odasiljac.R_outw[26]         CK                odasiljac.clk_pll_c     Gated clock either has NO DRIVER or has MULTIPLE DRIVERS
odasiljac.R_outw[25]         CK                odasiljac.clk_pll_c     Gated clock either has NO DRIVER or has MULTIPLE DRIVERS
odasiljac.R_outw[24]         CK                odasiljac.clk_pll_c     Gated clock either has NO DRIVER or has MULTIPLE DRIVERS
odasiljac.R_outw[23]         CK                odasiljac.clk_pll_c     Gated clock either has NO DRIVER or has MULTIPLE DRIVERS
odasiljac.R_outw[22]         CK                odasiljac.clk_pll_c     Gated clock either has NO DRIVER or has MULTIPLE DRIVERS
odasiljac.R_outw[21]         CK                odasiljac.clk_pll_c     Gated clock either has NO DRIVER or has MULTIPLE DRIVERS
odasiljac.R_outw[20]         CK                odasiljac.clk_pll_c     Gated clock either has NO DRIVER or has MULTIPLE DRIVERS
odasiljac.R_outw[19]         CK                odasiljac.clk_pll_c     Gated clock either has NO DRIVER or has MULTIPLE DRIVERS
odasiljac.R_outw[18]         CK                odasiljac.clk_pll_c     Gated clock either has NO DRIVER or has MULTIPLE DRIVERS
odasiljac.R_outw[17]         CK                odasiljac.clk_pll_c     Gated clock either has NO DRIVER or has MULTIPLE DRIVERS
odasiljac.R_outw[16]         CK                odasiljac.clk_pll_c     Gated clock either has NO DRIVER or has MULTIPLE DRIVERS
odasiljac.R_outw[15]         CK                odasiljac.clk_pll_c     Gated clock either has NO DRIVER or has MULTIPLE DRIVERS
odasiljac.R_outw[14]         CK                odasiljac.clk_pll_c     Gated clock either has NO DRIVER or has MULTIPLE DRIVERS
odasiljac.R_outw[13]         CK                odasiljac.clk_pll_c     Gated clock either has NO DRIVER or has MULTIPLE DRIVERS
odasiljac.R_outw[12]         CK                odasiljac.clk_pll_c     Gated clock either has NO DRIVER or has MULTIPLE DRIVERS
odasiljac.R_outw[11]         CK                odasiljac.clk_pll_c     Gated clock either has NO DRIVER or has MULTIPLE DRIVERS
odasiljac.R_outw[10]         CK                odasiljac.clk_pll_c     Gated clock either has NO DRIVER or has MULTIPLE DRIVERS
odasiljac.R_outw[9]          CK                odasiljac.clk_pll_c     Gated clock either has NO DRIVER or has MULTIPLE DRIVERS
odasiljac.R_outw[8]          CK                odasiljac.clk_pll_c     Gated clock either has NO DRIVER or has MULTIPLE DRIVERS
odasiljac.R_outw[7]          CK                odasiljac.clk_pll_c     Gated clock either has NO DRIVER or has MULTIPLE DRIVERS
odasiljac.R_outw[6]          CK                odasiljac.clk_pll_c     Gated clock either has NO DRIVER or has MULTIPLE DRIVERS
odasiljac.R_outw[5]          CK                odasiljac.clk_pll_c     Gated clock either has NO DRIVER or has MULTIPLE DRIVERS
odasiljac.R_outw[4]          CK                odasiljac.clk_pll_c     Gated clock either has NO DRIVER or has MULTIPLE DRIVERS
odasiljac.R_outw[3]          CK                odasiljac.clk_pll_c     Gated clock either has NO DRIVER or has MULTIPLE DRIVERS
odasiljac.R_outw[2]          CK                odasiljac.clk_pll_c     Gated clock either has NO DRIVER or has MULTIPLE DRIVERS
odasiljac.R_phase_acc[7]     CK                odasiljac.clk_pll_c     Gated clock either has NO DRIVER or has MULTIPLE DRIVERS
odasiljac.R_phase_acc[6]     CK                odasiljac.clk_pll_c     Gated clock either has NO DRIVER or has MULTIPLE DRIVERS
odasiljac.R_phase_acc[5]     CK                odasiljac.clk_pll_c     Gated clock either has NO DRIVER or has MULTIPLE DRIVERS
odasiljac.R_phase_acc[4]     CK                odasiljac.clk_pll_c     Gated clock either has NO DRIVER or has MULTIPLE DRIVERS
odasiljac.R_phase_acc[3]     CK                odasiljac.clk_pll_c     Gated clock either has NO DRIVER or has MULTIPLE DRIVERS
odasiljac.R_phase_acc[2]     CK                odasiljac.clk_pll_c     Gated clock either has NO DRIVER or has MULTIPLE DRIVERS
odasiljac.R_phase_acc[1]     CK                odasiljac.clk_pll_c     Gated clock either has NO DRIVER or has MULTIPLE DRIVERS
odasiljac.R_phase_acc[0]     CK                odasiljac.clk_pll_c     Gated clock either has NO DRIVER or has MULTIPLE DRIVERS
odasiljac.R_speed_acc[4]     CK                odasiljac.clk_pll_c     Gated clock either has NO DRIVER or has MULTIPLE DRIVERS
odasiljac.R_speed_acc[3]     CK                odasiljac.clk_pll_c     Gated clock either has NO DRIVER or has MULTIPLE DRIVERS
odasiljac.R_speed_acc[2]     CK                odasiljac.clk_pll_c     Gated clock either has NO DRIVER or has MULTIPLE DRIVERS
odasiljac.R_speed_acc[1]     CK                odasiljac.clk_pll_c     Gated clock either has NO DRIVER or has MULTIPLE DRIVERS
odasiljac.R_speed_acc[0]     CK                odasiljac.clk_pll_c     Gated clock either has NO DRIVER or has MULTIPLE DRIVERS
odasiljac_R_fm_incio[18]     SCLK              odasiljac.clk_pll_c     Gated clock either has NO DRIVER or has MULTIPLE DRIVERS
odasiljac_R_fm_incio[8]      SCLK              odasiljac.clk_pll_c     Gated clock either has NO DRIVER or has MULTIPLE DRIVERS
===============================================================================================================================

================= End gated clock report =================


Finished Writing Gated Clock Conversion Report (Time elapsed 0h:00m:02s; Memory used current: 138MB peak: 140MB)


Starting Writing Generated Clock Conversion Report (Time elapsed 0h:00m:02s; Memory used current: 138MB peak: 140MB)

@N: MF333 |Generated clock conversion enabled, but no generated clocks found in design 

Finished Writing Generated Clock Conversion Report (Time elapsed 0h:00m:02s; Memory used current: 138MB peak: 140MB)

@W: MT246 :"c:\users\dr.chernobyl\desktop\lab6 tenk\lab6tenk\source\rf_modulator.vhd":149:4:149:12|Blackbox EPLLD1 is missing a user supplied timing model. This may have a negative effect on timing analysis and optimizations (Quality of Results) 
@W: MT420 |Found inferred clock tenk_toplevel|clk_25m with period 5.00ns. Please declare a user-defined clock on object "p:clk_25m"

@W: MT420 |Found inferred clock rf_modulator|clk_pll_inferred_clock with period 5.00ns. Please declare a user-defined clock on object "n:odasiljac.clk_pll"



##### START OF TIMING REPORT #####[
# Timing Report written on Fri Jan 24 02:21:11 2014
#


Top view:               tenk_toplevel
Requested Frequency:    200.0 MHz
Wire load mode:         top
Paths requested:        3
Constraint File(s):    
@N: MT320 |Timing report estimates place and route data. Please look at the place and route timing report for final timing.


Performance Summary 
*******************


Worst slack in design: -1.216

                                        Requested     Estimated     Requested     Estimated                Clock        Clock              
Starting Clock                          Frequency     Frequency     Period        Period        Slack      Type         Group              
-------------------------------------------------------------------------------------------------------------------------------------------
rf_modulator|clk_pll_inferred_clock     200.0 MHz     160.9 MHz     5.000         6.216         -1.216     inferred     Inferred_clkgroup_1
tenk_toplevel|clk_25m                   200.0 MHz     179.4 MHz     5.000         5.574         -0.574     inferred     Inferred_clkgroup_0
System                                  200.0 MHz     190.7 MHz     5.000         5.245         -0.245     system       system_clkgroup    
===========================================================================================================================================





Clock Relationships
*******************

Clocks                                                                    |    rise  to  rise    |    fall  to  fall   |    rise  to  fall   |    fall  to  rise 
-----------------------------------------------------------------------------------------------------------------------------------------------------------------
Starting                             Ending                               |  constraint  slack   |  constraint  slack  |  constraint  slack  |  constraint  slack
-----------------------------------------------------------------------------------------------------------------------------------------------------------------
System                               tenk_toplevel|clk_25m                |  5.000       -0.245  |  No paths    -      |  No paths    -      |  No paths    -    
System                               rf_modulator|clk_pll_inferred_clock  |  5.000       1.635   |  No paths    -      |  No paths    -      |  No paths    -    
tenk_toplevel|clk_25m                System                               |  5.000       1.842   |  No paths    -      |  No paths    -      |  No paths    -    
tenk_toplevel|clk_25m                tenk_toplevel|clk_25m                |  5.000       -0.574  |  No paths    -      |  No paths    -      |  No paths    -    
tenk_toplevel|clk_25m                rf_modulator|clk_pll_inferred_clock  |  Diff grp    -       |  No paths    -      |  No paths    -      |  No paths    -    
rf_modulator|clk_pll_inferred_clock  System                               |  5.000       1.927   |  No paths    -      |  No paths    -      |  No paths    -    
rf_modulator|clk_pll_inferred_clock  rf_modulator|clk_pll_inferred_clock  |  5.000       -1.216  |  No paths    -      |  No paths    -      |  No paths    -    
=================================================================================================================================================================
 Note: 'No paths' indicates there are no paths in the design for that pair of clock edges.
       'Diff grp' indicates that paths exist but the starting clock and ending clock are in different clock groups.



Interface Information 
*********************



Input Ports: 

Port           Starting            User           Arrival     Required           
Name           Reference           Constraint     Time        Time         Slack 
               Clock                                                             
---------------------------------------------------------------------------------
btn_center     NA                  NA             NA          NA           NA    
btn_down       System (rising)     NA             0.000       0.667        0.667 
btn_up         System (rising)     NA             0.000       -0.245       -0.245
clk_25m        NA                  NA             NA          NA           NA    
sw[0]          System (rising)     NA             0.000       1.635        1.635 
sw[1]          System (rising)     NA             0.000       1.635        1.635 
=================================================================================


Output Ports: 

Port         Starting                                         User           Arrival     Required          
Name         Reference                                        Constraint     Time        Time         Slack
             Clock                                                                                         
-----------------------------------------------------------------------------------------------------------
led[0]       tenk_toplevel|clk_25m (rising)                   NA             3.130       5.000        1.870
led[1]       tenk_toplevel|clk_25m (rising)                   NA             3.148       5.000        1.852
led[2]       tenk_toplevel|clk_25m (rising)                   NA             3.158       5.000        1.842
led[3]       tenk_toplevel|clk_25m (rising)                   NA             3.092       5.000        1.908
led[4]       tenk_toplevel|clk_25m (rising)                   NA             3.092       5.000        1.908
led[5]       tenk_toplevel|clk_25m (rising)                   NA             3.092       5.000        1.908
led[6]       tenk_toplevel|clk_25m (rising)                   NA             3.092       5.000        1.908
led[7]       tenk_toplevel|clk_25m (rising)                   NA             3.026       5.000        1.974
p_ring       rf_modulator|clk_pll_inferred_clock (rising)     NA             3.073       5.000        1.927
p_tip[0]     rf_modulator|clk_pll_inferred_clock (rising)     NA             3.073       5.000        1.927
p_tip[1]     rf_modulator|clk_pll_inferred_clock (rising)     NA             3.073       5.000        1.927
p_tip[2]     rf_modulator|clk_pll_inferred_clock (rising)     NA             3.073       5.000        1.927
p_tip[3]     rf_modulator|clk_pll_inferred_clock (rising)     NA             3.073       5.000        1.927
===========================================================================================================


##### END OF TIMING REPORT #####]

---------------------------------------
Resource Usage Report
Part: lfxp2_5e-5

Register bits: 145 of 4752 (3%)
PIC Latch:       0
I/O cells:       18


Details:
CCU2B:          56
FD1P3AX:        53
FD1S3AX:        80
FD1S3IX:        8
FD1S3JX:        2
GSR:            1
IB:             5
IFS1P3DX:       1
IFS1P3JX:       1
INV:            3
OB:             13
ORCALUT4:       150
PFUMX:          2
PUR:            1
VHI:            1
VLO:            1
false:          3
true:           3
Mapper successful!

At Mapper Exit (Time elapsed 0h:00m:02s; Memory used current: 43MB peak: 140MB)

Process took 0h:00m:02s realtime, 0h:00m:02s cputime
# Fri Jan 24 02:21:11 2014

###########################################################]


Synthesis exit by 0.

edif2ngd  -l "LatticeXP2" -d LFXP2-5E -path "C:/Users/dr.Chernobyl/Desktop/lab6 tenk/lab6tenk" -path "C:/Users/dr.Chernobyl/Desktop/lab6 tenk"  "C:/Users/dr.Chernobyl/Desktop/lab6 tenk/lab6tenk/lab6tenk_lab6tenk.edi" "lab6tenk_lab6tenk.ngo"   
edif2ngd:  version Diamond (64-bit) 2.0.1.184
Copyright (c) 1991-1994 by NeoCAD Inc. All rights reserved.
     Copyright (c) 1995 AT&T Corp.   All rights reserved.
     Copyright (c) 1995-2001 Lucent Technologies Inc.  All rights reserved.
     Copyright (c) 2001 Agere Systems   All rights reserved.
     Copyright (c) 2002-2012 Lattice Semiconductor Corporation,  All rights reserved.
Writing the design to lab6tenk_lab6tenk.ngo...

ngdbuild  -a "LatticeXP2" -d LFXP2-5E  -p "C:/lscc/diamond/2.0/ispfpga/mg5a00/data"  -p "C:/Users/dr.Chernobyl/Desktop/lab6 tenk/lab6tenk" -p "C:/Users/dr.Chernobyl/Desktop/lab6 tenk"  "lab6tenk_lab6tenk.ngo" "lab6tenk_lab6tenk.ngd"  	
ngdbuild:  version Diamond (64-bit) 2.0.1.184
Copyright (c) 1991-1994 by NeoCAD Inc. All rights reserved.
     Copyright (c) 1995 AT&T Corp.   All rights reserved.
     Copyright (c) 1995-2001 Lucent Technologies Inc.  All rights reserved.
     Copyright (c) 2001 Agere Systems   All rights reserved.
     Copyright (c) 2002-2012 Lattice Semiconductor Corporation,  All rights reserved.
Reading 'lab6tenk_lab6tenk.ngo' ...
Loading NGL library 'C:/lscc/diamond/2.0/ispfpga/mg5a00/data/mg5alib.ngl'...
Loading NGL library 'C:/lscc/diamond/2.0/ispfpga/ep5a00/data/ep5alib.ngl'...
Loading NGL library 'C:/lscc/diamond/2.0/ispfpga/ep5g00/data/ep5glib.ngl'...
Loading NGL library 'C:/lscc/diamond/2.0/ispfpga/or5g00/data/orc5glib.ngl'...

Running DRC...
WARNING - ngdbuild: logical net 'odasiljac/un93_r_clk_acc_1_s_15_0_COUT' has no load
WARNING - ngdbuild: logical net 'odasiljac/un93_r_clk_acc_1_s_15_0_S1' has no load
WARNING - ngdbuild: logical net 'odasiljac/un93_r_clk_acc_1_cry_0_0_S0' has no load
WARNING - ngdbuild: logical net 'odasiljac/un93_r_clk_acc_1_cry_0_0_S1' has no load
WARNING - ngdbuild: logical net 'odasiljac/r_fm_acc_s_27_0_COUT' has no load
WARNING - ngdbuild: logical net 'odasiljac/r_fm_acc_s_27_0_S1' has no load
WARNING - ngdbuild: logical net 'odasiljac/r_fm_acc_cry_0_0_S0' has no load
WARNING - ngdbuild: logical net 'odasiljac/r_fm_acc_cry_0_0_S1' has no load
WARNING - ngdbuild: logical net 'odasiljac/R_speed_acc_cry_0_COUT[3]' has no load
WARNING - ngdbuild: logical net 'odasiljac/R_speed_acc_cry_0_S0[0]' has no load
WARNING - ngdbuild: logical net 'odasiljac/CLKOS' has no load
WARNING - ngdbuild: logical net 'odasiljac/CLKOK' has no load
WARNING - ngdbuild: logical net 'odasiljac/LOCK' has no load
WARNING - ngdbuild: logical net 'odasiljac/CLKINTFB' has no load
WARNING - ngdbuild: logical net 'automat/R_stanje_cry_0_COUT[5]' has no load
WARNING - ngdbuild: logical net 'automat/R_stanje_cry_0_S0[0]' has no load
WARNING - ngdbuild: logical net 'un2_r_clk_div_1_cry_0_0_S0' has no load
WARNING - ngdbuild: logical net 'un2_r_clk_div_1_cry_0_0_S1' has no load
WARNING - ngdbuild: logical net 'un2_r_clk_div_1_cry_1_0_S0' has no load
WARNING - ngdbuild: logical net 'un2_r_clk_div_1_cry_1_0_S1' has no load
WARNING - ngdbuild: logical net 'un2_r_clk_div_1_cry_3_0_S0' has no load
WARNING - ngdbuild: logical net 'un2_r_clk_div_1_cry_3_0_S1' has no load
WARNING - ngdbuild: logical net 'un2_r_clk_div_1_cry_5_0_S0' has no load
WARNING - ngdbuild: logical net 'un2_r_clk_div_1_cry_5_0_S1' has no load
WARNING - ngdbuild: logical net 'un2_r_clk_div_1_cry_7_0_S0' has no load
WARNING - ngdbuild: logical net 'un2_r_clk_div_1_cry_7_0_S1' has no load
WARNING - ngdbuild: logical net 'un2_r_clk_div_1_cry_9_0_S0' has no load
WARNING - ngdbuild: logical net 'un2_r_clk_div_1_cry_9_0_S1' has no load
WARNING - ngdbuild: logical net 'un2_r_clk_div_1_cry_11_0_S0' has no load
WARNING - ngdbuild: logical net 'un2_r_clk_div_1_cry_11_0_S1' has no load
WARNING - ngdbuild: logical net 'un2_r_clk_div_1_cry_13_0_S0' has no load
WARNING - ngdbuild: logical net 'un2_r_clk_div_1_cry_13_0_S1' has no load
WARNING - ngdbuild: logical net 'un2_r_clk_div_1_cry_15_0_S0' has no load
WARNING - ngdbuild: logical net 'un2_r_clk_div_1_cry_15_0_S1' has no load
WARNING - ngdbuild: logical net 'un2_r_clk_div_1_cry_17_0_S0' has no load
WARNING - ngdbuild: logical net 'un2_r_clk_div_1_cry_17_0_S1' has no load
WARNING - ngdbuild: logical net 'un2_r_clk_div_1_cry_19_0_S0' has no load
WARNING - ngdbuild: logical net 'un2_r_clk_div_1_cry_19_0_S1' has no load
WARNING - ngdbuild: logical net 'un2_r_clk_div_1_cry_21_0_S0' has no load
WARNING - ngdbuild: logical net 'un2_r_clk_div_1_cry_21_0_S1' has no load
WARNING - ngdbuild: logical net 'un2_r_clk_div_1_s_23_0_S1' has no load
WARNING - ngdbuild: logical net 'un2_r_clk_div_1_s_23_0_COUT' has no load
WARNING - ngdbuild: logical net 'un2_r_clk_div_cry_0_0_S0' has no load
WARNING - ngdbuild: logical net 'un2_r_clk_div_cry_0_0_S1' has no load
WARNING - ngdbuild: logical net 'un2_r_clk_div_cry_21_0_COUT' has no load
WARNING - ngdbuild: logical net 'btn_center' has no load
WARNING - ngdbuild: DRC complete with 46 warnings

Design Results:
    378 blocks expanded
complete the first expansion
Writing 'lab6tenk_lab6tenk.ngd' ...

map -a "LatticeXP2" -p LFXP2-5E -t TQFP144 -s 5 -oc Commercial  "lab6tenk_lab6tenk.ngd" -o "lab6tenk_lab6tenk_map.ncd" -pr "lab6tenk_lab6tenk.prf" -mp "lab6tenk_lab6tenk.mrp" "C:/Users/dr.Chernobyl/Desktop/lab6 tenk/lab6tenk/source/ulx2s.lpf"             
map:  version Diamond (64-bit) 2.0.1.184
Copyright (c) 1991-1994 by NeoCAD Inc. All rights reserved.
     Copyright (c) 1995 AT&T Corp.   All rights reserved.
     Copyright (c) 1995-2001 Lucent Technologies Inc.  All rights reserved.
     Copyright (c) 2001 Agere Systems   All rights reserved.
     Copyright (c) 2002-2012 Lattice Semiconductor Corporation,  All rights reserved.
   Process the file: lab6tenk_lab6tenk.ngd
   Picdevice="LFXP2-5E"
   Pictype="TQFP144"
   Picspeed=5
   Remove unused logic
   Do not produce over sized NCDs.
Part used: LFXP2-5ETQFP144, Performance used: 5.
WARNING - map: C:/Users/dr.Chernobyl/Desktop/lab6 tenk/lab6tenk/source/ulx2s.lpf (18): Error in LOCATE COMP "rs232_rx" SITE "10" ;
     : COMP "rs232_rx" not found in design. Disabled this preference.
WARNING - map: C:/Users/dr.Chernobyl/Desktop/lab6 tenk/lab6tenk/source/ulx2s.lpf (19): Error in LOCATE COMP "rs232_tx" SITE "137" ;
     : COMP "rs232_tx" not found in design. Disabled this preference.
WARNING - map: C:/Users/dr.Chernobyl/Desktop/lab6 tenk/lab6tenk/source/ulx2s.lpf (34): Error in LOCATE COMP "sw_2" SITE "129" ;
     : COMP "sw_2" not found in design. Disabled this preference.
WARNING - map: C:/Users/dr.Chernobyl/Desktop/lab6 tenk/lab6tenk/source/ulx2s.lpf (35): Error in LOCATE COMP "sw_3" SITE "130" ;
     : COMP "sw_3" not found in design. Disabled this preference.
WARNING - map: C:/Users/dr.Chernobyl/Desktop/lab6 tenk/lab6tenk/source/ulx2s.lpf (40): Error in LOCATE COMP "btn_left" SITE "2" ;
     : COMP "btn_left" not found in design. Disabled this preference.
WARNING - map: C:/Users/dr.Chernobyl/Desktop/lab6 tenk/lab6tenk/source/ulx2s.lpf (41): Error in LOCATE COMP "btn_right" SITE "38" ;
     : COMP "btn_right" not found in design. Disabled this preference.
WARNING - map: C:/Users/dr.Chernobyl/Desktop/lab6 tenk/lab6tenk/source/ulx2s.lpf (52): Error in LOCATE COMP "flash_cen" SITE "13" ;
     : COMP "flash_cen" not found in design. Disabled this preference.
WARNING - map: C:/Users/dr.Chernobyl/Desktop/lab6 tenk/lab6tenk/source/ulx2s.lpf (53): Error in LOCATE COMP "flash_sck" SITE "16" ;
     : COMP "flash_sck" not found in design. Disabled this preference.
WARNING - map: C:/Users/dr.Chernobyl/Desktop/lab6 tenk/lab6tenk/source/ulx2s.lpf (54): Error in LOCATE COMP "flash_si" SITE "19" ;
     : COMP "flash_si" not found in design. Disabled this preference.
WARNING - map: C:/Users/dr.Chernobyl/Desktop/lab6 tenk/lab6tenk/source/ulx2s.lpf (55): Error in LOCATE COMP "flash_so" SITE "18" ;
     : COMP "flash_so" not found in design. Disabled this preference.
WARNING - map: C:/Users/dr.Chernobyl/Desktop/lab6 tenk/lab6tenk/source/ulx2s.lpf (58): Error in LOCATE COMP "sdcard_cen" SITE "15" ;
     : COMP "sdcard_cen" not found in design. Disabled this preference.
WARNING - map: C:/Users/dr.Chernobyl/Desktop/lab6 tenk/lab6tenk/source/ulx2s.lpf (59): Error in LOCATE COMP "sdcard_sck" SITE "20" ;
     : COMP "sdcard_sck" not found in design. Disabled this preference.
WARNING - map: C:/Users/dr.Chernobyl/Desktop/lab6 tenk/lab6tenk/source/ulx2s.lpf (60): Error in LOCATE COMP "sdcard_si" SITE "17" ;
     : COMP "sdcard_si" not found in design. Disabled this preference.
WARNING - map: C:/Users/dr.Chernobyl/Desktop/lab6 tenk/lab6tenk/source/ulx2s.lpf (61): Error in LOCATE COMP "sdcard_so" SITE "21" ;
     : COMP "sdcard_so" not found in design. Disabled this preference.
WARNING - map: C:/Users/dr.Chernobyl/Desktop/lab6 tenk/lab6tenk/source/ulx2s.lpf (64): Error in LOCATE COMP "sram_wel" SITE "93" ;
     : COMP "sram_wel" not found in design. Disabled this preference.
WARNING - map: C:/Users/dr.Chernobyl/Desktop/lab6 tenk/lab6tenk/source/ulx2s.lpf (65): Error in LOCATE COMP "sram_lbl" SITE "120" ;
     : COMP "sram_lbl" not found in design. Disabled this preference.
WARNING - map: C:/Users/dr.Chernobyl/Desktop/lab6 tenk/lab6tenk/source/ulx2s.lpf (66): Error in LOCATE COMP "sram_ubl" SITE "121" ;
     : COMP "sram_ubl" not found in design. Disabled this preference.
WARNING - map: C:/Users/dr.Chernobyl/Desktop/lab6 tenk/lab6tenk/source/ulx2s.lpf (67): Error in LOCATE COMP "sram_a_0" SITE "101" ;
     : COMP "sram_a_0" not found in design. Disabled this preference.
WARNING - map: C:/Users/dr.Chernobyl/Desktop/lab6 tenk/lab6tenk/source/ulx2s.lpf (68): Error in LOCATE COMP "sram_a_1" SITE "103" ;
     : COMP "sram_a_1" not found in design. Disabled this preference.
WARNING - map: C:/Users/dr.Chernobyl/Desktop/lab6 tenk/lab6tenk/source/ulx2s.lpf (69): Error in LOCATE COMP "sram_a_2" SITE "104" ;
     : COMP "sram_a_2" not found in design. Disabled this preference.
WARNING - map: C:/Users/dr.Chernobyl/Desktop/lab6 tenk/lab6tenk/source/ulx2s.lpf (70): Error in LOCATE COMP "sram_a_3" SITE "107" ;
     : COMP "sram_a_3" not found in design. Disabled this preference.
WARNING - map: C:/Users/dr.Chernobyl/Desktop/lab6 tenk/lab6tenk/source/ulx2s.lpf (71): Error in LOCATE COMP "sram_a_4" SITE "108" ;
     : COMP "sram_a_4" not found in design. Disabled this preference.
WARNING - map: C:/Users/dr.Chernobyl/Desktop/lab6 tenk/lab6tenk/source/ulx2s.lpf (72): Error in LOCATE COMP "sram_a_5" SITE "125" ;
     : COMP "sram_a_5" not found in design. Disabled this preference.
WARNING - map: C:/Users/dr.Chernobyl/Desktop/lab6 tenk/lab6tenk/source/ulx2s.lpf (73): Error in LOCATE COMP "sram_a_6" SITE "127" ;
     : COMP "sram_a_6" not found in design. Disabled this preference.
WARNING - map: C:/Users/dr.Chernobyl/Desktop/lab6 tenk/lab6tenk/source/ulx2s.lpf (74): Error in LOCATE COMP "sram_a_7" SITE "122" ;
     : COMP "sram_a_7" not found in design. Disabled this preference.
WARNING - map: C:/Users/dr.Chernobyl/Desktop/lab6 tenk/lab6tenk/source/ulx2s.lpf (75): Error in LOCATE COMP "sram_a_8" SITE "58" ;
     : COMP "sram_a_8" not found in design. Disabled this preference.
WARNING - map: C:/Users/dr.Chernobyl/Desktop/lab6 tenk/lab6tenk/source/ulx2s.lpf (76): Error in LOCATE COMP "sram_a_9" SITE "53" ;
     : COMP "sram_a_9" not found in design. Disabled this preference.
WARNING - map: C:/Users/dr.Chernobyl/Desktop/lab6 tenk/lab6tenk/source/ulx2s.lpf (77): Error in LOCATE COMP "sram_a_10" SITE "54" ;
     : COMP "sram_a_10" not found in design. Disabled this preference.
WARNING - map: C:/Users/dr.Chernobyl/Desktop/lab6 tenk/lab6tenk/source/ulx2s.lpf (78): Error in LOCATE COMP "sram_a_11" SITE "55" ;
     : COMP "sram_a_11" not found in design. Disabled this preference.
WARNING - map: C:/Users/dr.Chernobyl/Desktop/lab6 tenk/lab6tenk/source/ulx2s.lpf (79): Error in LOCATE COMP "sram_a_12" SITE "56" ;
     : COMP "sram_a_12" not found in design. Disabled this preference.
WARNING - map: C:/Users/dr.Chernobyl/Desktop/lab6 tenk/lab6tenk/source/ulx2s.lpf (80): Error in LOCATE COMP "sram_a_13" SITE "57" ;
     : COMP "sram_a_13" not found in design. Disabled this preference.
WARNING - map: C:/Users/dr.Chernobyl/Desktop/lab6 tenk/lab6tenk/source/ulx2s.lpf (81): Error in LOCATE COMP "sram_a_14" SITE "73" ;
     : COMP "sram_a_14" not found in design. Disabled this preference.
WARNING - map: C:/Users/dr.Chernobyl/Desktop/lab6 tenk/lab6tenk/source/ulx2s.lpf (82): Error in LOCATE COMP "sram_a_15" SITE "74" ;
     : COMP "sram_a_15" not found in design. Disabled this preference.
WARNING - map: C:/Users/dr.Chernobyl/Desktop/lab6 tenk/lab6tenk/source/ulx2s.lpf (83): Error in LOCATE COMP "sram_a_16" SITE "77" ;
     : COMP "sram_a_16" not found in design. Disabled this preference.
WARNING - map: C:/Users/dr.Chernobyl/Desktop/lab6 tenk/lab6tenk/source/ulx2s.lpf (84): Error in LOCATE COMP "sram_a_17" SITE "78" ;
     : COMP "sram_a_17" not found in design. Disabled this preference.
WARNING - map: C:/Users/dr.Chernobyl/Desktop/lab6 tenk/lab6tenk/source/ulx2s.lpf (85): Error in LOCATE COMP "sram_a_18" SITE "94" ;
     : COMP "sram_a_18" not found in design. Disabled this preference.
WARNING - map: C:/Users/dr.Chernobyl/Desktop/lab6 tenk/lab6tenk/source/ulx2s.lpf (86): Error in LOCATE COMP "sram_d_0" SITE "98" ;
     : COMP "sram_d_0" not found in design. Disabled this preference.
WARNING - map: C:/Users/dr.Chernobyl/Desktop/lab6 tenk/lab6tenk/source/ulx2s.lpf (87): Error in LOCATE COMP "sram_d_1" SITE "96" ;
     : COMP "sram_d_1" not found in design. Disabled this preference.
WARNING - map: C:/Users/dr.Chernobyl/Desktop/lab6 tenk/lab6tenk/source/ulx2s.lpf (88): Error in LOCATE COMP "sram_d_2" SITE "92" ;
     : COMP "sram_d_2" not found in design. Disabled this preference.
WARNING - map: C:/Users/dr.Chernobyl/Desktop/lab6 tenk/lab6tenk/source/ulx2s.lpf (89): Error in LOCATE COMP "sram_d_3" SITE "91" ;
     : COMP "sram_d_3" not found in design. Disabled this preference.
WARNING - map: C:/Users/dr.Chernobyl/Desktop/lab6 tenk/lab6tenk/source/ulx2s.lpf (90): Error in LOCATE COMP "sram_d_4" SITE "89" ;
     : COMP "sram_d_4" not found in design. Disabled this preference.
WARNING - map: C:/Users/dr.Chernobyl/Desktop/lab6 tenk/lab6tenk/source/ulx2s.lpf (91): Error in LOCATE COMP "sram_d_5" SITE "88" ;
     : COMP "sram_d_5" not found in design. Disabled this preference.
WARNING - map: C:/Users/dr.Chernobyl/Desktop/lab6 tenk/lab6tenk/source/ulx2s.lpf (92): Error in LOCATE COMP "sram_d_6" SITE "87" ;
     : COMP "sram_d_6" not found in design. Disabled this preference.
WARNING - map: C:/Users/dr.Chernobyl/Desktop/lab6 tenk/lab6tenk/source/ulx2s.lpf (93): Error in LOCATE COMP "sram_d_7" SITE "90" ;
     : COMP "sram_d_7" not found in design. Disabled this preference.
WARNING - map: C:/Users/dr.Chernobyl/Desktop/lab6 tenk/lab6tenk/source/ulx2s.lpf (94): Error in LOCATE COMP "sram_d_8" SITE "61" ;
     : COMP "sram_d_8" not found in design. Disabled this preference.
WARNING - map: C:/Users/dr.Chernobyl/Desktop/lab6 tenk/lab6tenk/source/ulx2s.lpf (95): Error in LOCATE COMP "sram_d_9" SITE "62" ;
     : COMP "sram_d_9" not found in design. Disabled this preference.
WARNING - map: C:/Users/dr.Chernobyl/Desktop/lab6 tenk/lab6tenk/source/ulx2s.lpf (96): Error in LOCATE COMP "sram_d_10" SITE "99" ;
     : COMP "sram_d_10" not found in design. Disabled this preference.
WARNING - map: C:/Users/dr.Chernobyl/Desktop/lab6 tenk/lab6tenk/source/ulx2s.lpf (97): Error in LOCATE COMP "sram_d_11" SITE "100" ;
     : COMP "sram_d_11" not found in design. Disabled this preference.
WARNING - map: C:/Users/dr.Chernobyl/Desktop/lab6 tenk/lab6tenk/source/ulx2s.lpf (98): Error in LOCATE COMP "sram_d_12" SITE "102" ;
     : COMP "sram_d_12" not found in design. Disabled this preference.
WARNING - map: C:/Users/dr.Chernobyl/Desktop/lab6 tenk/lab6tenk/source/ulx2s.lpf (99): Error in LOCATE COMP "sram_d_13" SITE "113" ;
     : COMP "sram_d_13" not found in design. Disabled this preference.
WARNING - map: C:/Users/dr.Chernobyl/Desktop/lab6 tenk/lab6tenk/source/ulx2s.lpf (100): Error in LOCATE COMP "sram_d_14" SITE "116" ;
     : COMP "sram_d_14" not found in design. Disabled this preference.
WARNING - map: C:/Users/dr.Chernobyl/Desktop/lab6 tenk/lab6tenk/source/ulx2s.lpf (101): Error in LOCATE COMP "sram_d_15" SITE "119" ;
     : COMP "sram_d_15" not found in design. Disabled this preference.
WARNING - map: C:/Users/dr.Chernobyl/Desktop/lab6 tenk/lab6tenk/source/ulx2s.lpf (105): Error in LOCATE COMP "j1_2" SITE "131" ;
     : COMP "j1_2" not found in design. Disabled this preference.
WARNING - map: C:/Users/dr.Chernobyl/Desktop/lab6 tenk/lab6tenk/source/ulx2s.lpf (106): Error in LOCATE COMP "j1_3" SITE "134" ;
     : COMP "j1_3" not found in design. Disabled this preference.
WARNING - map: C:/Users/dr.Chernobyl/Desktop/lab6 tenk/lab6tenk/source/ulx2s.lpf (107): Error in LOCATE COMP "j1_4" SITE "9" ;
     : COMP "j1_4" not found in design. Disabled this preference.
WARNING - map: C:/Users/dr.Chernobyl/Desktop/lab6 tenk/lab6tenk/source/ulx2s.lpf (108): Error in LOCATE COMP "j1_5" SITE "138" ;
     : COMP "j1_5" not found in design. Disabled this preference.
WARNING - map: C:/Users/dr.Chernobyl/Desktop/lab6 tenk/lab6tenk/source/ulx2s.lpf (109): Error in LOCATE COMP "j1_6" SITE "6" ;
     : COMP "j1_6" not found in design. Disabled this preference.
WARNING - map: C:/Users/dr.Chernobyl/Desktop/lab6 tenk/lab6tenk/source/ulx2s.lpf (110): Error in LOCATE COMP "j1_7" SITE "5" ;
     : COMP "j1_7" not found in design. Disabled this preference.
WARNING - map: C:/Users/dr.Chernobyl/Desktop/lab6 tenk/lab6tenk/source/ulx2s.lpf (111): Error in LOCATE COMP "j1_8" SITE "8" ;
     : COMP "j1_8" not found in design. Disabled this preference.
WARNING - map: C:/Users/dr.Chernobyl/Desktop/lab6 tenk/lab6tenk/source/ulx2s.lpf (112): Error in LOCATE COMP "j1_9" SITE "7" ;
     : COMP "j1_9" not found in design. Disabled this preference.
WARNING - map: C:/Users/dr.Chernobyl/Desktop/lab6 tenk/lab6tenk/source/ulx2s.lpf (113): Error in LOCATE COMP "j1_10" SITE "1" ;
     : COMP "j1_10" not found in design. Disabled this preference.
WARNING - map: C:/Users/dr.Chernobyl/Desktop/lab6 tenk/lab6tenk/source/ulx2s.lpf (114): Error in LOCATE COMP "j1_11" SITE "2" ;
     : COMP "j1_11" not found in design. Disabled this preference.
WARNING - map: C:/Users/dr.Chernobyl/Desktop/lab6 tenk/lab6tenk/source/ulx2s.lpf (115): Error in LOCATE COMP "j1_12" SITE "144" ;
     : COMP "j1_12" not found in design. Disabled this preference.
WARNING - map: C:/Users/dr.Chernobyl/Desktop/lab6 tenk/lab6tenk/source/ulx2s.lpf (116): Error in LOCATE COMP "j1_13" SITE "143" ;
     : COMP "j1_13" not found in design. Disabled this preference.
WARNING - map: C:/Users/dr.Chernobyl/Desktop/lab6 tenk/lab6tenk/source/ulx2s.lpf (117): Error in LOCATE COMP "j1_14" SITE "142" ;
     : COMP "j1_14" not found in design. Disabled this preference.
WARNING - map: C:/Users/dr.Chernobyl/Desktop/lab6 tenk/lab6tenk/source/ulx2s.lpf (118): Error in LOCATE COMP "j1_15" SITE "141" ;
     : COMP "j1_15" not found in design. Disabled this preference.
WARNING - map: C:/Users/dr.Chernobyl/Desktop/lab6 tenk/lab6tenk/source/ulx2s.lpf (119): Error in LOCATE COMP "j1_16" SITE "133" ;
     : COMP "j1_16" not found in design. Disabled this preference.
WARNING - map: C:/Users/dr.Chernobyl/Desktop/lab6 tenk/lab6tenk/source/ulx2s.lpf (120): Error in LOCATE COMP "j1_17" SITE "132" ;
     : COMP "j1_17" not found in design. Disabled this preference.
WARNING - map: C:/Users/dr.Chernobyl/Desktop/lab6 tenk/lab6tenk/source/ulx2s.lpf (121): Error in LOCATE COMP "j1_19" SITE "123" ;
     : COMP "j1_19" not found in design. Disabled this preference.
WARNING - map: C:/Users/dr.Chernobyl/Desktop/lab6 tenk/lab6tenk/source/ulx2s.lpf (122): Error in LOCATE COMP "j1_18" SITE "124" ;
     : COMP "j1_18" not found in design. Disabled this preference.
WARNING - map: C:/Users/dr.Chernobyl/Desktop/lab6 tenk/lab6tenk/source/ulx2s.lpf (123): Error in LOCATE COMP "j1_20" SITE "115" ;
     : COMP "j1_20" not found in design. Disabled this preference.
WARNING - map: C:/Users/dr.Chernobyl/Desktop/lab6 tenk/lab6tenk/source/ulx2s.lpf (124): Error in LOCATE COMP "j1_21" SITE "114" ;
     : COMP "j1_21" not found in design. Disabled this preference.
WARNING - map: C:/Users/dr.Chernobyl/Desktop/lab6 tenk/lab6tenk/source/ulx2s.lpf (125): Error in LOCATE COMP "j1_22" SITE "110" ;
     : COMP "j1_22" not found in design. Disabled this preference.
WARNING - map: C:/Users/dr.Chernobyl/Desktop/lab6 tenk/lab6tenk/source/ulx2s.lpf (126): Error in LOCATE COMP "j1_23" SITE "109" ;
     : COMP "j1_23" not found in design. Disabled this preference.
WARNING - map: C:/Users/dr.Chernobyl/Desktop/lab6 tenk/lab6tenk/source/ulx2s.lpf (131): Error in LOCATE COMP "j2_2" SITE "72" ;
     : COMP "j2_2" not found in design. Disabled this preference.
WARNING - map: C:/Users/dr.Chernobyl/Desktop/lab6 tenk/lab6tenk/source/ulx2s.lpf (132): Error in LOCATE COMP "j2_3" SITE "71" ;
     : COMP "j2_3" not found in design. Disabled this preference.
WARNING - map: C:/Users/dr.Chernobyl/Desktop/lab6 tenk/lab6tenk/source/ulx2s.lpf (133): Error in LOCATE COMP "j2_4" SITE "70" ;
     : COMP "j2_4" not found in design. Disabled this preference.
WARNING - map: C:/Users/dr.Chernobyl/Desktop/lab6 tenk/lab6tenk/source/ulx2s.lpf (134): Error in LOCATE COMP "j2_5" SITE "69" ;
     : COMP "j2_5" not found in design. Disabled this preference.
WARNING - map: C:/Users/dr.Chernobyl/Desktop/lab6 tenk/lab6tenk/source/ulx2s.lpf (135): Error in LOCATE COMP "j2_6" SITE "66" ;
     : COMP "j2_6" not found in design. Disabled this preference.
WARNING - map: C:/Users/dr.Chernobyl/Desktop/lab6 tenk/lab6tenk/source/ulx2s.lpf (136): Error in LOCATE COMP "j2_7" SITE "65" ;
     : COMP "j2_7" not found in design. Disabled this preference.
WARNING - map: C:/Users/dr.Chernobyl/Desktop/lab6 tenk/lab6tenk/source/ulx2s.lpf (137): Error in LOCATE COMP "j2_8" SITE "52" ;
     : COMP "j2_8" not found in design. Disabled this preference.
WARNING - map: C:/Users/dr.Chernobyl/Desktop/lab6 tenk/lab6tenk/source/ulx2s.lpf (138): Error in LOCATE COMP "j2_9" SITE "50" ;
     : COMP "j2_9" not found in design. Disabled this preference.
WARNING - map: C:/Users/dr.Chernobyl/Desktop/lab6 tenk/lab6tenk/source/ulx2s.lpf (139): Error in LOCATE COMP "j2_10" SITE "48" ;
     : COMP "j2_10" not found in design. Disabled this preference.
WARNING - map: C:/Users/dr.Chernobyl/Desktop/lab6 tenk/lab6tenk/source/ulx2s.lpf (140): Error in LOCATE COMP "j2_11" SITE "47" ;
     : COMP "j2_11" not found in design. Disabled this preference.
WARNING - map: C:/Users/dr.Chernobyl/Desktop/lab6 tenk/lab6tenk/source/ulx2s.lpf (141): Error in LOCATE COMP "j2_12" SITE "40" ;
     : COMP "j2_12" not found in design. Disabled this preference.
WARNING - map: C:/Users/dr.Chernobyl/Desktop/lab6 tenk/lab6tenk/source/ulx2s.lpf (142): Error in LOCATE COMP "j2_13" SITE "39" ;
     : COMP "j2_13" not found in design. Disabled this preference.
WARNING - map: C:/Users/dr.Chernobyl/Desktop/lab6 tenk/lab6tenk/source/ulx2s.lpf (143): Error in LOCATE COMP "j2_14" SITE "38" ;
     : COMP "j2_14" not found in design. Disabled this preference.
WARNING - map: C:/Users/dr.Chernobyl/Desktop/lab6 tenk/lab6tenk/source/ulx2s.lpf (144): Error in LOCATE COMP "j2_15" SITE "22" ;
     : COMP "j2_15" not found in design. Disabled this preference.
WARNING - map: C:/Users/dr.Chernobyl/Desktop/lab6 tenk/lab6tenk/source/ulx2s.lpf (145): Error in LOCATE COMP "j2_16" SITE "31" ;
     : COMP "j2_16" not found in design. Disabled this preference.
WARNING - map: C:/Users/dr.Chernobyl/Desktop/lab6 tenk/lab6tenk/source/ulx2s.lpf (146): Error in LOCATE COMP "j2_17" SITE "29" ;
     : COMP "j2_17" not found in design. Disabled this preference.
WARNING - map: C:/Users/dr.Chernobyl/Desktop/lab6 tenk/lab6tenk/source/ulx2s.lpf (147): Error in LOCATE COMP "j2_18" SITE "37" ;
     : COMP "j2_18" not found in design. Disabled this preference.
WARNING - map: C:/Users/dr.Chernobyl/Desktop/lab6 tenk/lab6tenk/source/ulx2s.lpf (148): Error in LOCATE COMP "j2_19" SITE "36" ;
     : COMP "j2_19" not found in design. Disabled this preference.
WARNING - map: C:/Users/dr.Chernobyl/Desktop/lab6 tenk/lab6tenk/source/ulx2s.lpf (149): Error in LOCATE COMP "j2_20" SITE "35" ;
     : COMP "j2_20" not found in design. Disabled this preference.
WARNING - map: C:/Users/dr.Chernobyl/Desktop/lab6 tenk/lab6tenk/source/ulx2s.lpf (150): Error in LOCATE COMP "j2_21" SITE "32" ;
     : COMP "j2_21" not found in design. Disabled this preference.
WARNING - map: C:/Users/dr.Chernobyl/Desktop/lab6 tenk/lab6tenk/source/ulx2s.lpf (151): Error in LOCATE COMP "j2_22" SITE "27" ;
     : COMP "j2_22" not found in design. Disabled this preference.
WARNING - map: C:/Users/dr.Chernobyl/Desktop/lab6 tenk/lab6tenk/source/ulx2s.lpf (152): Error in LOCATE COMP "j2_23" SITE "28" ;
     : COMP "j2_23" not found in design. Disabled this preference.
WARNING - map: C:/Users/dr.Chernobyl/Desktop/lab6 tenk/lab6tenk/source/ulx2s.lpf (165): Error in IOBUF PORT "sw_2" PULLMODE=DOWN ;
     : Port "sw_2" does not exist in the design.. Disabled this preference.
WARNING - map: C:/Users/dr.Chernobyl/Desktop/lab6 tenk/lab6tenk/source/ulx2s.lpf (166): Error in IOBUF PORT "sw_3" PULLMODE=DOWN ;
     : Port "sw_3" does not exist in the design.. Disabled this preference.
WARNING - map: C:/Users/dr.Chernobyl/Desktop/lab6 tenk/lab6tenk/source/ulx2s.lpf (169): Error in IOBUF PORT "btn_left" PULLMODE=DOWN ;
     : Port "btn_left" does not exist in the design.. Disabled this preference.
WARNING - map: C:/Users/dr.Chernobyl/Desktop/lab6 tenk/lab6tenk/source/ulx2s.lpf (170): Error in IOBUF PORT "btn_right" PULLMODE=DOWN ;
     : Port "btn_right" does not exist in the design.. Disabled this preference.
WARNING - map: C:/Users/dr.Chernobyl/Desktop/lab6 tenk/lab6tenk/source/ulx2s.lpf (171): Error in IOBUF PORT "btn_center" PULLMODE=DOWN ;
     : Port "btn_center" does not exist in the design.. Disabled this preference.
WARNING - map: C:/Users/dr.Chernobyl/Desktop/lab6 tenk/lab6tenk/source/ulx2s.lpf (174): Error in IOBUF PORT "sdcard_so" PULLMODE=UP ;
     : Port "sdcard_so" does not exist in the design.. Disabled this preference.
WARNING - map: Preference parsing results:  102 semantic errors detected
WARNING - map: There are errors in the preference file, "C:/Users/dr.Chernobyl/Desktop/lab6 tenk/lab6tenk/source/ulx2s.lpf".
Loading device for application map from file 'mg5a26x29.nph' in environment: C:/lscc/diamond/2.0/ispfpga.
Package Status:                     Final          Version 1.42

Running general design DRC...
Removing unused logic...
Optimizing...
243 CCU2 constant inputs absorbed.
WARNING - map: IO buffer missing for top level port btn_center...logic will be discarded.



Design Summary:
   Number of registers:    145
      PFU registers:    143
      PIO registers:    2
   Number of SLICEs:           140 out of  2376 (6%)
      SLICEs(logic/ROM):       140 out of  1971 (7%)
      SLICEs(logic/ROM/RAM):     0 out of   405 (0%)
          As RAM:            0 out of   405 (0%)
          As Logic/ROM:      0 out of   405 (0%)
   Number of logic LUT4s:     154
   Number of distributed RAM:   0 (0 LUT4s)
   Number of ripple logic:     56 (112 LUT4s)
   Number of shift registers:   0
   Total number of LUT4s:     266
   Number of PIO sites used: 18 out of 100 (18%)
   Number of PIO FIXEDDELAY:    0
   Number of DQSDLLs:  0 out of 2 (0%)
   Number of PLLs:  1 out of 2 (50%)
   Number of block RAMs:  0 out of 9 (0%)
   Number of CLKDIVs:  0 out of 2 (0%)
   Number of GSRs:  0 out of 1 (0%)
   JTAG used :      No
   Readback used :  No
   Oscillator used :  No
   Startup used :   No
   Notes:-
      1. Total number of LUT4s = (Number of logic LUT4s) + 2*(Number of distributed RAMs) + 2*(Number of ripple logic)
      2. Number of logic LUT4s does not include count of distributed RAM and ripple logic.

   Number Of Mapped DSP Components:
   --------------------------------
   MULT36X36B          0
   MULT18X18B          0
   MULT18X18MACB       0
   MULT18X18ADDSUBB    0
   MULT18X18ADDSUBSUMB 0
   MULT9X9B            0
   MULT9X9ADDSUBB      0
   MULT9X9ADDSUBSUMB   0
   --------------------------------
   Number of Used DSP Sites:  0 out of 24 (0 %)
   Number of clocks:  2
     Net R_clk_divgen[23]: 20 loads, 20 rising, 0 falling (Driver: PIO clk_25m )
     Net odasiljac.clk_pll_c: 66 loads, 66 rising, 0 falling (Driver: odasiljac/PLLInst_0 )
   Number of Clock Enables:  6
     Net odasiljac/r_clk_acc: 4 loads, 4 LSLICEs
     Net odasiljac/R_speed_acce: 3 loads, 3 LSLICEs
     Net odasiljac/un1_r_clk_acc99_i: 15 loads, 15 LSLICEs
     Net odasiljac/R_natragce: 1 loads, 1 LSLICEs
     Net un2_r_clk_div_1_s_23_0_RNI258N: 2 loads, 2 LSLICEs
     Net un2_r_clk_div_1_s_23_0_RNIE5FJ5: 4 loads, 4 LSLICEs
   Number of LSRs:  2
     Net odasiljac.R_low_high: 3 loads, 2 LSLICEs
     Net odasiljac/r_clk_acc_iso: 5 loads, 5 LSLICEs
   Number of nets driven by tri-state buffers:  0
   Top 10 highest fanout non-clock nets:
     Net VCC: 81 loads
     Net odasiljac/un3_r_clk_acc: 32 loads
     Net sw_c[0]: 17 loads
     Net sw_c[1]: 17 loads
     Net led_c[2]: 15 loads
     Net odasiljac/un1_r_clk_acc99_i: 15 loads
     Net odasiljac.R_low_high: 14 loads
     Net led_c[1]: 13 loads
     Net led_c[0]: 11 loads
     Net odasiljac/R_brzina[0]: 11 loads
 
   Number of warnings:  105
   Number of errors:    0


Total CPU Time: 0 secs  
Total REAL Time: 0 secs  
Peak Memory Usage: 57 MB

WARNING - map: There are semantic errors in the preference file, "C:/Users/dr.Chernobyl/Desktop/lab6 tenk/lab6tenk/source/ulx2s.prf".
Dumping design to file lab6tenk_lab6tenk_map.ncd.

mpartrce -p "lab6tenk_lab6tenk.p2t" -f "lab6tenk_lab6tenk.p3t" -tf "lab6tenk_lab6tenk.pt" "lab6tenk_lab6tenk_map.ncd" "lab6tenk_lab6tenk.ncd"

---- MParTrce Tool ----
Removing old design directory at request of -rem command line option to this program.
Running par. Please wait . . .

Lattice Place and Route Report for Design "lab6tenk_lab6tenk_map.ncd"
Fri Jan 24 02:21:14 2014

PAR: Place And Route Diamond (64-bit) 2.0.1.184.
Command Line: C:/lscc/diamond/2.0/ispfpga\bin\nt64\par -f lab6tenk_lab6tenk.p2t
lab6tenk_lab6tenk_map.ncd lab6tenk_lab6tenk.dir lab6tenk_lab6tenk.prf
Preference file: lab6tenk_lab6tenk.prf.
Placement level-cost: 5-1.
Routing Iterations: 6

Loading design for application par from file lab6tenk_lab6tenk_map.ncd.
Design name: tenk_toplevel
NCD version: 3.2
Vendor:      LATTICE
Device:      LFXP2-5E
Package:     TQFP144
Performance: 5
Loading device for application par from file 'mg5a26x29.nph' in environment: C:/lscc/diamond/2.0/ispfpga.
Package Status:                     Final          Version 1.42
Performance Hardware Data Status:   Final          Version 10.6
License checked out.


Ignore Preference Error(s):  True
Device utilization summary:

   IOLOGIC            2/196           1% used
   PIO (prelim)      18/174          10% used
                     18/100          18% bonded
   SLICE            140/2376          5% used



Number of Signals: 430
Number of Connections: 1012

Pin Constraint Summary:
   18 out of 18 pins locked (100% locked).

The following 2 signals are selected to use the primary clock routing resources:
    odasiljac.clk_pll_c (driver: odasiljac/PLLInst_0, clk load #: 66)
    R_clk_divgen[23] (driver: clk_25m, clk load #: 20)

No signal is selected as DCS clock.

No signal is selected as secondary clock.

No signal is selected as Global Set/Reset.
Starting Placer Phase 0.
...........
Finished Placer Phase 0.  REAL time: 2 secs 

Starting Placer Phase 1.
....................
Placer score = 48349.
Finished Placer Phase 1.  REAL time: 8 secs 

Starting Placer Phase 2.
.
Placer score =  47840
Finished Placer Phase 2.  REAL time: 8 secs 


------------------ Clock Report ------------------

Global Clock Resources:
  CLK_PIN    : 0 out of 8 (0%)
  General PIO: 1 out of 196 (0%)
  PLL        : 1 out of 2 (50%)
  CLKDIV     : 0 out of 2 (0%)

Quadrants All (TL, TR, BL, BR) - Global Clocks:
  PRIMARY "odasiljac.clk_pll_c" from CLKOP on comp "odasiljac/PLLInst_0" on PLL site "ULPLL", clk load = 66
  PRIMARY "R_clk_divgen[23]" from comp "clk_25m" on PIO site "30 (PL14B)", clk load = 20

  PRIMARY  : 2 out of 8 (25%)
     DCS   : 0 out of 2 (0%)
  SECONDARY: 0 out of 4 (0%)

Edge Clocks:
  No edge clock selected

--------------- End of Clock Report ---------------


I/O Usage Summary (final):
   18 out of 174 (10.3%) PIO sites used.
   18 out of 100 (18.0%) bonded PIO sites used.
   Number of PIO comps: 18; differential: 0
   Number of Vref pins used: 0

I/O Bank Usage Summary:
+----------+---------------+------------+------------+------------+
| I/O Bank | Usage         | Bank Vccio | Bank Vref1 | Bank Vref2 |
+----------+---------------+------------+------------+------------+
| 0        | 2 / 20 ( 10%) | 3.3V       | -          | -          |
| 1        | 0 / 6 (  0%)  | -          | -          | -          |
| 2        | 0 / 18 (  0%) | -          | -          | -          |
| 3        | 0 / 4 (  0%)  | -          | -          | -          |
| 4        | 0 / 8 (  0%)  | -          | -          | -          |
| 5        | 5 / 18 ( 27%) | 3.3V       | -          | -          |
| 6        | 7 / 8 ( 87%)  | 3.3V       | -          | -          |
| 7        | 4 / 18 ( 22%) | 3.3V       | -          | -          |
+----------+---------------+------------+------------+------------+


DSP Utilization Summary:
-------------------------------------
DSP Block #:              1 2 3
# of MULT36X36B                
# of MULT18X18B                
# of MULT18X18MACB             
# of MULT18X18ADDSUBB          
# of MULT18X18ADDSUBSUMB       
# of MULT9X9B                  
# of MULT9X9ADDSUBB            
# of MULT9X9ADDSUBSUMB         

Total placer CPU time: 7 secs 

Dumping design to file lab6tenk_lab6tenk.dir/5_1.ncd.

0 connections routed; 1012 unrouted.
Starting router resource preassignment
WARNING - par: The driver of primary clock net R_clk_divgen[23] is not placed on one of the PIO sites dedicated for primary clocks.  This primary clock will be routed to a H-spine through general routing resource or will be routed as a secondary clock and may suffer from excessive delay or skew.

Completed router resource preassignment. Real time: 10 secs 

Start NBR router at 02:21:24 01/24/14

*****************************************************************
Info: NBR allows conflicts(one node used by more than one signal)
      in the earlier iterations. In each iteration, it tries to  
      solve the conflicts while keeping the critical connections 
      routed as shorter as possible. The routing process is said 
      to be completed when no conflicts exist and all connections
      are routed.                                                
Note: NBR uses a different method to calculate timing slacks. The
      worst slack and total negative slack may not be the same as
      that in TRCE report. You should always run TRCE to verify  
      your design. Thanks.                                       
*****************************************************************

Start NBR special constraint process at 02:21:24 01/24/14

Start NBR section for initial routing
Level 1, iteration 1
16(0.01%) conflicts; 703(69.47%) untouched conns; 91164 (nbr) score; 
Estimated worst slack/total negative slack: -1.574ns/-91.164ns; real time: 10 secs 
Level 2, iteration 1
64(0.03%) conflicts; 569(56.23%) untouched conns; 46817 (nbr) score; 
Estimated worst slack/total negative slack: -1.269ns/-46.818ns; real time: 11 secs 
Level 3, iteration 1
34(0.01%) conflicts; 318(31.42%) untouched conns; 67311 (nbr) score; 
Estimated worst slack/total negative slack: -1.444ns/-67.311ns; real time: 11 secs 
Level 4, iteration 1
26(0.01%) conflicts; 0(0.00%) untouched conn; 80828 (nbr) score; 
Estimated worst slack/total negative slack: -1.463ns/-80.829ns; real time: 11 secs 

Info: Initial congestion level at 75% usage is 0
Info: Initial congestion area  at 75% usage is 0 (0.00%)

Start NBR section for normal routing
Level 1, iteration 1
28(0.01%) conflicts; 8(0.79%) untouched conns; 63530 (nbr) score; 
Estimated worst slack/total negative slack: -1.287ns/-63.531ns; real time: 11 secs 
Level 2, iteration 1
25(0.01%) conflicts; 8(0.79%) untouched conns; 65352 (nbr) score; 
Estimated worst slack/total negative slack: -1.287ns/-65.353ns; real time: 12 secs 
Level 3, iteration 1
21(0.01%) conflicts; 11(1.09%) untouched conns; 70886 (nbr) score; 
Estimated worst slack/total negative slack: -1.346ns/-70.886ns; real time: 12 secs 
Level 4, iteration 1
13(0.01%) conflicts; 0(0.00%) untouched conn; 77644 (nbr) score; 
Estimated worst slack/total negative slack: -1.346ns/-77.644ns; real time: 12 secs 
Level 4, iteration 2
10(0.00%) conflicts; 0(0.00%) untouched conn; 80446 (nbr) score; 
Estimated worst slack/total negative slack: -1.355ns/-80.447ns; real time: 12 secs 
Level 4, iteration 3
9(0.00%) conflicts; 0(0.00%) untouched conn; 91771 (nbr) score; 
Estimated worst slack/total negative slack: -1.666ns/-91.772ns; real time: 12 secs 
Level 4, iteration 4
4(0.00%) conflicts; 0(0.00%) untouched conn; 91771 (nbr) score; 
Estimated worst slack/total negative slack: -1.666ns/-91.772ns; real time: 13 secs 
Level 4, iteration 5
4(0.00%) conflicts; 0(0.00%) untouched conn; 95664 (nbr) score; 
Estimated worst slack/total negative slack: -1.666ns/-95.665ns; real time: 13 secs 
Level 4, iteration 6
3(0.00%) conflicts; 0(0.00%) untouched conn; 95664 (nbr) score; 
Estimated worst slack/total negative slack: -1.666ns/-95.665ns; real time: 13 secs 
Level 4, iteration 7
3(0.00%) conflicts; 0(0.00%) untouched conn; 100410 (nbr) score; 
Estimated worst slack/total negative slack: -1.666ns/-100.410ns; real time: 13 secs 
Level 4, iteration 8
2(0.00%) conflicts; 0(0.00%) untouched conn; 100410 (nbr) score; 
Estimated worst slack/total negative slack: -1.666ns/-100.410ns; real time: 13 secs 
Level 4, iteration 9
0(0.00%) conflict; 0(0.00%) untouched conn; 100811 (nbr) score; 
Estimated worst slack/total negative slack: -1.666ns/-100.811ns; real time: 13 secs 

Start NBR section for performance tunning (iteration 1)
Level 4, iteration 1
6(0.00%) conflicts; 0(0.00%) untouched conn; 89615 (nbr) score; 
Estimated worst slack/total negative slack: -1.482ns/-89.615ns; real time: 13 secs 
Level 4, iteration 2
0(0.00%) conflict; 0(0.00%) untouched conn; 104591 (nbr) score; 
Estimated worst slack/total negative slack: -1.691ns/-104.591ns; real time: 13 secs 

Start NBR section for post-routing
0(0.00%) conflict; 0(0.00%) untouched conn; 100811 (nbr) score; 
Estimated worst slack/total negative slack: -1.666ns/-100.811ns; real time: 14 secs 

Dumping design to file lab6tenk_lab6tenk.dir/5_1.ncd.
End NBR router with 0 unrouted connection

NBR Summary
-----------
  Number of unrouted connections : 0 (0.00%)
  Number of connections with timing violations : 132 (13.04%)
  Estimated worst slack : -1.666ns
  Timing score : 156689
-----------
Notes: The timing info is calculated for SETUP only and all PAR_ADJs are ignored.


Total CPU time 12 secs 
Total REAL time: 14 secs 
Completely routed.
End of route.  1012 routed (100.00%); 0 unrouted.
Checking DRC ... 
No errors found.

Timing score: 156689 

Dumping design to file lab6tenk_lab6tenk.dir/5_1.ncd.


par done!

Copyright (c) 1991-1994 by NeoCAD Inc. All rights reserved.
Copyright (c) 1995 AT&T Corp.   All rights reserved.
Copyright (c) 1995-2001 Lucent Technologies Inc.  All rights reserved.
Copyright (c) 2001 Agere Systems   All rights reserved.
Copyright (c) 2002-2012 Lattice Semiconductor Corporation,  All rights reserved.
Exiting par with exit code 0
Exiting mpartrce with exit code 0

bitgen -f "lab6tenk_lab6tenk.t2b" -w "lab6tenk_lab6tenk.ncd" -jedec -e -s "C:/Users/dr.Chernobyl/Desktop/lab6 tenk/lab6tenk.sec" -k "C:/Users/dr.Chernobyl/Desktop/lab6 tenk/lab6tenk.bek" "lab6tenk_lab6tenk.prf"


BITGEN: Bitstream Generator Diamond (64-bit) 2.0.1.184
Copyright (c) 1991-1994 by NeoCAD Inc. All rights reserved.
Copyright (c) 1995 AT&T Corp.   All rights reserved.
Copyright (c) 1995-2001 Lucent Technologies Inc.  All rights reserved.
Copyright (c) 2001 Agere Systems   All rights reserved.
Copyright (c) 2002-2012 Lattice Semiconductor Corporation,  All rights reserved.


Loading design for application Bitgen from file lab6tenk_lab6tenk.ncd.
Design name: tenk_toplevel
NCD version: 3.2
Vendor:      LATTICE
Device:      LFXP2-5E
Package:     TQFP144
Performance: 5
Loading device for application Bitgen from file 'mg5a26x29.nph' in environment: C:/lscc/diamond/2.0/ispfpga.
Package Status:                     Final          Version 1.42
Performance Hardware Data Status:   Final          Version 10.6

Running DRC.
DRC detected 0 errors and 0 warnings.
Reading Preference File from lab6tenk_lab6tenk.prf...

Preference Summary:
+---------------------------------+---------------------------------+
|  Preference                     |  Current Setting                |
+---------------------------------+---------------------------------+
|                         RamCfg  |                        Reset**  |
+---------------------------------+---------------------------------+
|                        DONE_EX  |                          OFF**  |
+---------------------------------+---------------------------------+
|                        DONE_OD  |                           ON**  |
+---------------------------------+---------------------------------+
|                  CONFIG_SECURE  |                          OFF**  |
+---------------------------------+---------------------------------+
|                        WAKE_UP  |                           21**  |
+---------------------------------+---------------------------------+
|                   WAKE_ON_LOCK  |                          OFF**  |
+---------------------------------+---------------------------------+
|                          INBUF  |                           ON**  |
+---------------------------------+---------------------------------+
|                        MY_ASSP  |                          OFF**  |
+---------------------------------+---------------------------------+
|               ONE_TIME_PROGRAM  |                          OFF**  |
+---------------------------------+---------------------------------+
|                 SLAVE_SPI_PORT  |                      DISABLE**  |
+---------------------------------+---------------------------------+
|                MASTER_SPI_PORT  |                      DISABLE**  |
+---------------------------------+---------------------------------+
|                     DisableUES  |                        FALSE**  |
+---------------------------------+---------------------------------+
 *  Default setting.
 ** The specified setting matches the default setting.


Creating bit map...
Saving bit stream in "lab6tenk_lab6tenk.jed".
