Running in Lattice mode


Starting:    C:\lscc\diamond\2.0\synpbase\win64\mbin\synbatch.exe
Install:     C:\lscc\diamond\2.0\synpbase
Date:        Fri Jan 17 05:19:10 2014
Version:     F-2012.03L-1 

Arguments:   -product synplify_pro  -batch lab5_lab5_synplify.tcl
ProductType: synplify_pro






log file: "C:\Users\dr.Chernobyl\Desktop\lab5\lab5\lab5_lab5.srf"


Generating HDL info...

hdl_info_gen Completed
Return Code: 0
Run Time:0h:00m:01s


log file: "C:\Users\dr.Chernobyl\Desktop\lab5\lab5\lab5_lab5.srf"


Running proj_1|lab5

Running Compile on proj_1|lab5

Running Compile Process on proj_1|lab5

Running Compile Input on proj_1|lab5

Copied C:\Users\dr.Chernobyl\Desktop\lab5\lab5\synwork\lab5_lab5_compiler.srs to C:\Users\dr.Chernobyl\Desktop\lab5\lab5\lab5_lab5.srs

compiler Completed
Return Code: 0
Run Time:0h:00m:01s


Job Compile Process completed on proj_1|lab5

Running Premap on proj_1|lab5

premap Completed with warnings
Return Code: 1
Run Time:0h:00m:01s


Job Compile completed on proj_1|lab5

Running Map on proj_1|lab5

Running Map & Optimize on proj_1|lab5

fpga_mapper Completed with warnings
Return Code: 1
Run Time:0h:00m:02s


Job Map completed on proj_1|lab5

Job Logic Synthesis completed on proj_1|lab5

TCL script complete: "lab5_lab5_synplify.tcl"

exit status=0


