# Synopsys Constraint Checker, version maplat, Build 1612R, built Dec  5 2016
# Copyright (C) 1994-2016 Synopsys, Inc. All rights reserved. This Synopsys software and all associated documentation are proprietary to Synopsys, Inc. and may only be used pursuant to the terms and conditions of a written license agreement with Synopsys, Inc. All other use, reproduction, modification, or distribution of the Synopsys software or the associated documentation is strictly prohibited.

# Written on Sun Dec 10 15:34:37 2017


##### DESIGN INFO #######################################################

Top View:                "datapath"
Constraint File(s):      (none)




##### SUMMARY ############################################################

Found 0 issues in 0 out of 0 constraints


##### DETAILS ############################################################



Clock Relationships
*******************

Starting                                   Ending                                     |     rise to rise     |     fall to fall     |     rise to fall     |     fall to rise                     
-------------------------------------------------------------------------------------------------------------------------------------------------------------------------------------------------
datapath|clk_25m                           datapath|clk_25m                           |     1000.000         |     No paths         |     No paths         |     No paths                         
datapath|clk_25m                           upravljac|R_keys_last_derived_clock[3]     |     1000.000         |     No paths         |     No paths         |     No paths                         
upravljac|R_keys_last_derived_clock[3]     upravljac|R_keys_last_derived_clock[3]     |     1000.000         |     No paths         |     No paths         |     No paths                         
=================================================================================================================================================================================================
 Note: 'No paths' indicates there are no paths in the design for that pair of clock edges.
       'Diff grp' indicates that paths exist but the starting clock and ending clock are in different clock groups.


Unconstrained Start/End Points
******************************

p:btn_center
p:btn_down
p:btn_left
p:btn_right
p:btn_up
p:led[0]
p:led[1]
p:led[2]
p:led[4]
p:led[5]
p:led[6]
p:led[7]
p:sw[0]
p:sw[1]
p:sw[2]
p:sw[3]


Inapplicable constraints
************************

(none)


Applicable constraints with issues
**********************************

(none)


Constraints with matching wildcard expressions
**********************************************

(none)


Library Report
**************


# End of Constraint Checker Report
