
synpwrap -msg -prj "lego_lego_synplify.tcl" -log "lego_lego.srf"
Copyright (C) 1992-2015 Lattice Semiconductor Corporation. All rights reserved.
Lattice Diamond Version 3.5.0.102
    <postMsg mid="2011000" type="Info"    dynamic="0" navigation="0"  />
/usr/local/diamond/3.5_x64/synpbase/bin/synplify_pro: 186: [: unexpected operator
/usr/local/diamond/3.5_x64/synpbase/bin/synplify_pro: 200: [: !=: argument expected
sourcing /usr/local/diamond/3.5_x64/synpbase/lib/message_override.tcl
/usr/local/diamond/3.5_x64/synpbase/bin/c_vhdl: 186: [: unexpected operator
/usr/local/diamond/3.5_x64/synpbase/bin/c_vhdl: 200: [: !=: argument expected
/usr/local/diamond/3.5_x64/synpbase/bin/c_hdl: 186: [: unexpected operator
/usr/local/diamond/3.5_x64/synpbase/bin/c_hdl: 200: [: !=: argument expected
/usr/local/diamond/3.5_x64/synpbase/bin/syn_nfilter: 186: [: unexpected operator
/usr/local/diamond/3.5_x64/synpbase/bin/syn_nfilter: 200: [: !=: argument expected
/usr/local/diamond/3.5_x64/synpbase/bin/m_gen_lattice: 186: [: unexpected operator
/usr/local/diamond/3.5_x64/synpbase/bin/m_gen_lattice: 200: [: !=: argument expected
/usr/local/diamond/3.5_x64/synpbase/bin/m_gen_lattice: 186: [: unexpected operator
/usr/local/diamond/3.5_x64/synpbase/bin/m_gen_lattice: 200: [: !=: argument expected
Running in Lattice mode


Starting:    /usr/local/diamond/3.5_x64/synpbase/linux_a_64/mbin/synbatch
Install:     /usr/local/diamond/3.5_x64/synpbase
Hostname:    Dafta-Laptop
Date:        Mon Oct 26 00:23:03 2015
Version:     J-2015.03L

Arguments:   -product synplify_pro -batch lego_lego_synplify.tcl
ProductType: synplify_pro





log file: "/home/dafta/Desktop/FER_DL_LABOS/lego/lego_lego.srr"

Running: hdl_info_gen in foreground



Generating HDL info...


hdl_info_gen Completed
Return Code: 0
Run Time:00h:00m:01s

log file: "/home/dafta/Desktop/FER_DL_LABOS/lego/lego_lego.srr"

Running: lego in foreground



Running proj_1|lego


Running: compile (Compile) on proj_1|lego


Running: compile_flow (Compile Process) on proj_1|lego


Running: compiler (Compile Input) on proj_1|lego

Copied /home/dafta/Desktop/FER_DL_LABOS/lego/synwork/lego_lego_comp.srs to /home/dafta/Desktop/FER_DL_LABOS/lego/lego_lego.srs


compiler Completed
Return Code: 0
Run Time:00h:00m:02s


Running: multi_srs_gen (Multi-srs Generator) on proj_1|lego

Copied /home/dafta/Desktop/FER_DL_LABOS/lego/synwork/lego_lego_comp.srs to /home/dafta/Desktop/FER_DL_LABOS/lego/synwork/lego_lego_s.srs


multi_srs_gen Completed
Return Code: 0
Run Time:00h:00m:00s

Copied /home/dafta/Desktop/FER_DL_LABOS/lego/synwork/lego_lego_mult.srs to /home/dafta/Desktop/FER_DL_LABOS/lego/lego_lego.srs

Copied /home/dafta/Desktop/FER_DL_LABOS/lego/lego_lego.srr to /home/dafta/Desktop/FER_DL_LABOS/lego/lego_lego.srf

Complete: Compile Process on proj_1|lego


Running: premap (Pre-mapping) on proj_1|lego


premap Completed with warnings
Return Code: 1
Run Time:00h:00m:02s

Complete: Compile on proj_1|lego


Running: map (Map) on proj_1|lego


Running: fpga_mapper (Map & Optimize) on proj_1|lego

Copied /home/dafta/Desktop/FER_DL_LABOS/lego/synwork/lego_lego_m.srm to /home/dafta/Desktop/FER_DL_LABOS/lego/lego_lego.srm


fpga_mapper Completed with warnings
Return Code: 1
Run Time:00h:00m:03s

Complete: Map on proj_1|lego

Copied /home/dafta/Desktop/FER_DL_LABOS/lego/lego_lego.srr to /home/dafta/Desktop/FER_DL_LABOS/lego/lego_lego.srf

Complete: Logic Synthesis on proj_1|lego

TCL script complete: "lego_lego_synplify.tcl"

exit status=0

exit status=0

Save changes for project:
/home/dafta/Desktop/FER_DL_LABOS/lego/proj_1.prj

batch mode default:no

Child process exit with 0.

==contents of lego_lego.srf
#Build: Synplify Pro J-2015.03L, Build 030R, Apr 20 2015
#install: /usr/local/diamond/3.5_x64/synpbase
#OS: Linux 
#Hostname: Dafta-Laptop

#Implementation: lego

Synopsys HDL Compiler, version comp201503p1, Build 058R, built Apr 20 2015
@N|Running in 64-bit mode
Copyright (C) 1994-2015 Synopsys, Inc. This software and the associated documentation are proprietary to Synopsys, Inc. This software may only be used in accordance with the terms and conditions of a written license agreement with Synopsys, Inc.  All other use, reproduction, or distribution of this software is strictly prohibited.

/usr/local/diamond/3.5_x64/synpbase/bin/c_vhdl: 186: [: unexpected operator
/usr/local/diamond/3.5_x64/synpbase/bin/c_vhdl: 200: [: !=: argument expected
Running on host :Dafta-Laptop
Synopsys VHDL Compiler, version comp201503p1, Build 058R, built Apr 20 2015
@N|Running in 64-bit mode
Copyright (C) 1994-2015 Synopsys, Inc. This software and the associated documentation are proprietary to Synopsys, Inc. This software may only be used in accordance with the terms and conditions of a written license agreement with Synopsys, Inc.  All other use, reproduction, or distribution of this software is strictly prohibited.

@N: CD720 :"/usr/local/diamond/3.5_x64/synpbase/lib/vhd/std.vhd":123:18:123:21|Setting time resolution to ns
@N:"/home/dafta/Desktop/FER_DL_LABOS/lego_ir.vhd":6:7:6:13|Top entity is set to lego_ir.
VHDL syntax check successful!

At c_vhdl Exit (Real Time elapsed 0h:00m:00s; CPU Time elapsed 0h:00m:00s; Memory used current: 68MB peak: 69MB)

# Mon Oct 26 00:23:04 2015

###########################################################]
/usr/local/diamond/3.5_x64/synpbase/bin/c_ver: 186: [: unexpected operator
/usr/local/diamond/3.5_x64/synpbase/bin/c_ver: 200: [: !=: argument expected
Synopsys Verilog Compiler, version comp201503p1, Build 058R, built Apr 20 2015
@N|Running in 64-bit mode
Copyright (C) 1994-2015 Synopsys, Inc. This software and the associated documentation are proprietary to Synopsys, Inc. This software may only be used in accordance with the terms and conditions of a written license agreement with Synopsys, Inc.  All other use, reproduction, or distribution of this software is strictly prohibited.

Running on host :Dafta-Laptop
@I::"/usr/local/diamond/3.5_x64/synpbase/lib/lucent/xp2.v"
@I::"/usr/local/diamond/3.5_x64/synpbase/lib/lucent/pmi_def.v"
@I::"/usr/local/diamond/3.5_x64/synpbase/lib/vlog/hypermods.v"
@I::"/usr/local/diamond/3.5_x64/synpbase/lib/vlog/umr_capim.v"
@I::"/usr/local/diamond/3.5_x64/synpbase/lib/vlog/scemi_objects.v"
@I::"/usr/local/diamond/3.5_x64/synpbase/lib/vlog/scemi_pipes.svh"
@I::"/home/dafta/Desktop/FER_DL_LABOS/lego/lego_upravljac.v"
Verilog syntax check successful!

At c_ver Exit (Real Time elapsed 0h:00m:00s; CPU Time elapsed 0h:00m:00s; Memory used current: 70MB peak: 71MB)

# Mon Oct 26 00:23:04 2015

###########################################################]
/usr/local/diamond/3.5_x64/synpbase/bin/c_ver: 186: [: unexpected operator
/usr/local/diamond/3.5_x64/synpbase/bin/c_ver: 200: [: !=: argument expected
Running on host :Dafta-Laptop
@I::"/usr/local/diamond/3.5_x64/synpbase/lib/lucent/xp2.v"
@I::"/usr/local/diamond/3.5_x64/synpbase/lib/lucent/pmi_def.v"
@I::"/usr/local/diamond/3.5_x64/synpbase/lib/vlog/hypermods.v"
@I::"/usr/local/diamond/3.5_x64/synpbase/lib/vlog/umr_capim.v"
@I::"/usr/local/diamond/3.5_x64/synpbase/lib/vlog/scemi_objects.v"
@I::"/usr/local/diamond/3.5_x64/synpbase/lib/vlog/scemi_pipes.svh"
@I::"/home/dafta/Desktop/FER_DL_LABOS/lego/lego_upravljac.v"
Verilog syntax check successful!
@N: CG364 :"/usr/local/diamond/3.5_x64/synpbase/lib/lucent/xp2.v":1093:7:1093:9|Synthesizing module OR2

@N: CG364 :"/usr/local/diamond/3.5_x64/synpbase/lib/lucent/xp2.v":970:7:970:8|Synthesizing module OB

@N: CG364 :"/home/dafta/Desktop/FER_DL_LABOS/lego/lego_upravljac.v":3:7:3:20|Synthesizing module lego_upravljac

@N: CG794 :"/home/dafta/Desktop/FER_DL_LABOS/lego/lego_upravljac.v":22:8:22:9|Using module lego_ir from library work

At c_ver Exit (Real Time elapsed 0h:00m:00s; CPU Time elapsed 0h:00m:00s; Memory used current: 70MB peak: 71MB)

# Mon Oct 26 00:23:05 2015

###########################################################]
/usr/local/diamond/3.5_x64/synpbase/bin/c_vhdl: 186: [: unexpected operator
/usr/local/diamond/3.5_x64/synpbase/bin/c_vhdl: 200: [: !=: argument expected
Running on host :Dafta-Laptop
@N: CD720 :"/usr/local/diamond/3.5_x64/synpbase/lib/vhd/std.vhd":123:18:123:21|Setting time resolution to ns
@N:"/home/dafta/Desktop/FER_DL_LABOS/lego_ir.vhd":6:7:6:13|Top entity is set to lego_ir.
VHDL syntax check successful!
@N: CD630 :"/home/dafta/Desktop/FER_DL_LABOS/lego_ir.vhd":6:7:6:13|Synthesizing work.lego_ir.arch 
Post processing for work.lego_ir.arch
@W: CL189 :"/home/dafta/Desktop/FER_DL_LABOS/lego_ir.vhd":41:4:41:5|Register bit R_delay_lim(3) is always 1, optimizing ...
@W: CL189 :"/home/dafta/Desktop/FER_DL_LABOS/lego_ir.vhd":41:4:41:5|Register bit R_delay_lim(8) is always 0, optimizing ...
@W: CL189 :"/home/dafta/Desktop/FER_DL_LABOS/lego_ir.vhd":41:4:41:5|Register bit R_delay_lim(12) is always 0, optimizing ...
@W: CL189 :"/home/dafta/Desktop/FER_DL_LABOS/lego_ir.vhd":41:4:41:5|Register bit R_delay_lim(13) is always 0, optimizing ...
@W: CL189 :"/home/dafta/Desktop/FER_DL_LABOS/lego_ir.vhd":41:4:41:5|Register bit R_delay_lim(14) is always 0, optimizing ...
@W: CL189 :"/home/dafta/Desktop/FER_DL_LABOS/lego_ir.vhd":41:4:41:5|Register bit R_delay_lim(15) is always 0, optimizing ...
@W: CL279 :"/home/dafta/Desktop/FER_DL_LABOS/lego_ir.vhd":41:4:41:5|Pruning register bits 15 to 12 of R_delay_lim(15 downto 0)  
@W: CL260 :"/home/dafta/Desktop/FER_DL_LABOS/lego_ir.vhd":41:4:41:5|Pruning register bit 8 of R_delay_lim(15 downto 0)  
@W: CL260 :"/home/dafta/Desktop/FER_DL_LABOS/lego_ir.vhd":41:4:41:5|Pruning register bit 3 of R_delay_lim(15 downto 0)  
@W: CL260 :"/home/dafta/Desktop/FER_DL_LABOS/lego_ir.vhd":41:4:41:5|Pruning register bit 7 of R_delay_lim(7 downto 4)  
@W: CL279 :"/home/dafta/Desktop/FER_DL_LABOS/lego_ir.vhd":41:4:41:5|Pruning register bits 11 to 10 of R_delay_lim(11 downto 9)  

At c_vhdl Exit (Real Time elapsed 0h:00m:00s; CPU Time elapsed 0h:00m:00s; Memory used current: 70MB peak: 73MB)

# Mon Oct 26 00:23:05 2015

###########################################################]
/usr/local/diamond/3.5_x64/synpbase/bin/syn_nfilter: 186: [: unexpected operator
/usr/local/diamond/3.5_x64/synpbase/bin/syn_nfilter: 200: [: !=: argument expected
Synopsys Netlist Linker, version comp201503p1, Build 058R, built Apr 20 2015
@N|Running in 64-bit mode

=======================================================================================
For a summary of linker messages for components that did not bind, please see log file:
@L: /home/dafta/Desktop/FER_DL_LABOS/lego/synwork/lego_lego_comp.linkerlog
=======================================================================================


At syn_nfilter Exit (Real Time elapsed 0h:00m:00s; CPU Time elapsed 0h:00m:00s; Memory used current: 67MB peak: 68MB)

Process took 0h:00m:01s realtime, 0h:00m:01s cputime
# Mon Oct 26 00:23:05 2015

###########################################################]
@END

At c_hdl Exit (Real Time elapsed 0h:00m:01s; CPU Time elapsed 0h:00m:00s; Memory used current: 3MB peak: 4MB)

Process took 0h:00m:01s realtime, 0h:00m:01s cputime
# Mon Oct 26 00:23:05 2015

###########################################################]
Synopsys Netlist Linker, version comp201503p1, Build 058R, built Apr 20 2015
@N|Running in 64-bit mode

At syn_nfilter Exit (Real Time elapsed 0h:00m:00s; CPU Time elapsed 0h:00m:00s; Memory used current: 67MB peak: 68MB)

Process took 0h:00m:01s realtime, 0h:00m:01s cputime
# Mon Oct 26 00:23:06 2015

###########################################################]
Pre-mapping Report

Synopsys Lattice Technology Pre-mapping, Version maplat, Build 1176R, Built Apr 20 2015 09:34:50
Copyright (C) 1994-2015, Synopsys, Inc. This software and the associated documentation are proprietary to Synopsys, Inc. This software may only be used in accordance with the terms and conditions of a written license agreement with Synopsys, Inc.  All other use, reproduction, or distribution of this software is strictly prohibited.
Product Version J-2015.03L

Mapper Startup Complete (Real Time elapsed 0h:00m:00s; CPU Time elapsed 0h:00m:00s; Memory used current: 98MB peak: 99MB)

@L: /home/dafta/Desktop/FER_DL_LABOS/lego/lego_lego_scck.rpt 
Printing clock  summary report in "/home/dafta/Desktop/FER_DL_LABOS/lego/lego_lego_scck.rpt" file 
@N: MF248 |Running in 64-bit mode.
@N: MF666 |Clock conversion enabled 

Design Input Complete (Real Time elapsed 0h:00m:00s; CPU Time elapsed 0h:00m:00s; Memory used current: 99MB peak: 101MB)


Mapper Initialization Complete (Real Time elapsed 0h:00m:00s; CPU Time elapsed 0h:00m:00s; Memory used current: 99MB peak: 101MB)


Start loading timing files (Real Time elapsed 0h:00m:00s; CPU Time elapsed 0h:00m:00s; Memory used current: 111MB peak: 111MB)


Finished loading timing files (Real Time elapsed 0h:00m:00s; CPU Time elapsed 0h:00m:00s; Memory used current: 111MB peak: 113MB)

ICG Latch Removal Summary:
Number of ICG latches removed:	0
Number of ICG latches not removed:	0
syn_allowed_resources : blockrams=12  set on top level netlist lego_upravljac

Finished netlist restructuring (Real Time elapsed 0h:00m:01s; CPU Time elapsed 0h:00m:00s; Memory used current: 137MB peak: 140MB)



@S |Clock Summary
*****************

Start                      Requested     Requested     Clock        Clock                
Clock                      Frequency     Period        Type         Group                
-----------------------------------------------------------------------------------------
System                     1.0 MHz       1000.000      system       system_clkgroup      
lego_upravljac|clk_25m     225.7 MHz     4.430         inferred     Autoconstr_clkgroup_0
=========================================================================================

@W: MT529 :"/home/dafta/Desktop/FER_DL_LABOS/lego_ir.vhd":41:4:41:5|Found inferred clock lego_upravljac|clk_25m which controls 69 sequential elements including I9.R_phase[4:0]. This clock has no specified timing constraint which may prevent conversion of gated or generated clocks and may adversely impact design performance. 

Pre-mapping successful!

At Mapper Exit (Real Time elapsed 0h:00m:01s; CPU Time elapsed 0h:00m:00s; Memory used current: 75MB peak: 140MB)

Process took 0h:00m:01s realtime, 0h:00m:01s cputime
# Mon Oct 26 00:23:08 2015

###########################################################]
Map & Optimize Report

Synopsys Lattice Technology Mapper, Version maplat, Build 1176R, Built Apr 20 2015 09:34:50
Copyright (C) 1994-2015, Synopsys, Inc. This software and the associated documentation are proprietary to Synopsys, Inc. This software may only be used in accordance with the terms and conditions of a written license agreement with Synopsys, Inc.  All other use, reproduction, or distribution of this software is strictly prohibited.
Product Version J-2015.03L

Mapper Startup Complete (Real Time elapsed 0h:00m:00s; CPU Time elapsed 0h:00m:00s; Memory used current: 98MB peak: 99MB)

@N: MF248 |Running in 64-bit mode.
@N: MF666 |Clock conversion enabled 

Design Input Complete (Real Time elapsed 0h:00m:00s; CPU Time elapsed 0h:00m:00s; Memory used current: 98MB peak: 100MB)


Mapper Initialization Complete (Real Time elapsed 0h:00m:00s; CPU Time elapsed 0h:00m:00s; Memory used current: 98MB peak: 100MB)


Start loading timing files (Real Time elapsed 0h:00m:00s; CPU Time elapsed 0h:00m:00s; Memory used current: 110MB peak: 111MB)


Finished loading timing files (Real Time elapsed 0h:00m:00s; CPU Time elapsed 0h:00m:00s; Memory used current: 110MB peak: 113MB)



Starting Optimization and Mapping (Real Time elapsed 0h:00m:00s; CPU Time elapsed 0h:00m:00s; Memory used current: 137MB peak: 139MB)


Available hyper_sources - for debug and ip models
	None Found

@N: MT206 |Auto Constrain mode is enabled

Finished RTL optimizations (Real Time elapsed 0h:00m:00s; CPU Time elapsed 0h:00m:00s; Memory used current: 137MB peak: 139MB)

@W: BN132 :"/home/dafta/Desktop/FER_DL_LABOS/lego_ir.vhd":41:4:41:5|Removing instance I9.R_delay_lim[9],  because it is equivalent to instance I9.R_delay_lim[6]
@N: MF179 :"/home/dafta/Desktop/FER_DL_LABOS/lego_ir.vhd":45:8:45:33|Found 16 bit by 16 bit '==' comparator, 'un8_r_irfreq_acc'

Finished factoring (Real Time elapsed 0h:00m:00s; CPU Time elapsed 0h:00m:00s; Memory used current: 138MB peak: 139MB)


Finished gated-clock and generated-clock conversion (Real Time elapsed 0h:00m:00s; CPU Time elapsed 0h:00m:00s; Memory used current: 138MB peak: 139MB)


Finished generic timing optimizations - Pass 1 (Real Time elapsed 0h:00m:00s; CPU Time elapsed 0h:00m:00s; Memory used current: 138MB peak: 139MB)

@N: FA113 :"/home/dafta/Desktop/FER_DL_LABOS/lego_ir.vhd":37:23:37:50|Pipelining module un1_irfreq_acc_next[23:0]
@N: MF169 :"/home/dafta/Desktop/FER_DL_LABOS/lego_ir.vhd":41:4:41:5|Register R_irfreq_acc[23:0] pushed in.
@N: MF169 :"/home/dafta/Desktop/FER_DL_LABOS/lego_ir.vhd":41:4:41:5|Register ir pushed in.

Starting Early Timing Optimization (Real Time elapsed 0h:00m:00s; CPU Time elapsed 0h:00m:00s; Memory used current: 138MB peak: 139MB)


Finished Early Timing Optimization (Real Time elapsed 0h:00m:01s; CPU Time elapsed 0h:00m:00s; Memory used current: 139MB peak: 139MB)


Finished generic timing optimizations - Pass 2 (Real Time elapsed 0h:00m:01s; CPU Time elapsed 0h:00m:00s; Memory used current: 138MB peak: 139MB)


Finished preparing to map (Real Time elapsed 0h:00m:01s; CPU Time elapsed 0h:00m:00s; Memory used current: 139MB peak: 139MB)


Finished technology mapping (Real Time elapsed 0h:00m:01s; CPU Time elapsed 0h:00m:00s; Memory used current: 138MB peak: 139MB)

Pass		 CPU time		Worst Slack		Luts / Registers
------------------------------------------------------------
   1		0h:00m:00s		    -2.23ns		  47 /        69
   2		0h:00m:00s		    -2.23ns		  47 /        69
   3		0h:00m:00s		    -1.60ns		  47 /        69
@N: FX271 :|Instance "I9.R_delay_acc_1" with 33 loads replicated 1 times to improve timing 
Timing driven replication report
Added 0 Registers via timing driven replication
Added 1 LUTs via timing driven replication



   4		0h:00m:00s		    -2.19ns		  48 /        69


   5		0h:00m:00s		    -2.19ns		  48 /        69

Finished technology timing optimizations and critical path resynthesis (Real Time elapsed 0h:00m:01s; CPU Time elapsed 0h:00m:00s; Memory used current: 138MB peak: 139MB)

@N: FX164 |The option to pack registers in the IOB has not been specified. Please set syn_useioff attribute.  

Finished restoring hierarchy (Real Time elapsed 0h:00m:01s; CPU Time elapsed 0h:00m:01s; Memory used current: 138MB peak: 139MB)



#### START OF CLOCK OPTIMIZATION REPORT #####[

1 non-gated/non-generated clock tree(s) driving 69 clock pin(s) of sequential element(s)
0 gated/generated clock tree(s) driving 0 clock pin(s) of sequential element(s)
0 instances converted, 0 sequential instances remain driven by gated/generated clocks

============================= Non-Gated/Non-Generated Clocks =============================
Clock Tree ID     Driving Element     Drive Element Type     Fanout     Sample Instance   
------------------------------------------------------------------------------------------
@K:CKID0001       clk_25m             port                   69         I9.R_delay_acc[15]
==========================================================================================


##### END OF CLOCK OPTIMIZATION REPORT ######]


Start Writing Netlists (Real Time elapsed 0h:00m:01s; CPU Time elapsed 0h:00m:01s; Memory used current: 106MB peak: 139MB)

Writing Analyst data base /home/dafta/Desktop/FER_DL_LABOS/lego/synwork/lego_lego_m.srm

Finished Writing Netlist Databases (Real Time elapsed 0h:00m:01s; CPU Time elapsed 0h:00m:01s; Memory used current: 138MB peak: 139MB)

Writing EDIF Netlist and constraint files
J-2015.03L
@N: BW106 |Synplicity Constraint File capacitance units using default value of 1pF 

Finished Writing EDIF Netlist and constraint files (Real Time elapsed 0h:00m:02s; CPU Time elapsed 0h:00m:01s; Memory used current: 142MB peak: 143MB)


Start final timing analysis (Real Time elapsed 0h:00m:02s; CPU Time elapsed 0h:00m:02s; Memory used current: 142MB peak: 143MB)

@W: MT420 |Found inferred clock lego_upravljac|clk_25m with period 5.13ns. Please declare a user-defined clock on object "p:clk_25m"



@S |##### START OF TIMING REPORT #####[
# Timing Report written on Mon Oct 26 00:23:11 2015
#


Top view:               lego_upravljac
Requested Frequency:    194.9 MHz
Wire load mode:         top
Paths requested:        5
Constraint File(s):    
@N: MT320 |Timing report estimates place and route data. Please look at the place and route timing report for final timing.

@N: MT322 |Clock constraints cover only FF-to-FF paths associated with the clock.



Performance Summary 
*******************


Worst slack in design: -0.905

                           Requested     Estimated     Requested     Estimated                Clock        Clock                
Starting Clock             Frequency     Frequency     Period        Period        Slack      Type         Group                
--------------------------------------------------------------------------------------------------------------------------------
lego_upravljac|clk_25m     194.9 MHz     165.7 MHz     5.131         6.036         -0.905     inferred     Autoconstr_clkgroup_0
System                     1.0 MHz       1.0 MHz       1000.000      996.150       3.850      system       system_clkgroup      
================================================================================================================================





Clock Relationships
*******************

Clocks                                          |    rise  to  rise    |    fall  to  fall   |    rise  to  fall   |    fall  to  rise 
---------------------------------------------------------------------------------------------------------------------------------------
Starting                Ending                  |  constraint  slack   |  constraint  slack  |  constraint  slack  |  constraint  slack
---------------------------------------------------------------------------------------------------------------------------------------
System                  lego_upravljac|clk_25m  |  5.131       3.850   |  No paths    -      |  No paths    -      |  No paths    -    
lego_upravljac|clk_25m  lego_upravljac|clk_25m  |  5.131       -0.905  |  No paths    -      |  No paths    -      |  No paths    -    
=======================================================================================================================================
 Note: 'No paths' indicates there are no paths in the design for that pair of clock edges.
       'Diff grp' indicates that paths exist but the starting clock and ending clock are in different clock groups.



Interface Information 
*********************

No IO constraint found



====================================
Detailed Report for Clock: lego_upravljac|clk_25m
====================================



Starting Points with Worst Slack
********************************

                      Starting                                                          Arrival           
Instance              Reference                  Type        Pin     Net                Time        Slack 
                      Clock                                                                               
----------------------------------------------------------------------------------------------------------
I9.R_delay_acc[0]     lego_upravljac|clk_25m     FD1S3IX     Q       un5lto0            1.166       -0.905
I9.R_delay_acc[1]     lego_upravljac|clk_25m     FD1P3IX     Q       un5lto1            1.166       -0.905
I9.R_delay_acc[2]     lego_upravljac|clk_25m     FD1P3IX     Q       un5lto2            1.166       -0.817
I9.R_delay_acc[3]     lego_upravljac|clk_25m     FD1P3IX     Q       R_delay_acc[3]     1.166       -0.817
I9.R_delay_acc[4]     lego_upravljac|clk_25m     FD1P3IX     Q       R_delay_acc[4]     1.166       -0.817
I9.R_delay_acc[5]     lego_upravljac|clk_25m     FD1P3IX     Q       R_delay_acc[5]     1.166       -0.817
I9.R_delay_lim[0]     lego_upravljac|clk_25m     FD1P3AX     Q       R_delay_lim[0]     1.006       -0.746
I9.R_delay_lim[1]     lego_upravljac|clk_25m     FD1P3AX     Q       R_delay_lim[1]     1.006       -0.746
I9.R_delay_acc[6]     lego_upravljac|clk_25m     FD1P3IX     Q       R_delay_acc[6]     1.166       -0.729
I9.R_delay_acc[7]     lego_upravljac|clk_25m     FD1P3IX     Q       R_delay_acc[7]     1.166       -0.729
==========================================================================================================


Ending Points with Worst Slack
******************************

                      Starting                                                              Required           
Instance              Reference                  Type        Pin     Net                    Time         Slack 
                      Clock                                                                                    
---------------------------------------------------------------------------------------------------------------
I9.R_delay_lim[0]     lego_upravljac|clk_25m     FD1P3AX     SP      R_phase_1_sqmuxa_1     4.771        -0.905
I9.R_delay_lim[1]     lego_upravljac|clk_25m     FD1P3AX     SP      R_phase_1_sqmuxa_1     4.771        -0.905
I9.R_delay_lim[2]     lego_upravljac|clk_25m     FD1P3AX     SP      R_phase_1_sqmuxa_1     4.771        -0.905
I9.R_delay_lim[4]     lego_upravljac|clk_25m     FD1P3AX     SP      R_phase_1_sqmuxa_1     4.771        -0.905
I9.R_delay_lim[5]     lego_upravljac|clk_25m     FD1P3AX     SP      R_phase_1_sqmuxa_1     4.771        -0.905
I9.R_delay_lim[6]     lego_upravljac|clk_25m     FD1P3AX     SP      R_phase_1_sqmuxa_1     4.771        -0.905
I9.R_tx_word[1]       lego_upravljac|clk_25m     FD1P3AX     SP      R_phase_1_sqmuxa_1     4.771        -0.905
I9.R_tx_word[2]       lego_upravljac|clk_25m     FD1P3AX     SP      R_phase_1_sqmuxa_1     4.771        -0.905
I9.R_tx_word[3]       lego_upravljac|clk_25m     FD1P3AX     SP      R_phase_1_sqmuxa_1     4.771        -0.905
I9.R_tx_word[4]       lego_upravljac|clk_25m     FD1P3AX     SP      R_phase_1_sqmuxa_1     4.771        -0.905
===============================================================================================================



Worst Path Information
***********************


Path information for path number 1: 
      Requested Period:                      5.131
    - Setup time:                            0.360
    + Clock delay at ending point:           0.000 (ideal)
    = Required time:                         4.771

    - Propagation time:                      5.676
    - Clock delay at starting point:         0.000 (ideal)
    = Slack (critical) :                     -0.905

    Number of logic level(s):                6
    Starting point:                          I9.R_delay_acc[0] / Q
    Ending point:                            I9.R_delay_lim[0] / SP
    The start point is clocked by            lego_upravljac|clk_25m [rising] on pin CK
    The end   point is clocked by            lego_upravljac|clk_25m [rising] on pin CK

Instance / Net                                         Pin      Pin               Arrival     No. of    
Name                                      Type         Name     Dir     Delay     Time        Fan Out(s)
--------------------------------------------------------------------------------------------------------
I9.R_delay_acc[0]                         FD1S3IX      Q        Out     1.166     1.166       -         
un5lto0                                   Net          -        -       -         -           3         
I9.un8_r_irfreq_acc_0_I_1_0               CCU2B        C1       In      0.000     1.166       -         
I9.un8_r_irfreq_acc_0_I_1_0               CCU2B        COUT     Out     1.243     2.409       -         
un8_r_irfreq_acc_0_data_tmp[0]            Net          -        -       -         -           1         
I9.un8_r_irfreq_acc_0_I_39_0              CCU2B        CIN      In      0.000     2.409       -         
I9.un8_r_irfreq_acc_0_I_39_0              CCU2B        COUT     Out     0.088     2.497       -         
un8_r_irfreq_acc_0_data_tmp[2]            Net          -        -       -         -           1         
I9.un8_r_irfreq_acc_0_I_21_0              CCU2B        CIN      In      0.000     2.497       -         
I9.un8_r_irfreq_acc_0_I_21_0              CCU2B        COUT     Out     0.088     2.585       -         
un8_r_irfreq_acc_0_data_tmp[4]            Net          -        -       -         -           1         
I9.un8_r_irfreq_acc_0_I_15_0              CCU2B        CIN      In      0.000     2.585       -         
I9.un8_r_irfreq_acc_0_I_15_0              CCU2B        COUT     Out     0.088     2.673       -         
un8_r_irfreq_acc_0_data_tmp[6]            Net          -        -       -         -           1         
I9.un8_r_irfreq_acc_0_I_45_0              CCU2B        CIN      In      0.000     2.673       -         
I9.un8_r_irfreq_acc_0_I_45_0              CCU2B        S1       Out     1.753     4.426       -         
un8_r_irfreq_acc_0_I_45_0_S1              Net          -        -       -         -           8         
I9.un8_r_irfreq_acc_0_I_45_0_RNI6SI21     ORCALUT4     C        In      0.000     4.426       -         
I9.un8_r_irfreq_acc_0_I_45_0_RNI6SI21     ORCALUT4     Z        Out     1.250     5.676       -         
R_phase_1_sqmuxa_1                        Net          -        -       -         -           21        
I9.R_delay_lim[0]                         FD1P3AX      SP       In      0.000     5.676       -         
========================================================================================================


Path information for path number 2: 
      Requested Period:                      5.131
    - Setup time:                            0.360
    + Clock delay at ending point:           0.000 (ideal)
    = Required time:                         4.771

    - Propagation time:                      5.676
    - Clock delay at starting point:         0.000 (ideal)
    = Slack (critical) :                     -0.905

    Number of logic level(s):                6
    Starting point:                          I9.R_delay_acc[1] / Q
    Ending point:                            I9.R_delay_lim[0] / SP
    The start point is clocked by            lego_upravljac|clk_25m [rising] on pin CK
    The end   point is clocked by            lego_upravljac|clk_25m [rising] on pin CK

Instance / Net                                         Pin      Pin               Arrival     No. of    
Name                                      Type         Name     Dir     Delay     Time        Fan Out(s)
--------------------------------------------------------------------------------------------------------
I9.R_delay_acc[1]                         FD1P3IX      Q        Out     1.166     1.166       -         
un5lto1                                   Net          -        -       -         -           3         
I9.un8_r_irfreq_acc_0_I_1_0               CCU2B        A1       In      0.000     1.166       -         
I9.un8_r_irfreq_acc_0_I_1_0               CCU2B        COUT     Out     1.243     2.409       -         
un8_r_irfreq_acc_0_data_tmp[0]            Net          -        -       -         -           1         
I9.un8_r_irfreq_acc_0_I_39_0              CCU2B        CIN      In      0.000     2.409       -         
I9.un8_r_irfreq_acc_0_I_39_0              CCU2B        COUT     Out     0.088     2.497       -         
un8_r_irfreq_acc_0_data_tmp[2]            Net          -        -       -         -           1         
I9.un8_r_irfreq_acc_0_I_21_0              CCU2B        CIN      In      0.000     2.497       -         
I9.un8_r_irfreq_acc_0_I_21_0              CCU2B        COUT     Out     0.088     2.585       -         
un8_r_irfreq_acc_0_data_tmp[4]            Net          -        -       -         -           1         
I9.un8_r_irfreq_acc_0_I_15_0              CCU2B        CIN      In      0.000     2.585       -         
I9.un8_r_irfreq_acc_0_I_15_0              CCU2B        COUT     Out     0.088     2.673       -         
un8_r_irfreq_acc_0_data_tmp[6]            Net          -        -       -         -           1         
I9.un8_r_irfreq_acc_0_I_45_0              CCU2B        CIN      In      0.000     2.673       -         
I9.un8_r_irfreq_acc_0_I_45_0              CCU2B        S1       Out     1.753     4.426       -         
un8_r_irfreq_acc_0_I_45_0_S1              Net          -        -       -         -           8         
I9.un8_r_irfreq_acc_0_I_45_0_RNI6SI21     ORCALUT4     C        In      0.000     4.426       -         
I9.un8_r_irfreq_acc_0_I_45_0_RNI6SI21     ORCALUT4     Z        Out     1.250     5.676       -         
R_phase_1_sqmuxa_1                        Net          -        -       -         -           21        
I9.R_delay_lim[0]                         FD1P3AX      SP       In      0.000     5.676       -         
========================================================================================================


Path information for path number 3: 
      Requested Period:                      5.131
    - Setup time:                            0.360
    + Clock delay at ending point:           0.000 (ideal)
    = Required time:                         4.771

    - Propagation time:                      5.676
    - Clock delay at starting point:         0.000 (ideal)
    = Slack (critical) :                     -0.905

    Number of logic level(s):                6
    Starting point:                          I9.R_delay_acc[0] / Q
    Ending point:                            I9.R_delay_lim[6] / SP
    The start point is clocked by            lego_upravljac|clk_25m [rising] on pin CK
    The end   point is clocked by            lego_upravljac|clk_25m [rising] on pin CK

Instance / Net                                         Pin      Pin               Arrival     No. of    
Name                                      Type         Name     Dir     Delay     Time        Fan Out(s)
--------------------------------------------------------------------------------------------------------
I9.R_delay_acc[0]                         FD1S3IX      Q        Out     1.166     1.166       -         
un5lto0                                   Net          -        -       -         -           3         
I9.un8_r_irfreq_acc_0_I_1_0               CCU2B        C1       In      0.000     1.166       -         
I9.un8_r_irfreq_acc_0_I_1_0               CCU2B        COUT     Out     1.243     2.409       -         
un8_r_irfreq_acc_0_data_tmp[0]            Net          -        -       -         -           1         
I9.un8_r_irfreq_acc_0_I_39_0              CCU2B        CIN      In      0.000     2.409       -         
I9.un8_r_irfreq_acc_0_I_39_0              CCU2B        COUT     Out     0.088     2.497       -         
un8_r_irfreq_acc_0_data_tmp[2]            Net          -        -       -         -           1         
I9.un8_r_irfreq_acc_0_I_21_0              CCU2B        CIN      In      0.000     2.497       -         
I9.un8_r_irfreq_acc_0_I_21_0              CCU2B        COUT     Out     0.088     2.585       -         
un8_r_irfreq_acc_0_data_tmp[4]            Net          -        -       -         -           1         
I9.un8_r_irfreq_acc_0_I_15_0              CCU2B        CIN      In      0.000     2.585       -         
I9.un8_r_irfreq_acc_0_I_15_0              CCU2B        COUT     Out     0.088     2.673       -         
un8_r_irfreq_acc_0_data_tmp[6]            Net          -        -       -         -           1         
I9.un8_r_irfreq_acc_0_I_45_0              CCU2B        CIN      In      0.000     2.673       -         
I9.un8_r_irfreq_acc_0_I_45_0              CCU2B        S1       Out     1.753     4.426       -         
un8_r_irfreq_acc_0_I_45_0_S1              Net          -        -       -         -           8         
I9.un8_r_irfreq_acc_0_I_45_0_RNI6SI21     ORCALUT4     C        In      0.000     4.426       -         
I9.un8_r_irfreq_acc_0_I_45_0_RNI6SI21     ORCALUT4     Z        Out     1.250     5.676       -         
R_phase_1_sqmuxa_1                        Net          -        -       -         -           21        
I9.R_delay_lim[6]                         FD1P3AX      SP       In      0.000     5.676       -         
========================================================================================================


Path information for path number 4: 
      Requested Period:                      5.131
    - Setup time:                            0.360
    + Clock delay at ending point:           0.000 (ideal)
    = Required time:                         4.771

    - Propagation time:                      5.676
    - Clock delay at starting point:         0.000 (ideal)
    = Slack (critical) :                     -0.905

    Number of logic level(s):                6
    Starting point:                          I9.R_delay_acc[0] / Q
    Ending point:                            I9.R_delay_lim[5] / SP
    The start point is clocked by            lego_upravljac|clk_25m [rising] on pin CK
    The end   point is clocked by            lego_upravljac|clk_25m [rising] on pin CK

Instance / Net                                         Pin      Pin               Arrival     No. of    
Name                                      Type         Name     Dir     Delay     Time        Fan Out(s)
--------------------------------------------------------------------------------------------------------
I9.R_delay_acc[0]                         FD1S3IX      Q        Out     1.166     1.166       -         
un5lto0                                   Net          -        -       -         -           3         
I9.un8_r_irfreq_acc_0_I_1_0               CCU2B        C1       In      0.000     1.166       -         
I9.un8_r_irfreq_acc_0_I_1_0               CCU2B        COUT     Out     1.243     2.409       -         
un8_r_irfreq_acc_0_data_tmp[0]            Net          -        -       -         -           1         
I9.un8_r_irfreq_acc_0_I_39_0              CCU2B        CIN      In      0.000     2.409       -         
I9.un8_r_irfreq_acc_0_I_39_0              CCU2B        COUT     Out     0.088     2.497       -         
un8_r_irfreq_acc_0_data_tmp[2]            Net          -        -       -         -           1         
I9.un8_r_irfreq_acc_0_I_21_0              CCU2B        CIN      In      0.000     2.497       -         
I9.un8_r_irfreq_acc_0_I_21_0              CCU2B        COUT     Out     0.088     2.585       -         
un8_r_irfreq_acc_0_data_tmp[4]            Net          -        -       -         -           1         
I9.un8_r_irfreq_acc_0_I_15_0              CCU2B        CIN      In      0.000     2.585       -         
I9.un8_r_irfreq_acc_0_I_15_0              CCU2B        COUT     Out     0.088     2.673       -         
un8_r_irfreq_acc_0_data_tmp[6]            Net          -        -       -         -           1         
I9.un8_r_irfreq_acc_0_I_45_0              CCU2B        CIN      In      0.000     2.673       -         
I9.un8_r_irfreq_acc_0_I_45_0              CCU2B        S1       Out     1.753     4.426       -         
un8_r_irfreq_acc_0_I_45_0_S1              Net          -        -       -         -           8         
I9.un8_r_irfreq_acc_0_I_45_0_RNI6SI21     ORCALUT4     C        In      0.000     4.426       -         
I9.un8_r_irfreq_acc_0_I_45_0_RNI6SI21     ORCALUT4     Z        Out     1.250     5.676       -         
R_phase_1_sqmuxa_1                        Net          -        -       -         -           21        
I9.R_delay_lim[5]                         FD1P3AX      SP       In      0.000     5.676       -         
========================================================================================================


Path information for path number 5: 
      Requested Period:                      5.131
    - Setup time:                            0.360
    + Clock delay at ending point:           0.000 (ideal)
    = Required time:                         4.771

    - Propagation time:                      5.676
    - Clock delay at starting point:         0.000 (ideal)
    = Slack (critical) :                     -0.905

    Number of logic level(s):                6
    Starting point:                          I9.R_delay_acc[0] / Q
    Ending point:                            I9.R_delay_lim[4] / SP
    The start point is clocked by            lego_upravljac|clk_25m [rising] on pin CK
    The end   point is clocked by            lego_upravljac|clk_25m [rising] on pin CK

Instance / Net                                         Pin      Pin               Arrival     No. of    
Name                                      Type         Name     Dir     Delay     Time        Fan Out(s)
--------------------------------------------------------------------------------------------------------
I9.R_delay_acc[0]                         FD1S3IX      Q        Out     1.166     1.166       -         
un5lto0                                   Net          -        -       -         -           3         
I9.un8_r_irfreq_acc_0_I_1_0               CCU2B        C1       In      0.000     1.166       -         
I9.un8_r_irfreq_acc_0_I_1_0               CCU2B        COUT     Out     1.243     2.409       -         
un8_r_irfreq_acc_0_data_tmp[0]            Net          -        -       -         -           1         
I9.un8_r_irfreq_acc_0_I_39_0              CCU2B        CIN      In      0.000     2.409       -         
I9.un8_r_irfreq_acc_0_I_39_0              CCU2B        COUT     Out     0.088     2.497       -         
un8_r_irfreq_acc_0_data_tmp[2]            Net          -        -       -         -           1         
I9.un8_r_irfreq_acc_0_I_21_0              CCU2B        CIN      In      0.000     2.497       -         
I9.un8_r_irfreq_acc_0_I_21_0              CCU2B        COUT     Out     0.088     2.585       -         
un8_r_irfreq_acc_0_data_tmp[4]            Net          -        -       -         -           1         
I9.un8_r_irfreq_acc_0_I_15_0              CCU2B        CIN      In      0.000     2.585       -         
I9.un8_r_irfreq_acc_0_I_15_0              CCU2B        COUT     Out     0.088     2.673       -         
un8_r_irfreq_acc_0_data_tmp[6]            Net          -        -       -         -           1         
I9.un8_r_irfreq_acc_0_I_45_0              CCU2B        CIN      In      0.000     2.673       -         
I9.un8_r_irfreq_acc_0_I_45_0              CCU2B        S1       Out     1.753     4.426       -         
un8_r_irfreq_acc_0_I_45_0_S1              Net          -        -       -         -           8         
I9.un8_r_irfreq_acc_0_I_45_0_RNI6SI21     ORCALUT4     C        In      0.000     4.426       -         
I9.un8_r_irfreq_acc_0_I_45_0_RNI6SI21     ORCALUT4     Z        Out     1.250     5.676       -         
R_phase_1_sqmuxa_1                        Net          -        -       -         -           21        
I9.R_delay_lim[4]                         FD1P3AX      SP       In      0.000     5.676       -         
========================================================================================================




====================================
Detailed Report for Clock: System
====================================



Starting Points with Worst Slack
********************************

             Starting                               Arrival          
Instance     Reference     Type     Pin     Net     Time        Slack
             Clock                                                   
---------------------------------------------------------------------
I20          System        OR2      Z       N_5     0.000       3.850
I21          System        OR2      Z       N_4     0.000       3.850
=====================================================================


Ending Points with Worst Slack
******************************

                    Starting                                             Required          
Instance            Reference     Type        Pin     Net                Time         Slack
                    Clock                                                                  
-------------------------------------------------------------------------------------------
I9.R_tx_word[0]     System        FD1P3AX     D       N_6_i              4.395        3.850
I9.R_tx_word[4]     System        FD1P3AX     D       R_tx_word_5[4]     4.395        3.850
I9.R_tx_word[8]     System        FD1P3AX     D       R_tx_word_5[8]     4.395        3.850
===========================================================================================



Worst Path Information
***********************


Path information for path number 1: 
      Requested Period:                      5.131
    - Setup time:                            0.736
    + Clock delay at ending point:           0.000 (ideal)
    = Required time:                         4.395

    - Propagation time:                      0.545
    - Clock delay at starting point:         0.000 (ideal)
    - Estimated clock delay at start point:  -0.000
    = Slack (non-critical) :                 3.850

    Number of logic level(s):                1
    Starting point:                          I20 / Z
    Ending point:                            I9.R_tx_word[8] / D
    The start point is clocked by            System [rising]
    The end   point is clocked by            lego_upravljac|clk_25m [rising] on pin CK

Instance / Net                     Pin      Pin               Arrival     No. of    
Name                  Type         Name     Dir     Delay     Time        Fan Out(s)
------------------------------------------------------------------------------------
I20                   OR2          Z        Out     0.000     0.000       -         
N_5                   Net          -        -       -         -           3         
I9.R_tx_word_5[8]     ORCALUT4     D        In      0.000     0.000       -         
I9.R_tx_word_5[8]     ORCALUT4     Z        Out     0.545     0.545       -         
R_tx_word_5[8]        Net          -        -       -         -           1         
I9.R_tx_word[8]       FD1P3AX      D        In      0.000     0.545       -         
====================================================================================



##### END OF TIMING REPORT #####]


Finished final timing analysis (Real Time elapsed 0h:00m:02s; CPU Time elapsed 0h:00m:02s; Memory used current: 142MB peak: 143MB)


Finished timing report (Real Time elapsed 0h:00m:02s; CPU Time elapsed 0h:00m:02s; Memory used current: 142MB peak: 143MB)

---------------------------------------
Resource Usage Report
Part: lfxp2_8e-5

Register bits: 69 of 8352 (1%)
PIC Latch:       0
I/O cells:       20


Details:
CCU2B:          27
FD1P3AX:        26
FD1P3IX:        11
FD1S3AX:        30
FD1S3IX:        2
GSR:            1
IB:             7
INV:            2
OB:             13
OR2:            2
ORCALUT4:       46
PUR:            1
VHI:            2
VLO:            2
Mapper successful!

At Mapper Exit (Real Time elapsed 0h:00m:02s; CPU Time elapsed 0h:00m:02s; Memory used current: 53MB peak: 143MB)

Process took 0h:00m:02s realtime, 0h:00m:02s cputime
# Mon Oct 26 00:23:11 2015

###########################################################]


Synthesis exit by 0.

edif2ngd  -l "LatticeXP2" -d LFXP2-8E -path "/home/dafta/Desktop/FER_DL_LABOS/lego" -path "/home/dafta/Desktop/FER_DL_LABOS"   "/home/dafta/Desktop/FER_DL_LABOS/lego/lego_lego.edi" "lego_lego.ngo"   
edif2ngd:  version Diamond (64-bit) 3.5.0.102

Copyright (c) 1991-1994 by NeoCAD Inc. All rights reserved.
Copyright (c) 1995 AT&T Corp.   All rights reserved.
Copyright (c) 1995-2001 Lucent Technologies Inc.  All rights reserved.
Copyright (c) 2001 Agere Systems   All rights reserved.
Copyright (c) 2002-2015 Lattice Semiconductor Corporation,  All rights reserved.
    <postMsg mid="1121028" type="Warning" dynamic="1" navigation="0" arg0="C_clk_freq"  />
Writing the design to lego_lego.ngo...

Total CPU Time: 0 secs  

Total REAL Time: 0 secs  


ngdbuild  -a "LatticeXP2" -d LFXP2-8E  -p "/usr/local/diamond/3.5_x64/ispfpga/mg5a00/data"  -p "/home/dafta/Desktop/FER_DL_LABOS/lego" -p "/home/dafta/Desktop/FER_DL_LABOS"  "lego_lego.ngo" "lego_lego.ngd"  	
ngdbuild:  version Diamond (64-bit) 3.5.0.102

Copyright (c) 1991-1994 by NeoCAD Inc. All rights reserved.
Copyright (c) 1995 AT&T Corp.   All rights reserved.
Copyright (c) 1995-2001 Lucent Technologies Inc.  All rights reserved.
Copyright (c) 2001 Agere Systems   All rights reserved.
Copyright (c) 2002-2015 Lattice Semiconductor Corporation,  All rights reserved.
Reading 'lego_lego.ngo' ...
Loading NGL library '/usr/local/diamond/3.5_x64/ispfpga/mg5a00/data/mg5alib.ngl'...
Loading NGL library '/usr/local/diamond/3.5_x64/ispfpga/ep5a00/data/ep5alib.ngl'...
Loading NGL library '/usr/local/diamond/3.5_x64/ispfpga/ep5g00/data/ep5glib.ngl'...
Loading NGL library '/usr/local/diamond/3.5_x64/ispfpga/or5g00/data/orc5glib.ngl'...


Running DRC...

    <postMsg mid="1166052" type="Warning" dynamic="2" navigation="1" arg0="logical" arg1="I9/un8_r_irfreq_acc_0_I_45_0_COUT" arg2="I9/un8_r_irfreq_acc_0_I_45_0_COUT"  />
    <postMsg mid="1166052" type="Warning" dynamic="2" navigation="1" arg0="logical" arg1="I9/un8_r_irfreq_acc_0_I_45_0_S0" arg2="I9/un8_r_irfreq_acc_0_I_45_0_S0"  />
    <postMsg mid="1166052" type="Warning" dynamic="2" navigation="1" arg0="logical" arg1="I9/un8_r_irfreq_acc_0_I_15_0_S0" arg2="I9/un8_r_irfreq_acc_0_I_15_0_S0"  />
    <postMsg mid="1166052" type="Warning" dynamic="2" navigation="1" arg0="logical" arg1="I9/un8_r_irfreq_acc_0_I_15_0_S1" arg2="I9/un8_r_irfreq_acc_0_I_15_0_S1"  />
    <postMsg mid="1166052" type="Warning" dynamic="2" navigation="1" arg0="logical" arg1="I9/un8_r_irfreq_acc_0_I_21_0_S0" arg2="I9/un8_r_irfreq_acc_0_I_21_0_S0"  />
    <postMsg mid="1166052" type="Warning" dynamic="2" navigation="1" arg0="logical" arg1="I9/un8_r_irfreq_acc_0_I_21_0_S1" arg2="I9/un8_r_irfreq_acc_0_I_21_0_S1"  />
    <postMsg mid="1166052" type="Warning" dynamic="2" navigation="1" arg0="logical" arg1="I9/un8_r_irfreq_acc_0_I_39_0_S0" arg2="I9/un8_r_irfreq_acc_0_I_39_0_S0"  />
    <postMsg mid="1166052" type="Warning" dynamic="2" navigation="1" arg0="logical" arg1="I9/un8_r_irfreq_acc_0_I_39_0_S1" arg2="I9/un8_r_irfreq_acc_0_I_39_0_S1"  />
    <postMsg mid="1166052" type="Warning" dynamic="2" navigation="1" arg0="logical" arg1="I9/un8_r_irfreq_acc_0_I_1_0_S0" arg2="I9/un8_r_irfreq_acc_0_I_1_0_S0"  />
    <postMsg mid="1166052" type="Warning" dynamic="2" navigation="1" arg0="logical" arg1="I9/un8_r_irfreq_acc_0_I_1_0_S1" arg2="I9/un8_r_irfreq_acc_0_I_1_0_S1"  />
    <postMsg mid="1166052" type="Warning" dynamic="2" navigation="1" arg0="logical" arg1="I9/un1_irfreq_acc_next_s_23_0_COUT" arg2="I9/un1_irfreq_acc_next_s_23_0_COUT"  />
    <postMsg mid="1166052" type="Warning" dynamic="2" navigation="1" arg0="logical" arg1="I9/un1_irfreq_acc_next_s_23_0_S1" arg2="I9/un1_irfreq_acc_next_s_23_0_S1"  />
    <postMsg mid="1166052" type="Warning" dynamic="2" navigation="1" arg0="logical" arg1="I9/un1_irfreq_acc_next_cry_0_0_S0" arg2="I9/un1_irfreq_acc_next_cry_0_0_S0"  />
    <postMsg mid="1166052" type="Warning" dynamic="2" navigation="1" arg0="logical" arg1="I9/un1_irfreq_acc_next_cry_0_0_S1" arg2="I9/un1_irfreq_acc_next_cry_0_0_S1"  />
    <postMsg mid="1166052" type="Warning" dynamic="2" navigation="1" arg0="logical" arg1="I9/un2_r_delay_acc_s_15_0_COUT" arg2="I9/un2_r_delay_acc_s_15_0_COUT"  />
    <postMsg mid="1166052" type="Warning" dynamic="2" navigation="1" arg0="logical" arg1="I9/un2_r_delay_acc_s_15_0_S1" arg2="I9/un2_r_delay_acc_s_15_0_S1"  />
    <postMsg mid="1166052" type="Warning" dynamic="2" navigation="1" arg0="logical" arg1="I9/un2_r_delay_acc_cry_0_0_S0" arg2="I9/un2_r_delay_acc_cry_0_0_S0"  />
    <postMsg mid="1166052" type="Warning" dynamic="2" navigation="1" arg0="logical" arg1="I9/un2_r_delay_acc_cry_0_0_S1" arg2="I9/un2_r_delay_acc_cry_0_0_S1"  />
    <postMsg mid="1163101" type="Warning" dynamic="1" navigation="0" arg0="18"  />

Design Results:
    171 blocks expanded
Complete the first expansion.
Writing 'lego_lego.ngd' ...
Total CPU Time: 0 secs  

Total REAL Time: 0 secs  


map -a "LatticeXP2" -p LFXP2-8E -t TQFP144 -s 5 -oc Commercial   "lego_lego.ngd" -o "lego_lego_map.ncd" -pr "lego_lego.prf" -mp "lego_lego.mrp" -lpf "/home/dafta/Desktop/FER_DL_LABOS/lego/lego_lego_synplify.lpf" -lpf "/home/dafta/Desktop/FER_DL_LABOS/ulx2s.lpf"             
map:  version Diamond (64-bit) 3.5.0.102

Copyright (c) 1991-1994 by NeoCAD Inc. All rights reserved.
Copyright (c) 1995 AT&T Corp.   All rights reserved.
Copyright (c) 1995-2001 Lucent Technologies Inc.  All rights reserved.
Copyright (c) 2001 Agere Systems   All rights reserved.
Copyright (c) 2002-2015 Lattice Semiconductor Corporation,  All rights reserved.
   Process the file: lego_lego.ngd
   Picdevice="LFXP2-8E"

   Pictype="TQFP144"

   Picspeed=5

   Remove unused logic

   Do not produce over sized NCDs.

Part used: LFXP2-8ETQFP144, Performance used: 5.

    <postMsg mid="1100679" type="Warning" dynamic="2" navigation="2" arg0="/home/dafta/Desktop/FER_DL_LABOS/ulx2s.lpf(18): Semantic error in &quot;LOCATE COMP &quot;rs232_rx&quot; SITE &quot;10&quot; ;&quot;: " arg1="rs232_rx" arg2="/home/dafta/Desktop/FER_DL_LABOS/ulx2s.lpf" arg3="18"  />
    <postMsg mid="1100679" type="Warning" dynamic="2" navigation="2" arg0="/home/dafta/Desktop/FER_DL_LABOS/ulx2s.lpf(19): Semantic error in &quot;LOCATE COMP &quot;rs232_tx&quot; SITE &quot;137&quot; ;&quot;: " arg1="rs232_tx" arg2="/home/dafta/Desktop/FER_DL_LABOS/ulx2s.lpf" arg3="19"  />
    <postMsg mid="1100679" type="Warning" dynamic="2" navigation="2" arg0="/home/dafta/Desktop/FER_DL_LABOS/ulx2s.lpf(34): Semantic error in &quot;LOCATE COMP &quot;sw_2&quot; SITE &quot;129&quot; ;&quot;: " arg1="sw_2" arg2="/home/dafta/Desktop/FER_DL_LABOS/ulx2s.lpf" arg3="34"  />
    <postMsg mid="1100679" type="Warning" dynamic="2" navigation="2" arg0="/home/dafta/Desktop/FER_DL_LABOS/ulx2s.lpf(35): Semantic error in &quot;LOCATE COMP &quot;sw_3&quot; SITE &quot;130&quot; ;&quot;: " arg1="sw_3" arg2="/home/dafta/Desktop/FER_DL_LABOS/ulx2s.lpf" arg3="35"  />
    <postMsg mid="1100679" type="Warning" dynamic="2" navigation="2" arg0="/home/dafta/Desktop/FER_DL_LABOS/ulx2s.lpf(42): Semantic error in &quot;LOCATE COMP &quot;btn_center&quot; SITE &quot;22&quot; ;&quot;: " arg1="btn_center" arg2="/home/dafta/Desktop/FER_DL_LABOS/ulx2s.lpf" arg3="42"  />
    <postMsg mid="1100679" type="Warning" dynamic="2" navigation="2" arg0="/home/dafta/Desktop/FER_DL_LABOS/ulx2s.lpf(52): Semantic error in &quot;LOCATE COMP &quot;flash_cen&quot; SITE &quot;13&quot; ;&quot;: " arg1="flash_cen" arg2="/home/dafta/Desktop/FER_DL_LABOS/ulx2s.lpf" arg3="52"  />
    <postMsg mid="1100679" type="Warning" dynamic="2" navigation="2" arg0="/home/dafta/Desktop/FER_DL_LABOS/ulx2s.lpf(53): Semantic error in &quot;LOCATE COMP &quot;flash_sck&quot; SITE &quot;16&quot; ;&quot;: " arg1="flash_sck" arg2="/home/dafta/Desktop/FER_DL_LABOS/ulx2s.lpf" arg3="53"  />
    <postMsg mid="1100679" type="Warning" dynamic="2" navigation="2" arg0="/home/dafta/Desktop/FER_DL_LABOS/ulx2s.lpf(54): Semantic error in &quot;LOCATE COMP &quot;flash_si&quot; SITE &quot;19&quot; ;&quot;: " arg1="flash_si" arg2="/home/dafta/Desktop/FER_DL_LABOS/ulx2s.lpf" arg3="54"  />
    <postMsg mid="1100679" type="Warning" dynamic="2" navigation="2" arg0="/home/dafta/Desktop/FER_DL_LABOS/ulx2s.lpf(55): Semantic error in &quot;LOCATE COMP &quot;flash_so&quot; SITE &quot;18&quot; ;&quot;: " arg1="flash_so" arg2="/home/dafta/Desktop/FER_DL_LABOS/ulx2s.lpf" arg3="55"  />
    <postMsg mid="1100679" type="Warning" dynamic="2" navigation="2" arg0="/home/dafta/Desktop/FER_DL_LABOS/ulx2s.lpf(58): Semantic error in &quot;LOCATE COMP &quot;sdcard_cen&quot; SITE &quot;15&quot; ;&quot;: " arg1="sdcard_cen" arg2="/home/dafta/Desktop/FER_DL_LABOS/ulx2s.lpf" arg3="58"  />
    <postMsg mid="1100679" type="Warning" dynamic="2" navigation="2" arg0="/home/dafta/Desktop/FER_DL_LABOS/ulx2s.lpf(59): Semantic error in &quot;LOCATE COMP &quot;sdcard_sck&quot; SITE &quot;20&quot; ;&quot;: " arg1="sdcard_sck" arg2="/home/dafta/Desktop/FER_DL_LABOS/ulx2s.lpf" arg3="59"  />
    <postMsg mid="1100679" type="Warning" dynamic="2" navigation="2" arg0="/home/dafta/Desktop/FER_DL_LABOS/ulx2s.lpf(60): Semantic error in &quot;LOCATE COMP &quot;sdcard_si&quot; SITE &quot;17&quot; ;&quot;: " arg1="sdcard_si" arg2="/home/dafta/Desktop/FER_DL_LABOS/ulx2s.lpf" arg3="60"  />
    <postMsg mid="1100679" type="Warning" dynamic="2" navigation="2" arg0="/home/dafta/Desktop/FER_DL_LABOS/ulx2s.lpf(61): Semantic error in &quot;LOCATE COMP &quot;sdcard_so&quot; SITE &quot;21&quot; ;&quot;: " arg1="sdcard_so" arg2="/home/dafta/Desktop/FER_DL_LABOS/ulx2s.lpf" arg3="61"  />
    <postMsg mid="1100679" type="Warning" dynamic="2" navigation="2" arg0="/home/dafta/Desktop/FER_DL_LABOS/ulx2s.lpf(64): Semantic error in &quot;LOCATE COMP &quot;sram_wel&quot; SITE &quot;93&quot; ;&quot;: " arg1="sram_wel" arg2="/home/dafta/Desktop/FER_DL_LABOS/ulx2s.lpf" arg3="64"  />
    <postMsg mid="1100679" type="Warning" dynamic="2" navigation="2" arg0="/home/dafta/Desktop/FER_DL_LABOS/ulx2s.lpf(65): Semantic error in &quot;LOCATE COMP &quot;sram_lbl&quot; SITE &quot;120&quot; ;&quot;: " arg1="sram_lbl" arg2="/home/dafta/Desktop/FER_DL_LABOS/ulx2s.lpf" arg3="65"  />
    <postMsg mid="1100679" type="Warning" dynamic="2" navigation="2" arg0="/home/dafta/Desktop/FER_DL_LABOS/ulx2s.lpf(66): Semantic error in &quot;LOCATE COMP &quot;sram_ubl&quot; SITE &quot;121&quot; ;&quot;: " arg1="sram_ubl" arg2="/home/dafta/Desktop/FER_DL_LABOS/ulx2s.lpf" arg3="66"  />
    <postMsg mid="1100679" type="Warning" dynamic="2" navigation="2" arg0="/home/dafta/Desktop/FER_DL_LABOS/ulx2s.lpf(67): Semantic error in &quot;LOCATE COMP &quot;sram_a_0&quot; SITE &quot;101&quot; ;&quot;: " arg1="sram_a_0" arg2="/home/dafta/Desktop/FER_DL_LABOS/ulx2s.lpf" arg3="67"  />
    <postMsg mid="1100679" type="Warning" dynamic="2" navigation="2" arg0="/home/dafta/Desktop/FER_DL_LABOS/ulx2s.lpf(68): Semantic error in &quot;LOCATE COMP &quot;sram_a_1&quot; SITE &quot;103&quot; ;&quot;: " arg1="sram_a_1" arg2="/home/dafta/Desktop/FER_DL_LABOS/ulx2s.lpf" arg3="68"  />
    <postMsg mid="1100679" type="Warning" dynamic="2" navigation="2" arg0="/home/dafta/Desktop/FER_DL_LABOS/ulx2s.lpf(69): Semantic error in &quot;LOCATE COMP &quot;sram_a_2&quot; SITE &quot;104&quot; ;&quot;: " arg1="sram_a_2" arg2="/home/dafta/Desktop/FER_DL_LABOS/ulx2s.lpf" arg3="69"  />
    <postMsg mid="1100679" type="Warning" dynamic="2" navigation="2" arg0="/home/dafta/Desktop/FER_DL_LABOS/ulx2s.lpf(70): Semantic error in &quot;LOCATE COMP &quot;sram_a_3&quot; SITE &quot;107&quot; ;&quot;: " arg1="sram_a_3" arg2="/home/dafta/Desktop/FER_DL_LABOS/ulx2s.lpf" arg3="70"  />
    <postMsg mid="1100679" type="Warning" dynamic="2" navigation="2" arg0="/home/dafta/Desktop/FER_DL_LABOS/ulx2s.lpf(71): Semantic error in &quot;LOCATE COMP &quot;sram_a_4&quot; SITE &quot;108&quot; ;&quot;: " arg1="sram_a_4" arg2="/home/dafta/Desktop/FER_DL_LABOS/ulx2s.lpf" arg3="71"  />
    <postMsg mid="1100679" type="Warning" dynamic="2" navigation="2" arg0="/home/dafta/Desktop/FER_DL_LABOS/ulx2s.lpf(72): Semantic error in &quot;LOCATE COMP &quot;sram_a_5&quot; SITE &quot;125&quot; ;&quot;: " arg1="sram_a_5" arg2="/home/dafta/Desktop/FER_DL_LABOS/ulx2s.lpf" arg3="72"  />
    <postMsg mid="1100679" type="Warning" dynamic="2" navigation="2" arg0="/home/dafta/Desktop/FER_DL_LABOS/ulx2s.lpf(73): Semantic error in &quot;LOCATE COMP &quot;sram_a_6&quot; SITE &quot;127&quot; ;&quot;: " arg1="sram_a_6" arg2="/home/dafta/Desktop/FER_DL_LABOS/ulx2s.lpf" arg3="73"  />
    <postMsg mid="1100679" type="Warning" dynamic="2" navigation="2" arg0="/home/dafta/Desktop/FER_DL_LABOS/ulx2s.lpf(74): Semantic error in &quot;LOCATE COMP &quot;sram_a_7&quot; SITE &quot;122&quot; ;&quot;: " arg1="sram_a_7" arg2="/home/dafta/Desktop/FER_DL_LABOS/ulx2s.lpf" arg3="74"  />
    <postMsg mid="1100679" type="Warning" dynamic="2" navigation="2" arg0="/home/dafta/Desktop/FER_DL_LABOS/ulx2s.lpf(75): Semantic error in &quot;LOCATE COMP &quot;sram_a_8&quot; SITE &quot;58&quot; ;&quot;: " arg1="sram_a_8" arg2="/home/dafta/Desktop/FER_DL_LABOS/ulx2s.lpf" arg3="75"  />
    <postMsg mid="1100679" type="Warning" dynamic="2" navigation="2" arg0="/home/dafta/Desktop/FER_DL_LABOS/ulx2s.lpf(76): Semantic error in &quot;LOCATE COMP &quot;sram_a_9&quot; SITE &quot;53&quot; ;&quot;: " arg1="sram_a_9" arg2="/home/dafta/Desktop/FER_DL_LABOS/ulx2s.lpf" arg3="76"  />
    <postMsg mid="1100679" type="Warning" dynamic="2" navigation="2" arg0="/home/dafta/Desktop/FER_DL_LABOS/ulx2s.lpf(77): Semantic error in &quot;LOCATE COMP &quot;sram_a_10&quot; SITE &quot;54&quot; ;&quot;: " arg1="sram_a_10" arg2="/home/dafta/Desktop/FER_DL_LABOS/ulx2s.lpf" arg3="77"  />
    <postMsg mid="1100679" type="Warning" dynamic="2" navigation="2" arg0="/home/dafta/Desktop/FER_DL_LABOS/ulx2s.lpf(78): Semantic error in &quot;LOCATE COMP &quot;sram_a_11&quot; SITE &quot;55&quot; ;&quot;: " arg1="sram_a_11" arg2="/home/dafta/Desktop/FER_DL_LABOS/ulx2s.lpf" arg3="78"  />
    <postMsg mid="1100679" type="Warning" dynamic="2" navigation="2" arg0="/home/dafta/Desktop/FER_DL_LABOS/ulx2s.lpf(79): Semantic error in &quot;LOCATE COMP &quot;sram_a_12&quot; SITE &quot;56&quot; ;&quot;: " arg1="sram_a_12" arg2="/home/dafta/Desktop/FER_DL_LABOS/ulx2s.lpf" arg3="79"  />
    <postMsg mid="1100679" type="Warning" dynamic="2" navigation="2" arg0="/home/dafta/Desktop/FER_DL_LABOS/ulx2s.lpf(80): Semantic error in &quot;LOCATE COMP &quot;sram_a_13&quot; SITE &quot;57&quot; ;&quot;: " arg1="sram_a_13" arg2="/home/dafta/Desktop/FER_DL_LABOS/ulx2s.lpf" arg3="80"  />
    <postMsg mid="1100679" type="Warning" dynamic="2" navigation="2" arg0="/home/dafta/Desktop/FER_DL_LABOS/ulx2s.lpf(81): Semantic error in &quot;LOCATE COMP &quot;sram_a_14&quot; SITE &quot;73&quot; ;&quot;: " arg1="sram_a_14" arg2="/home/dafta/Desktop/FER_DL_LABOS/ulx2s.lpf" arg3="81"  />
    <postMsg mid="1100679" type="Warning" dynamic="2" navigation="2" arg0="/home/dafta/Desktop/FER_DL_LABOS/ulx2s.lpf(82): Semantic error in &quot;LOCATE COMP &quot;sram_a_15&quot; SITE &quot;74&quot; ;&quot;: " arg1="sram_a_15" arg2="/home/dafta/Desktop/FER_DL_LABOS/ulx2s.lpf" arg3="82"  />
    <postMsg mid="1100679" type="Warning" dynamic="2" navigation="2" arg0="/home/dafta/Desktop/FER_DL_LABOS/ulx2s.lpf(83): Semantic error in &quot;LOCATE COMP &quot;sram_a_16&quot; SITE &quot;77&quot; ;&quot;: " arg1="sram_a_16" arg2="/home/dafta/Desktop/FER_DL_LABOS/ulx2s.lpf" arg3="83"  />
    <postMsg mid="1100679" type="Warning" dynamic="2" navigation="2" arg0="/home/dafta/Desktop/FER_DL_LABOS/ulx2s.lpf(84): Semantic error in &quot;LOCATE COMP &quot;sram_a_17&quot; SITE &quot;78&quot; ;&quot;: " arg1="sram_a_17" arg2="/home/dafta/Desktop/FER_DL_LABOS/ulx2s.lpf" arg3="84"  />
    <postMsg mid="1100679" type="Warning" dynamic="2" navigation="2" arg0="/home/dafta/Desktop/FER_DL_LABOS/ulx2s.lpf(85): Semantic error in &quot;LOCATE COMP &quot;sram_a_18&quot; SITE &quot;94&quot; ;&quot;: " arg1="sram_a_18" arg2="/home/dafta/Desktop/FER_DL_LABOS/ulx2s.lpf" arg3="85"  />
    <postMsg mid="1100679" type="Warning" dynamic="2" navigation="2" arg0="/home/dafta/Desktop/FER_DL_LABOS/ulx2s.lpf(86): Semantic error in &quot;LOCATE COMP &quot;sram_d_0&quot; SITE &quot;98&quot; ;&quot;: " arg1="sram_d_0" arg2="/home/dafta/Desktop/FER_DL_LABOS/ulx2s.lpf" arg3="86"  />
    <postMsg mid="1100679" type="Warning" dynamic="2" navigation="2" arg0="/home/dafta/Desktop/FER_DL_LABOS/ulx2s.lpf(87): Semantic error in &quot;LOCATE COMP &quot;sram_d_1&quot; SITE &quot;96&quot; ;&quot;: " arg1="sram_d_1" arg2="/home/dafta/Desktop/FER_DL_LABOS/ulx2s.lpf" arg3="87"  />
    <postMsg mid="1100679" type="Warning" dynamic="2" navigation="2" arg0="/home/dafta/Desktop/FER_DL_LABOS/ulx2s.lpf(88): Semantic error in &quot;LOCATE COMP &quot;sram_d_2&quot; SITE &quot;92&quot; ;&quot;: " arg1="sram_d_2" arg2="/home/dafta/Desktop/FER_DL_LABOS/ulx2s.lpf" arg3="88"  />
    <postMsg mid="1100679" type="Warning" dynamic="2" navigation="2" arg0="/home/dafta/Desktop/FER_DL_LABOS/ulx2s.lpf(89): Semantic error in &quot;LOCATE COMP &quot;sram_d_3&quot; SITE &quot;91&quot; ;&quot;: " arg1="sram_d_3" arg2="/home/dafta/Desktop/FER_DL_LABOS/ulx2s.lpf" arg3="89"  />
    <postMsg mid="1100679" type="Warning" dynamic="2" navigation="2" arg0="/home/dafta/Desktop/FER_DL_LABOS/ulx2s.lpf(90): Semantic error in &quot;LOCATE COMP &quot;sram_d_4&quot; SITE &quot;89&quot; ;&quot;: " arg1="sram_d_4" arg2="/home/dafta/Desktop/FER_DL_LABOS/ulx2s.lpf" arg3="90"  />
    <postMsg mid="1100679" type="Warning" dynamic="2" navigation="2" arg0="/home/dafta/Desktop/FER_DL_LABOS/ulx2s.lpf(91): Semantic error in &quot;LOCATE COMP &quot;sram_d_5&quot; SITE &quot;88&quot; ;&quot;: " arg1="sram_d_5" arg2="/home/dafta/Desktop/FER_DL_LABOS/ulx2s.lpf" arg3="91"  />
    <postMsg mid="1100679" type="Warning" dynamic="2" navigation="2" arg0="/home/dafta/Desktop/FER_DL_LABOS/ulx2s.lpf(92): Semantic error in &quot;LOCATE COMP &quot;sram_d_6&quot; SITE &quot;87&quot; ;&quot;: " arg1="sram_d_6" arg2="/home/dafta/Desktop/FER_DL_LABOS/ulx2s.lpf" arg3="92"  />
    <postMsg mid="1100679" type="Warning" dynamic="2" navigation="2" arg0="/home/dafta/Desktop/FER_DL_LABOS/ulx2s.lpf(93): Semantic error in &quot;LOCATE COMP &quot;sram_d_7&quot; SITE &quot;90&quot; ;&quot;: " arg1="sram_d_7" arg2="/home/dafta/Desktop/FER_DL_LABOS/ulx2s.lpf" arg3="93"  />
    <postMsg mid="1100679" type="Warning" dynamic="2" navigation="2" arg0="/home/dafta/Desktop/FER_DL_LABOS/ulx2s.lpf(94): Semantic error in &quot;LOCATE COMP &quot;sram_d_8&quot; SITE &quot;61&quot; ;&quot;: " arg1="sram_d_8" arg2="/home/dafta/Desktop/FER_DL_LABOS/ulx2s.lpf" arg3="94"  />
    <postMsg mid="1100679" type="Warning" dynamic="2" navigation="2" arg0="/home/dafta/Desktop/FER_DL_LABOS/ulx2s.lpf(95): Semantic error in &quot;LOCATE COMP &quot;sram_d_9&quot; SITE &quot;62&quot; ;&quot;: " arg1="sram_d_9" arg2="/home/dafta/Desktop/FER_DL_LABOS/ulx2s.lpf" arg3="95"  />
    <postMsg mid="1100679" type="Warning" dynamic="2" navigation="2" arg0="/home/dafta/Desktop/FER_DL_LABOS/ulx2s.lpf(96): Semantic error in &quot;LOCATE COMP &quot;sram_d_10&quot; SITE &quot;99&quot; ;&quot;: " arg1="sram_d_10" arg2="/home/dafta/Desktop/FER_DL_LABOS/ulx2s.lpf" arg3="96"  />
    <postMsg mid="1100679" type="Warning" dynamic="2" navigation="2" arg0="/home/dafta/Desktop/FER_DL_LABOS/ulx2s.lpf(97): Semantic error in &quot;LOCATE COMP &quot;sram_d_11&quot; SITE &quot;100&quot; ;&quot;: " arg1="sram_d_11" arg2="/home/dafta/Desktop/FER_DL_LABOS/ulx2s.lpf" arg3="97"  />
    <postMsg mid="1100679" type="Warning" dynamic="2" navigation="2" arg0="/home/dafta/Desktop/FER_DL_LABOS/ulx2s.lpf(98): Semantic error in &quot;LOCATE COMP &quot;sram_d_12&quot; SITE &quot;102&quot; ;&quot;: " arg1="sram_d_12" arg2="/home/dafta/Desktop/FER_DL_LABOS/ulx2s.lpf" arg3="98"  />
    <postMsg mid="1100679" type="Warning" dynamic="2" navigation="2" arg0="/home/dafta/Desktop/FER_DL_LABOS/ulx2s.lpf(99): Semantic error in &quot;LOCATE COMP &quot;sram_d_13&quot; SITE &quot;113&quot; ;&quot;: " arg1="sram_d_13" arg2="/home/dafta/Desktop/FER_DL_LABOS/ulx2s.lpf" arg3="99"  />
    <postMsg mid="1100679" type="Warning" dynamic="2" navigation="2" arg0="/home/dafta/Desktop/FER_DL_LABOS/ulx2s.lpf(100): Semantic error in &quot;LOCATE COMP &quot;sram_d_14&quot; SITE &quot;116&quot; ;&quot;: " arg1="sram_d_14" arg2="/home/dafta/Desktop/FER_DL_LABOS/ulx2s.lpf" arg3="100"  />
    <postMsg mid="1100679" type="Warning" dynamic="2" navigation="2" arg0="/home/dafta/Desktop/FER_DL_LABOS/ulx2s.lpf(101): Semantic error in &quot;LOCATE COMP &quot;sram_d_15&quot; SITE &quot;119&quot; ;&quot;: " arg1="sram_d_15" arg2="/home/dafta/Desktop/FER_DL_LABOS/ulx2s.lpf" arg3="101"  />
    <postMsg mid="1100679" type="Warning" dynamic="2" navigation="2" arg0="/home/dafta/Desktop/FER_DL_LABOS/ulx2s.lpf(105): Semantic error in &quot;LOCATE COMP &quot;j1_2&quot; SITE &quot;131&quot; ;&quot;: " arg1="j1_2" arg2="/home/dafta/Desktop/FER_DL_LABOS/ulx2s.lpf" arg3="105"  />
    <postMsg mid="1100679" type="Warning" dynamic="2" navigation="2" arg0="/home/dafta/Desktop/FER_DL_LABOS/ulx2s.lpf(106): Semantic error in &quot;LOCATE COMP &quot;j1_3&quot; SITE &quot;134&quot; ;&quot;: " arg1="j1_3" arg2="/home/dafta/Desktop/FER_DL_LABOS/ulx2s.lpf" arg3="106"  />
    <postMsg mid="1100679" type="Warning" dynamic="2" navigation="2" arg0="/home/dafta/Desktop/FER_DL_LABOS/ulx2s.lpf(107): Semantic error in &quot;LOCATE COMP &quot;j1_4&quot; SITE &quot;9&quot; ;&quot;: " arg1="j1_4" arg2="/home/dafta/Desktop/FER_DL_LABOS/ulx2s.lpf" arg3="107"  />
    <postMsg mid="1100679" type="Warning" dynamic="2" navigation="2" arg0="/home/dafta/Desktop/FER_DL_LABOS/ulx2s.lpf(108): Semantic error in &quot;LOCATE COMP &quot;j1_5&quot; SITE &quot;138&quot; ;&quot;: " arg1="j1_5" arg2="/home/dafta/Desktop/FER_DL_LABOS/ulx2s.lpf" arg3="108"  />
    <postMsg mid="1100679" type="Warning" dynamic="2" navigation="2" arg0="/home/dafta/Desktop/FER_DL_LABOS/ulx2s.lpf(109): Semantic error in &quot;LOCATE COMP &quot;j1_6&quot; SITE &quot;6&quot; ;&quot;: " arg1="j1_6" arg2="/home/dafta/Desktop/FER_DL_LABOS/ulx2s.lpf" arg3="109"  />
    <postMsg mid="1100679" type="Warning" dynamic="2" navigation="2" arg0="/home/dafta/Desktop/FER_DL_LABOS/ulx2s.lpf(110): Semantic error in &quot;LOCATE COMP &quot;j1_7&quot; SITE &quot;5&quot; ;&quot;: " arg1="j1_7" arg2="/home/dafta/Desktop/FER_DL_LABOS/ulx2s.lpf" arg3="110"  />
    <postMsg mid="1100679" type="Warning" dynamic="2" navigation="2" arg0="/home/dafta/Desktop/FER_DL_LABOS/ulx2s.lpf(111): Semantic error in &quot;LOCATE COMP &quot;j1_8&quot; SITE &quot;8&quot; ;&quot;: " arg1="j1_8" arg2="/home/dafta/Desktop/FER_DL_LABOS/ulx2s.lpf" arg3="111"  />
    <postMsg mid="1100679" type="Warning" dynamic="2" navigation="2" arg0="/home/dafta/Desktop/FER_DL_LABOS/ulx2s.lpf(112): Semantic error in &quot;LOCATE COMP &quot;j1_9&quot; SITE &quot;7&quot; ;&quot;: " arg1="j1_9" arg2="/home/dafta/Desktop/FER_DL_LABOS/ulx2s.lpf" arg3="112"  />
    <postMsg mid="1100679" type="Warning" dynamic="2" navigation="2" arg0="/home/dafta/Desktop/FER_DL_LABOS/ulx2s.lpf(113): Semantic error in &quot;LOCATE COMP &quot;j1_10&quot; SITE &quot;1&quot; ;&quot;: " arg1="j1_10" arg2="/home/dafta/Desktop/FER_DL_LABOS/ulx2s.lpf" arg3="113"  />
    <postMsg mid="1100679" type="Warning" dynamic="2" navigation="2" arg0="/home/dafta/Desktop/FER_DL_LABOS/ulx2s.lpf(114): Semantic error in &quot;LOCATE COMP &quot;j1_11&quot; SITE &quot;2&quot; ;&quot;: " arg1="j1_11" arg2="/home/dafta/Desktop/FER_DL_LABOS/ulx2s.lpf" arg3="114"  />
    <postMsg mid="1100679" type="Warning" dynamic="2" navigation="2" arg0="/home/dafta/Desktop/FER_DL_LABOS/ulx2s.lpf(115): Semantic error in &quot;LOCATE COMP &quot;j1_12&quot; SITE &quot;144&quot; ;&quot;: " arg1="j1_12" arg2="/home/dafta/Desktop/FER_DL_LABOS/ulx2s.lpf" arg3="115"  />
    <postMsg mid="1100679" type="Warning" dynamic="2" navigation="2" arg0="/home/dafta/Desktop/FER_DL_LABOS/ulx2s.lpf(116): Semantic error in &quot;LOCATE COMP &quot;j1_13&quot; SITE &quot;143&quot; ;&quot;: " arg1="j1_13" arg2="/home/dafta/Desktop/FER_DL_LABOS/ulx2s.lpf" arg3="116"  />
    <postMsg mid="1100679" type="Warning" dynamic="2" navigation="2" arg0="/home/dafta/Desktop/FER_DL_LABOS/ulx2s.lpf(117): Semantic error in &quot;LOCATE COMP &quot;j1_14&quot; SITE &quot;142&quot; ;&quot;: " arg1="j1_14" arg2="/home/dafta/Desktop/FER_DL_LABOS/ulx2s.lpf" arg3="117"  />
    <postMsg mid="1100679" type="Warning" dynamic="2" navigation="2" arg0="/home/dafta/Desktop/FER_DL_LABOS/ulx2s.lpf(118): Semantic error in &quot;LOCATE COMP &quot;j1_15&quot; SITE &quot;141&quot; ;&quot;: " arg1="j1_15" arg2="/home/dafta/Desktop/FER_DL_LABOS/ulx2s.lpf" arg3="118"  />
    <postMsg mid="1100679" type="Warning" dynamic="2" navigation="2" arg0="/home/dafta/Desktop/FER_DL_LABOS/ulx2s.lpf(119): Semantic error in &quot;LOCATE COMP &quot;j1_16&quot; SITE &quot;133&quot; ;&quot;: " arg1="j1_16" arg2="/home/dafta/Desktop/FER_DL_LABOS/ulx2s.lpf" arg3="119"  />
    <postMsg mid="1100679" type="Warning" dynamic="2" navigation="2" arg0="/home/dafta/Desktop/FER_DL_LABOS/ulx2s.lpf(120): Semantic error in &quot;LOCATE COMP &quot;j1_17&quot; SITE &quot;132&quot; ;&quot;: " arg1="j1_17" arg2="/home/dafta/Desktop/FER_DL_LABOS/ulx2s.lpf" arg3="120"  />
    <postMsg mid="1100679" type="Warning" dynamic="2" navigation="2" arg0="/home/dafta/Desktop/FER_DL_LABOS/ulx2s.lpf(121): Semantic error in &quot;LOCATE COMP &quot;j1_19&quot; SITE &quot;123&quot; ;&quot;: " arg1="j1_19" arg2="/home/dafta/Desktop/FER_DL_LABOS/ulx2s.lpf" arg3="121"  />
    <postMsg mid="1100679" type="Warning" dynamic="2" navigation="2" arg0="/home/dafta/Desktop/FER_DL_LABOS/ulx2s.lpf(122): Semantic error in &quot;LOCATE COMP &quot;j1_18&quot; SITE &quot;124&quot; ;&quot;: " arg1="j1_18" arg2="/home/dafta/Desktop/FER_DL_LABOS/ulx2s.lpf" arg3="122"  />
    <postMsg mid="1100679" type="Warning" dynamic="2" navigation="2" arg0="/home/dafta/Desktop/FER_DL_LABOS/ulx2s.lpf(123): Semantic error in &quot;LOCATE COMP &quot;j1_20&quot; SITE &quot;115&quot; ;&quot;: " arg1="j1_20" arg2="/home/dafta/Desktop/FER_DL_LABOS/ulx2s.lpf" arg3="123"  />
    <postMsg mid="1100679" type="Warning" dynamic="2" navigation="2" arg0="/home/dafta/Desktop/FER_DL_LABOS/ulx2s.lpf(124): Semantic error in &quot;LOCATE COMP &quot;j1_21&quot; SITE &quot;114&quot; ;&quot;: " arg1="j1_21" arg2="/home/dafta/Desktop/FER_DL_LABOS/ulx2s.lpf" arg3="124"  />
    <postMsg mid="1100679" type="Warning" dynamic="2" navigation="2" arg0="/home/dafta/Desktop/FER_DL_LABOS/ulx2s.lpf(125): Semantic error in &quot;LOCATE COMP &quot;j1_22&quot; SITE &quot;110&quot; ;&quot;: " arg1="j1_22" arg2="/home/dafta/Desktop/FER_DL_LABOS/ulx2s.lpf" arg3="125"  />
    <postMsg mid="1100679" type="Warning" dynamic="2" navigation="2" arg0="/home/dafta/Desktop/FER_DL_LABOS/ulx2s.lpf(126): Semantic error in &quot;LOCATE COMP &quot;j1_23&quot; SITE &quot;109&quot; ;&quot;: " arg1="j1_23" arg2="/home/dafta/Desktop/FER_DL_LABOS/ulx2s.lpf" arg3="126"  />
    <postMsg mid="1100679" type="Warning" dynamic="2" navigation="2" arg0="/home/dafta/Desktop/FER_DL_LABOS/ulx2s.lpf(131): Semantic error in &quot;LOCATE COMP &quot;j2_2&quot; SITE &quot;72&quot; ;&quot;: " arg1="j2_2" arg2="/home/dafta/Desktop/FER_DL_LABOS/ulx2s.lpf" arg3="131"  />
    <postMsg mid="1100679" type="Warning" dynamic="2" navigation="2" arg0="/home/dafta/Desktop/FER_DL_LABOS/ulx2s.lpf(132): Semantic error in &quot;LOCATE COMP &quot;j2_3&quot; SITE &quot;71&quot; ;&quot;: " arg1="j2_3" arg2="/home/dafta/Desktop/FER_DL_LABOS/ulx2s.lpf" arg3="132"  />
    <postMsg mid="1100679" type="Warning" dynamic="2" navigation="2" arg0="/home/dafta/Desktop/FER_DL_LABOS/ulx2s.lpf(133): Semantic error in &quot;LOCATE COMP &quot;j2_4&quot; SITE &quot;70&quot; ;&quot;: " arg1="j2_4" arg2="/home/dafta/Desktop/FER_DL_LABOS/ulx2s.lpf" arg3="133"  />
    <postMsg mid="1100679" type="Warning" dynamic="2" navigation="2" arg0="/home/dafta/Desktop/FER_DL_LABOS/ulx2s.lpf(134): Semantic error in &quot;LOCATE COMP &quot;j2_5&quot; SITE &quot;69&quot; ;&quot;: " arg1="j2_5" arg2="/home/dafta/Desktop/FER_DL_LABOS/ulx2s.lpf" arg3="134"  />
    <postMsg mid="1100679" type="Warning" dynamic="2" navigation="2" arg0="/home/dafta/Desktop/FER_DL_LABOS/ulx2s.lpf(135): Semantic error in &quot;LOCATE COMP &quot;j2_6&quot; SITE &quot;66&quot; ;&quot;: " arg1="j2_6" arg2="/home/dafta/Desktop/FER_DL_LABOS/ulx2s.lpf" arg3="135"  />
    <postMsg mid="1100679" type="Warning" dynamic="2" navigation="2" arg0="/home/dafta/Desktop/FER_DL_LABOS/ulx2s.lpf(136): Semantic error in &quot;LOCATE COMP &quot;j2_7&quot; SITE &quot;65&quot; ;&quot;: " arg1="j2_7" arg2="/home/dafta/Desktop/FER_DL_LABOS/ulx2s.lpf" arg3="136"  />
    <postMsg mid="1100679" type="Warning" dynamic="2" navigation="2" arg0="/home/dafta/Desktop/FER_DL_LABOS/ulx2s.lpf(137): Semantic error in &quot;LOCATE COMP &quot;j2_8&quot; SITE &quot;52&quot; ;&quot;: " arg1="j2_8" arg2="/home/dafta/Desktop/FER_DL_LABOS/ulx2s.lpf" arg3="137"  />
    <postMsg mid="1100679" type="Warning" dynamic="2" navigation="2" arg0="/home/dafta/Desktop/FER_DL_LABOS/ulx2s.lpf(138): Semantic error in &quot;LOCATE COMP &quot;j2_9&quot; SITE &quot;50&quot; ;&quot;: " arg1="j2_9" arg2="/home/dafta/Desktop/FER_DL_LABOS/ulx2s.lpf" arg3="138"  />
    <postMsg mid="1100679" type="Warning" dynamic="2" navigation="2" arg0="/home/dafta/Desktop/FER_DL_LABOS/ulx2s.lpf(139): Semantic error in &quot;LOCATE COMP &quot;j2_10&quot; SITE &quot;48&quot; ;&quot;: " arg1="j2_10" arg2="/home/dafta/Desktop/FER_DL_LABOS/ulx2s.lpf" arg3="139"  />
    <postMsg mid="1100679" type="Warning" dynamic="2" navigation="2" arg0="/home/dafta/Desktop/FER_DL_LABOS/ulx2s.lpf(140): Semantic error in &quot;LOCATE COMP &quot;j2_11&quot; SITE &quot;47&quot; ;&quot;: " arg1="j2_11" arg2="/home/dafta/Desktop/FER_DL_LABOS/ulx2s.lpf" arg3="140"  />
    <postMsg mid="1100679" type="Warning" dynamic="2" navigation="2" arg0="/home/dafta/Desktop/FER_DL_LABOS/ulx2s.lpf(141): Semantic error in &quot;LOCATE COMP &quot;j2_12&quot; SITE &quot;40&quot; ;&quot;: " arg1="j2_12" arg2="/home/dafta/Desktop/FER_DL_LABOS/ulx2s.lpf" arg3="141"  />
    <postMsg mid="1100679" type="Warning" dynamic="2" navigation="2" arg0="/home/dafta/Desktop/FER_DL_LABOS/ulx2s.lpf(142): Semantic error in &quot;LOCATE COMP &quot;j2_13&quot; SITE &quot;39&quot; ;&quot;: " arg1="j2_13" arg2="/home/dafta/Desktop/FER_DL_LABOS/ulx2s.lpf" arg3="142"  />
    <postMsg mid="1100679" type="Warning" dynamic="2" navigation="2" arg0="/home/dafta/Desktop/FER_DL_LABOS/ulx2s.lpf(143): Semantic error in &quot;LOCATE COMP &quot;j2_14&quot; SITE &quot;38&quot; ;&quot;: " arg1="j2_14" arg2="/home/dafta/Desktop/FER_DL_LABOS/ulx2s.lpf" arg3="143"  />
    <postMsg mid="1100679" type="Warning" dynamic="2" navigation="2" arg0="/home/dafta/Desktop/FER_DL_LABOS/ulx2s.lpf(144): Semantic error in &quot;LOCATE COMP &quot;j2_15&quot; SITE &quot;22&quot; ;&quot;: " arg1="j2_15" arg2="/home/dafta/Desktop/FER_DL_LABOS/ulx2s.lpf" arg3="144"  />
    <postMsg mid="1100679" type="Warning" dynamic="2" navigation="2" arg0="/home/dafta/Desktop/FER_DL_LABOS/ulx2s.lpf(145): Semantic error in &quot;LOCATE COMP &quot;j2_16&quot; SITE &quot;31&quot; ;&quot;: " arg1="j2_16" arg2="/home/dafta/Desktop/FER_DL_LABOS/ulx2s.lpf" arg3="145"  />
    <postMsg mid="1100679" type="Warning" dynamic="2" navigation="2" arg0="/home/dafta/Desktop/FER_DL_LABOS/ulx2s.lpf(146): Semantic error in &quot;LOCATE COMP &quot;j2_17&quot; SITE &quot;29&quot; ;&quot;: " arg1="j2_17" arg2="/home/dafta/Desktop/FER_DL_LABOS/ulx2s.lpf" arg3="146"  />
    <postMsg mid="1100679" type="Warning" dynamic="2" navigation="2" arg0="/home/dafta/Desktop/FER_DL_LABOS/ulx2s.lpf(147): Semantic error in &quot;LOCATE COMP &quot;j2_18&quot; SITE &quot;37&quot; ;&quot;: " arg1="j2_18" arg2="/home/dafta/Desktop/FER_DL_LABOS/ulx2s.lpf" arg3="147"  />
    <postMsg mid="1100679" type="Warning" dynamic="2" navigation="2" arg0="/home/dafta/Desktop/FER_DL_LABOS/ulx2s.lpf(148): Semantic error in &quot;LOCATE COMP &quot;j2_19&quot; SITE &quot;36&quot; ;&quot;: " arg1="j2_19" arg2="/home/dafta/Desktop/FER_DL_LABOS/ulx2s.lpf" arg3="148"  />
    <postMsg mid="1100679" type="Warning" dynamic="2" navigation="2" arg0="/home/dafta/Desktop/FER_DL_LABOS/ulx2s.lpf(149): Semantic error in &quot;LOCATE COMP &quot;j2_20&quot; SITE &quot;35&quot; ;&quot;: " arg1="j2_20" arg2="/home/dafta/Desktop/FER_DL_LABOS/ulx2s.lpf" arg3="149"  />
    <postMsg mid="1100679" type="Warning" dynamic="2" navigation="2" arg0="/home/dafta/Desktop/FER_DL_LABOS/ulx2s.lpf(150): Semantic error in &quot;LOCATE COMP &quot;j2_21&quot; SITE &quot;32&quot; ;&quot;: " arg1="j2_21" arg2="/home/dafta/Desktop/FER_DL_LABOS/ulx2s.lpf" arg3="150"  />
    <postMsg mid="1100679" type="Warning" dynamic="2" navigation="2" arg0="/home/dafta/Desktop/FER_DL_LABOS/ulx2s.lpf(151): Semantic error in &quot;LOCATE COMP &quot;j2_22&quot; SITE &quot;27&quot; ;&quot;: " arg1="j2_22" arg2="/home/dafta/Desktop/FER_DL_LABOS/ulx2s.lpf" arg3="151"  />
    <postMsg mid="1100679" type="Warning" dynamic="2" navigation="2" arg0="/home/dafta/Desktop/FER_DL_LABOS/ulx2s.lpf(152): Semantic error in &quot;LOCATE COMP &quot;j2_23&quot; SITE &quot;28&quot; ;&quot;: " arg1="j2_23" arg2="/home/dafta/Desktop/FER_DL_LABOS/ulx2s.lpf" arg3="152"  />
    <postMsg mid="1100679" type="Warning" dynamic="2" navigation="2" arg0="/home/dafta/Desktop/FER_DL_LABOS/ulx2s.lpf(158): Semantic error in &quot;LOCATE COMP &quot;lcd_data_0&quot; SITE &quot;8&quot; ;&quot;: " arg1="lcd_data_0" arg2="/home/dafta/Desktop/FER_DL_LABOS/ulx2s.lpf" arg3="158"  />
    <postMsg mid="1100679" type="Warning" dynamic="2" navigation="2" arg0="/home/dafta/Desktop/FER_DL_LABOS/ulx2s.lpf(159): Semantic error in &quot;LOCATE COMP &quot;lcd_data_1&quot; SITE &quot;9&quot; ;&quot;: " arg1="lcd_data_1" arg2="/home/dafta/Desktop/FER_DL_LABOS/ulx2s.lpf" arg3="159"  />
    <postMsg mid="1100679" type="Warning" dynamic="2" navigation="2" arg0="/home/dafta/Desktop/FER_DL_LABOS/ulx2s.lpf(160): Semantic error in &quot;LOCATE COMP &quot;lcd_data_2&quot; SITE &quot;134&quot; ;&quot;: " arg1="lcd_data_2" arg2="/home/dafta/Desktop/FER_DL_LABOS/ulx2s.lpf" arg3="160"  />
    <postMsg mid="1100679" type="Warning" dynamic="2" navigation="2" arg0="/home/dafta/Desktop/FER_DL_LABOS/ulx2s.lpf(161): Semantic error in &quot;LOCATE COMP &quot;lcd_data_3&quot; SITE &quot;131&quot; ;&quot;: " arg1="lcd_data_3" arg2="/home/dafta/Desktop/FER_DL_LABOS/ulx2s.lpf" arg3="161"  />
    <postMsg mid="1100679" type="Warning" dynamic="2" navigation="2" arg0="/home/dafta/Desktop/FER_DL_LABOS/ulx2s.lpf(162): Semantic error in &quot;LOCATE COMP &quot;lcd_rs&quot; SITE &quot;143&quot; ;&quot;: " arg1="lcd_rs" arg2="/home/dafta/Desktop/FER_DL_LABOS/ulx2s.lpf" arg3="162"  />
    <postMsg mid="1100679" type="Warning" dynamic="2" navigation="2" arg0="/home/dafta/Desktop/FER_DL_LABOS/ulx2s.lpf(163): Semantic error in &quot;LOCATE COMP &quot;lcd_e&quot; SITE &quot;7&quot; ;&quot;: " arg1="lcd_e" arg2="/home/dafta/Desktop/FER_DL_LABOS/ulx2s.lpf" arg3="163"  />
    <postMsg mid="1100644" type="Warning" dynamic="2" navigation="2" arg0="/home/dafta/Desktop/FER_DL_LABOS/ulx2s.lpf(175): Semantic error in &quot;IOBUF PORT &quot;sw_2&quot; PULLMODE=DOWN ;&quot;: " arg1="sw_2" arg2="/home/dafta/Desktop/FER_DL_LABOS/ulx2s.lpf" arg3="175"  />
    <postMsg mid="1100644" type="Warning" dynamic="2" navigation="2" arg0="/home/dafta/Desktop/FER_DL_LABOS/ulx2s.lpf(176): Semantic error in &quot;IOBUF PORT &quot;sw_3&quot; PULLMODE=DOWN ;&quot;: " arg1="sw_3" arg2="/home/dafta/Desktop/FER_DL_LABOS/ulx2s.lpf" arg3="176"  />
    <postMsg mid="1100644" type="Warning" dynamic="2" navigation="2" arg0="/home/dafta/Desktop/FER_DL_LABOS/ulx2s.lpf(181): Semantic error in &quot;IOBUF PORT &quot;btn_center&quot; PULLMODE=DOWN ;&quot;: " arg1="btn_center" arg2="/home/dafta/Desktop/FER_DL_LABOS/ulx2s.lpf" arg3="181"  />
    <postMsg mid="1100644" type="Warning" dynamic="2" navigation="2" arg0="/home/dafta/Desktop/FER_DL_LABOS/ulx2s.lpf(184): Semantic error in &quot;IOBUF PORT &quot;sdcard_so&quot; PULLMODE=UP ;&quot;: " arg1="sdcard_so" arg2="/home/dafta/Desktop/FER_DL_LABOS/ulx2s.lpf" arg3="184"  />
    <postMsg mid="1104062" type="Warning" dynamic="2" navigation="0" arg0="" arg1="105 semantic errors"  />
Loading device for application map from file 'mg5a33x38.nph' in environment: /usr/local/diamond/3.5_x64/ispfpga.
Package Status:                     Final          Version 1.47.

Running general design DRC...

Removing unused logic...

Optimizing...

111 CCU2 constant inputs absorbed.




Design Summary:
   Number of registers:     69 out of  6564 (1%)
      PFU registers:           69 out of  6264 (1%)
      PIO registers:            0 out of   300 (0%)
   Number of SLICEs:        57 out of  4176 (1%)
      SLICEs as Logic/ROM:     57 out of  4176 (1%)
      SLICEs as RAM:            0 out of   756 (0%)
      SLICEs as Carry:         27 out of  4176 (1%)
   Number of LUT4s:        105 out of  8352 (1%)
      Number of logic LUTs:       51
      Number of distributed RAM:   0 (0 LUT4s)
      Number of ripple logic:     27 (54 LUT4s)
      Number of shift registers:   0
   Number of PIO sites used: 20 out of 100 (20%)
   Number of PIO FIXEDDELAY:    0
   Number of DQSDLLs:  0 out of 2 (0%)
   Number of PLLs:  0 out of 2 (0%)
   Number of block RAMs:  0 out of 12 (0%)
   Number of CLKDIVs:  0 out of 2 (0%)
   Number of GSRs:  0 out of 1 (0%)
   JTAG used :      No
   Readback used :  No
   Oscillator used :  No
   Startup used :   No
   Notes:-
      1. Total number of LUT4s = (Number of logic LUT4s) + 2*(Number of distributed RAMs) + 2*(Number of ripple logic)
      2. Number of logic LUT4s does not include count of distributed RAM and ripple logic.

   Number Of Mapped DSP Components:
   --------------------------------
   MULT36X36B          0
   MULT18X18B          0
   MULT18X18MACB       0
   MULT18X18ADDSUBB    0
   MULT18X18ADDSUBSUMB 0
   MULT9X9B            0
   MULT9X9ADDSUBB      0
   MULT9X9ADDSUBSUMB   0
   --------------------------------
   Number of Used DSP Sites:  0 out of 32 (0 %)
   Number of clocks:  1
     Net clk_25m_c: 40 loads, 40 rising, 0 falling (Driver: PIO clk_25m )
   Number of Clock Enables:  3
     Net I9/un5_r_irfreq_acc: 9 loads, 9 LSLICEs
     Net I9/R_phase_1_sqmuxa: 1 loads, 1 LSLICEs
     Net I9/R_phase_1_sqmuxa_1: 11 loads, 11 LSLICEs
   Number of LSRs:  2
     Net I9/R_delay_acc_1_iso: 7 loads, 7 LSLICEs
     Net I9/ir4_i: 1 loads, 1 LSLICEs
   Number of nets driven by tri-state buffers:  0
   Top 10 highest fanout non-clock nets:
     Net I9/VCC: 41 loads
     Net I9/un25_r_irfreq_acc_2: 17 loads
     Net I9/un25_r_irfreq_acc_0: 14 loads
     Net I9/un5_r_irfreq_acc: 13 loads
     Net I9/R_phase_1_sqmuxa_1: 11 loads
     Net I9/R_phase[0]: 9 loads
     Net I9/un1_irfreq_acc_next_axb_23: 9 loads
     Net I9/R_irfreq_acc[23]: 8 loads
     Net I9/R_phase[1]: 8 loads
     Net I9/R_phase[4]: 8 loads
    <postMsg mid="51001230" type="Warning" dynamic="1" navigation="0" arg0="/home/dafta/Desktop/FER_DL_LABOS/ulx2s.lpf"  />
 

   Number of warnings:  107
   Number of errors:    0



Total CPU Time: 1 secs  
Total REAL Time: 2 secs  
Peak Memory Usage: 198 MB

Dumping design to file lego_lego_map.ncd.

mpartrce -p "lego_lego.p2t" -f "lego_lego.p3t" -tf "lego_lego.pt" "lego_lego_map.ncd" "lego_lego.ncd"

---- MParTrce Tool ----
Removing old design directory at request of -rem command line option to this program.
Running par. Please wait . . .

Lattice Place and Route Report for Design "lego_lego_map.ncd"
Mon Oct 26 00:23:14 2015

PAR: Place And Route Diamond (64-bit) 3.5.0.102.
Command Line: par -w -l 5 -i 6 -t 1 -c 0 -e 0 -gui -exp parUseNBR=1:parCDP=auto:parCDR=1:parPathBased=OFF lego_lego_map.ncd lego_lego.dir/5_1.ncd lego_lego.prf
Preference file: lego_lego.prf.
Placement level-cost: 5-1.
Routing Iterations: 6

Loading design for application par from file lego_lego_map.ncd.
Design name: lego_upravljac
NCD version: 3.3
Vendor:      LATTICE
Device:      LFXP2-8E
Package:     TQFP144
Performance: 5
Loading device for application par from file 'mg5a33x38.nph' in environment: /usr/local/diamond/3.5_x64/ispfpga.
Package Status:                     Final          Version 1.47.
Performance Hardware Data Status:   Final          Version 10.6.
License checked out.


Ignore Preference Error(s):  True
Device utilization summary:

   PIO (prelim)      20/238           8% used
                     20/100          20% bonded
   SLICE             57/4176          1% used



Number of Signals: 190
Number of Connections: 449

Pin Constraint Summary:
   20 out of 20 pins locked (100% locked).

The following 1 signal is selected to use the primary clock routing resources:
    clk_25m_c (driver: clk_25m, clk load #: 40)

No signal is selected as DCS clock.

No signal is selected as secondary clock.

No signal is selected as Global Set/Reset.
Starting Placer Phase 0.

Finished Placer Phase 0.  REAL time: 3 secs 

Starting Placer Phase 1.
...................
Placer score = 19741.
Finished Placer Phase 1.  REAL time: 15 secs 

Starting Placer Phase 2.
.
Placer score =  19735
Finished Placer Phase 2.  REAL time: 15 secs 


------------------ Clock Report ------------------

Global Clock Resources:
  CLK_PIN    : 0 out of 8 (0%)
  General PIO: 1 out of 260 (0%)
  PLL        : 0 out of 2 (0%)
  CLKDIV     : 0 out of 2 (0%)

Quadrants All (TL, TR, BL, BR) - Global Clocks:
  PRIMARY "clk_25m_c" from comp "clk_25m" on PIO site "30 (PL18B)", clk load = 40

  PRIMARY  : 1 out of 8 (12%)
     DCS   : 0 out of 2 (0%)
  SECONDARY: 0 out of 4 (0%)

Edge Clocks:
  No edge clock selected

--------------- End of Clock Report ---------------


I/O Usage Summary (final):
   20 out of 238 (8.4%) PIO sites used.
   20 out of 100 (20.0%) bonded PIO sites used.
   Number of PIO comps: 20; differential: 0.
   Number of Vref pins used: 0.

I/O Bank Usage Summary:
+----------+---------------+------------+------------+------------+
| I/O Bank | Usage         | Bank Vccio | Bank Vref1 | Bank Vref2 |
+----------+---------------+------------+------------+------------+
| 0        | 2 / 20 ( 10%) | 3.3V       | -          | -          |
| 1        | 0 / 6 (  0%)  | -          | -          | -          |
| 2        | 0 / 18 (  0%) | -          | -          | -          |
| 3        | 0 / 4 (  0%)  | -          | -          | -          |
| 4        | 0 / 8 (  0%)  | -          | -          | -          |
| 5        | 6 / 18 ( 33%) | 3.3V       | -          | -          |
| 6        | 7 / 8 ( 87%)  | 3.3V       | -          | -          |
| 7        | 5 / 18 ( 27%) | 3.3V       | -          | -          |
+----------+---------------+------------+------------+------------+


DSP Utilization Summary:
-------------------------------------
DSP Block #:              1 2 3 4
# of MULT36X36B                  
# of MULT18X18B                  
# of MULT18X18MACB               
# of MULT18X18ADDSUBB            
# of MULT18X18ADDSUBSUMB         
# of MULT9X9B                    
# of MULT9X9ADDSUBB              
# of MULT9X9ADDSUBSUMB           

Total placer CPU time: 14 secs 

Dumping design to file lego_lego.dir/5_1.ncd.

0 connections routed; 449 unrouted.
Starting router resource preassignment
    <postMsg mid="62071013" type="Warning" dynamic="1" navigation="0" arg0="clk_25m_c"  />

Completed router resource preassignment. Real time: 19 secs 

Start NBR router at Mon Oct 26 00:23:33 CET 2015

*****************************************************************
Info: NBR allows conflicts(one node used by more than one signal)
      in the earlier iterations. In each iteration, it tries to  
      solve the conflicts while keeping the critical connections 
      routed as short as possible. The routing process is said to
      be completed when no conflicts exist and all connections   
      are routed.                                                
Note: NBR uses a different method to calculate timing slacks. The
      worst slack and total negative slack may not be the same as
      that in TRCE report. You should always run TRCE to verify  
      your design.                                               
*****************************************************************

Start NBR special constraint process at Mon Oct 26 00:23:33 CET 2015

Start NBR section for initial routing at Mon Oct 26 00:23:33 CET 2015
Level 4, iteration 1
9(0.00%) conflicts; 0(0.00%) untouched conn; 0 (nbr) score; 
Estimated worst slack/total negative slack<setup>: 33.546ns/0.000ns; real time: 19 secs 

Info: Initial congestion level at 75% usage is 0
Info: Initial congestion area  at 75% usage is 0 (0.00%)

Start NBR section for normal routing at Mon Oct 26 00:23:33 CET 2015
Level 4, iteration 1
3(0.00%) conflicts; 0(0.00%) untouched conn; 0 (nbr) score; 
Estimated worst slack/total negative slack<setup>: 33.545ns/0.000ns; real time: 19 secs 
Level 4, iteration 2
1(0.00%) conflict; 0(0.00%) untouched conn; 0 (nbr) score; 
Estimated worst slack/total negative slack<setup>: 33.545ns/0.000ns; real time: 19 secs 
Level 4, iteration 3
1(0.00%) conflict; 0(0.00%) untouched conn; 0 (nbr) score; 
Estimated worst slack/total negative slack<setup>: 33.554ns/0.000ns; real time: 19 secs 
Level 4, iteration 4
0(0.00%) conflict; 0(0.00%) untouched conn; 0 (nbr) score; 
Estimated worst slack/total negative slack<setup>: 33.554ns/0.000ns; real time: 19 secs 

Start NBR section for setup/hold timing optimization with effort level 3 at Mon Oct 26 00:23:33 CET 2015

Start NBR section for re-routing at Mon Oct 26 00:23:35 CET 2015
Level 4, iteration 1
0(0.00%) conflict; 0(0.00%) untouched conn; 0 (nbr) score; 
Estimated worst slack/total negative slack<setup>: 33.554ns/0.000ns; real time: 21 secs 

Start NBR section for post-routing at Mon Oct 26 00:23:35 CET 2015

End NBR router with 0 unrouted connection

NBR Summary
-----------
  Number of unrouted connections : 0 (0.00%)
  Number of connections with timing violations : 0 (0.00%)
  Estimated worst slack<setup> : 33.554ns
  Timing score<setup> : 0
-----------
Notes: The timing info is calculated for SETUP only and all PAR_ADJs are ignored.



Total CPU time 20 secs 
Total REAL time: 22 secs 
Completely routed.
End of route.  449 routed (100.00%); 0 unrouted.
Checking DRC ... 
No errors found.

Hold time timing score: 0, hold timing errors: 0

Timing score: 0 

Dumping design to file lego_lego.dir/5_1.ncd.


PAR_SUMMARY::Run status = completed
PAR_SUMMARY::Number of unrouted conns = 0
PAR_SUMMARY::Worst  slack<setup/<ns>> = 33.554
PAR_SUMMARY::Timing score<setup/<ns>> = 0.000
PAR_SUMMARY::Worst  slack<hold /<ns>> = 0.235
PAR_SUMMARY::Timing score<hold /<ns>> = 0.000
PAR_SUMMARY::Number of errors = 0

Total CPU  time to completion: 20 secs 
Total REAL time to completion: 22 secs 

par done!

Copyright (c) 1991-1994 by NeoCAD Inc. All rights reserved.
Copyright (c) 1995 AT&T Corp.   All rights reserved.
Copyright (c) 1995-2001 Lucent Technologies Inc.  All rights reserved.
Copyright (c) 2001 Agere Systems   All rights reserved.
Copyright (c) 2002-2015 Lattice Semiconductor Corporation,  All rights reserved.
Exiting par with exit code 0
Exiting mpartrce with exit code 0

bitgen -f "lego_lego.t2b" -w "lego_lego.ncd" -jedec -e -s "/home/dafta/Desktop/FER_DL_LABOS/lego.sec" -k "/home/dafta/Desktop/FER_DL_LABOS/lego.bek" "lego_lego.prf"


BITGEN: Bitstream Generator Diamond (64-bit) 3.5.0.102
Copyright (c) 1991-1994 by NeoCAD Inc. All rights reserved.
Copyright (c) 1995 AT&T Corp.   All rights reserved.
Copyright (c) 1995-2001 Lucent Technologies Inc.  All rights reserved.
Copyright (c) 2001 Agere Systems   All rights reserved.
Copyright (c) 2002-2015 Lattice Semiconductor Corporation,  All rights reserved.


Loading design for application Bitgen from file lego_lego.ncd.
Design name: lego_upravljac
NCD version: 3.3
Vendor:      LATTICE
Device:      LFXP2-8E
Package:     TQFP144
Performance: 5
Loading device for application Bitgen from file 'mg5a33x38.nph' in environment: /usr/local/diamond/3.5_x64/ispfpga.
Package Status:                     Final          Version 1.47.
Performance Hardware Data Status:   Final          Version 10.6.

Running DRC.
DRC detected 0 errors and 0 warnings.
Reading Preference File from lego_lego.prf.

Preference Summary:
+---------------------------------+---------------------------------+
|  Preference                     |  Current Setting                |
+---------------------------------+---------------------------------+
|                         RamCfg  |                        Reset**  |
+---------------------------------+---------------------------------+
|                        DONE_EX  |                          OFF**  |
+---------------------------------+---------------------------------+
|                        DONE_OD  |                           ON**  |
+---------------------------------+---------------------------------+
|                  CONFIG_SECURE  |                          OFF**  |
+---------------------------------+---------------------------------+
|                        WAKE_UP  |                           21**  |
+---------------------------------+---------------------------------+
|                   WAKE_ON_LOCK  |                          OFF**  |
+---------------------------------+---------------------------------+
|                          INBUF  |                           ON**  |
+---------------------------------+---------------------------------+
|                     TAG_MEMORY  |                       NORMAL**  |
+---------------------------------+---------------------------------+
|                        MY_ASSP  |                          OFF**  |
+---------------------------------+---------------------------------+
|               ONE_TIME_PROGRAM  |                          OFF**  |
+---------------------------------+---------------------------------+
|                 SLAVE_SPI_PORT  |                      DISABLE**  |
+---------------------------------+---------------------------------+
|                MASTER_SPI_PORT  |                      DISABLE**  |
+---------------------------------+---------------------------------+
|                     DisableUES  |                        FALSE**  |
+---------------------------------+---------------------------------+
 *  Default setting.
 ** The specified setting matches the default setting.


Creating bit map...
Saving bit stream in "lego_lego.jed".
