Running in Lattice mode

sourcing /usr/local/diamond/3.5_x64/synpbase/lib/message_override.tcl


Starting:    /usr/local/diamond/3.5_x64/synpbase/linux_a_64/mbin/synbatch
Install:     /usr/local/diamond/3.5_x64/synpbase
Hostname:    Dafta-Laptop
Date:        Mon Oct 26 00:23:03 2015
Version:     J-2015.03L

Arguments:   -product synplify_pro -batch lego_lego_synplify.tcl
ProductType: synplify_pro





log file: "/home/dafta/Desktop/FER_DL_LABOS/lego/lego_lego.srr"

Running: hdl_info_gen in foreground



Generating HDL info...


hdl_info_gen Completed
Return Code: 0
Run Time:00h:00m:01s

log file: "/home/dafta/Desktop/FER_DL_LABOS/lego/lego_lego.srr"

Running: lego in foreground



Running proj_1|lego


Running: compile (Compile) on proj_1|lego


Running: compile_flow (Compile Process) on proj_1|lego


Running: compiler (Compile Input) on proj_1|lego

Copied /home/dafta/Desktop/FER_DL_LABOS/lego/synwork/lego_lego_comp.srs to /home/dafta/Desktop/FER_DL_LABOS/lego/lego_lego.srs


compiler Completed
Return Code: 0
Run Time:00h:00m:02s


Running: multi_srs_gen (Multi-srs Generator) on proj_1|lego

Copied /home/dafta/Desktop/FER_DL_LABOS/lego/synwork/lego_lego_comp.srs to /home/dafta/Desktop/FER_DL_LABOS/lego/synwork/lego_lego_s.srs


multi_srs_gen Completed
Return Code: 0
Run Time:00h:00m:00s

Copied /home/dafta/Desktop/FER_DL_LABOS/lego/synwork/lego_lego_mult.srs to /home/dafta/Desktop/FER_DL_LABOS/lego/lego_lego.srs

Copied /home/dafta/Desktop/FER_DL_LABOS/lego/lego_lego.srr to /home/dafta/Desktop/FER_DL_LABOS/lego/lego_lego.srf

Complete: Compile Process on proj_1|lego


Running: premap (Pre-mapping) on proj_1|lego


premap Completed with warnings
Return Code: 1
Run Time:00h:00m:02s

Complete: Compile on proj_1|lego


Running: map (Map) on proj_1|lego


Running: fpga_mapper (Map & Optimize) on proj_1|lego

Copied /home/dafta/Desktop/FER_DL_LABOS/lego/synwork/lego_lego_m.srm to /home/dafta/Desktop/FER_DL_LABOS/lego/lego_lego.srm


fpga_mapper Completed with warnings
Return Code: 1
Run Time:00h:00m:03s

Complete: Map on proj_1|lego

Copied /home/dafta/Desktop/FER_DL_LABOS/lego/lego_lego.srr to /home/dafta/Desktop/FER_DL_LABOS/lego/lego_lego.srf

Complete: Logic Synthesis on proj_1|lego

TCL script complete: "lego_lego_synplify.tcl"

exit status=0

exit status=0

Save changes for project:
/home/dafta/Desktop/FER_DL_LABOS/lego/proj_1.prj

batch mode default:no

