10 1 1
10 1 1
10 1 1
13 2 512 592 592 592
13 0 592 592 512 592
17 0 and2 928 608 0
17 0 3
17 0 and2 832 512 0
17 0 inv 544 704 0
17 0 4
17 0 inv 672 496 0
17 0 4
17 0 inv 672 464 0
17 0 3
17 0 and2 816 432 0
17 0 4
17 0 inv 672 432 0
13 2 512 592 592 592
13 0 560 592 512 592
11 0 1 560 592 616 512
11 4 1 6
13 0 560 592 560 480
13 0 560 480 672 480
13 0 656 576 656 608
13 0 656 608 736 608
13 2 656 608 736 608
13 2 656 576 656 608
17 0 inv 672 528 0
13 0 592 656 672 656
13 0 592 656 672 656
13 2 592 656 672 656
13 0 672 656 672 688
13 0 672 688 832 688
13 0 832 688 832 768
13 0 832 768 704 768
13 0 704 768 624 768
13 0 624 768 768 768
13 0 768 768 768 784
13 2 768 768 768 784
13 0 704 768 624 768
13 2 624 768 704 768
13 2 704 768 832 768
13 2 832 688 832 768
13 2 672 688 832 688
13 2 672 656 672 688
13 0 592 656 640 656
13 0 640 656 640 592
13 0 640 592 672 592
13 0 672 592 672 528
13 0 672 528 672 576
13 0 672 576 672 592
13 0 672 528 672 640
13 0 672 640 672 720
13 0 672 720 864 720
13 0 864 720 928 720
13 0 928 720 832 720
13 0 832 720 832 768
13 2 832 720 832 768
13 0 864 720 928 720
13 2 864 720 928 720
13 2 672 720 864 720
13 0 672 640 672 720
13 2 672 640 672 720
13 2 672 592 672 640
13 2 672 576 672 592
13 2 672 528 672 576
13 2 640 592 672 592
13 2 640 592 640 656
13 0 592 656 640 656
13 2 592 656 640 656
17 0 17
17 0 inv 672 528 0
13 0 592 656 592 576
13 0 592 576 672 576
13 0 768 480 816 480
13 0 768 576 768 512
13 0 768 512 816 512
13 0 960 496 1168 496
13 0 976 496 976 544
13 0 976 544 1168 544
13 0 976 544 976 576
13 0 976 576 976 592
13 0 976 592 1168 592
13 0 976 592 976 640
13 0 976 640 1168 640
17 0 and2 816 544 0
13 0 592 656 816 656
13 0 816 656 816 624
13 0 784 480 784 592
13 0 784 592 816 592
13 0 960 608 992 608
13 0 992 608 992 640
13 0 992 640 1008 640
13 0 960 608 1040 608
13 0 1040 608 1040 592
13 0 1040 608 1040 592
13 2 992 608 1040 608
13 0 992 608 1056 608
13 0 1056 608 1104 608
13 0 1104 608 1136 608
13 0 1136 608 1104 608
13 0 1104 608 1104 592
13 0 1120 576 1088 576
13 2 1088 576 1120 576
13 0 1104 608 1136 608
13 2 1104 608 1136 608
13 0 1088 576 1088 560
13 0 1088 560 1088 608
13 0 1088 608 1104 608
13 0 1088 576 1088 608
13 2 1088 576 1088 608
13 2 1088 560 1088 576
13 0 1056 608 1104 608
13 2 1056 608 1104 608
13 2 992 608 1056 608
13 2 992 608 992 640
13 0 992 608 992 640
13 0 992 640 976 640
13 0 992 608 992 592
13 0 992 608 992 592
13 0 992 608 992 592
13 2 784 592 816 592
13 2 960 608 992 608
13 2 816 624 816 656
17 0 18
17 0 and2 816 560 0
13 0 816 608 816 592
13 0 784 592 816 592
13 0 960 624 960 608
13 0 960 608 992 608
13 0 816 640 816 656
13 0 960 624 944 624
13 0 944 624 992 624
13 0 944 624 1024 624
13 0 1024 624 1024 544
13 2 960 624 1024 624
13 2 944 624 960 624
13 0 960 624 1040 624
13 0 1040 624 1184 624
13 0 1040 624 1184 624
13 2 1040 624 1184 624
13 2 960 624 1040 624
13 2 816 640 816 656
13 2 960 608 992 608
13 2 960 608 960 624
13 2 784 592 816 592
13 2 816 592 816 608
17 0 18
17 0 and2 816 544 0
13 0 816 624 816 656
13 0 960 608 992 608
13 0 784 592 816 592
13 2 992 608 992 640
13 2 960 608 992 608
13 2 784 592 816 592
13 0 784 592 816 592
13 0 960 608 1056 608
13 0 1056 608 1520 608
13 0 1520 608 1520 592
13 0 1056 608 1520 608
13 2 1056 608 1520 608
13 2 960 608 1056 608
13 2 784 592 816 592
13 2 816 624 816 656
17 0 18
17 0 and2 800 560 0
13 0 800 608 800 592
13 0 784 592 800 592
13 0 800 640 800 656
13 0 800 656 816 656
13 2 800 656 816 656
13 0 944 624 1024 624
13 0 1024 624 1024 640
13 0 1024 640 1008 640
13 0 1024 624 1024 592
13 0 1024 640 1024 592
13 0 1024 640 1024 576
13 0 1024 576 1056 576
13 0 1056 576 1056 544
13 0 1056 544 1120 544
13 0 1120 544 1120 576
13 2 1120 544 1120 576
13 2 1024 576 1056 576
13 2 1024 576 1024 624
13 2 1024 624 1024 640
13 2 944 624 1024 624
13 0 1088 576 1024 576
13 2 1024 576 1088 576
13 0 944 624 1008 624
13 0 1008 624 1008 592
13 0 1008 592 1024 592
13 0 992 624 1008 624
13 0 1008 624 1008 592
13 0 944 624 928 624
13 0 928 624 1024 624
13 0 1024 624 1024 640
13 0 1024 624 1024 640
13 0 1024 656 1024 624
13 2 1024 624 1024 656
13 2 1008 624 1024 624
13 2 928 624 944 624
13 0 896 624 1072 624
13 0 896 624 1008 624
13 0 1008 624 1072 624
13 0 1072 624 1152 624
13 0 1152 624 1168 624
13 0 1152 624 1168 624
13 2 1152 624 1168 624
13 0 1072 624 1152 624
13 2 1072 624 1152 624
13 2 1008 624 1072 624
13 2 896 624 944 624
13 0 944 624 1088 624
13 0 1088 624 1088 592
13 2 1008 624 1088 624
13 0 944 624 1056 624
13 0 1056 624 1056 592
13 2 1008 624 1056 624
13 0 944 624 1056 624
13 0 1056 624 1056 592
13 0 1056 640 1056 656
13 0 1056 624 1056 608
13 2 1056 608 1056 624
13 2 1056 640 1056 656
13 0 1056 624 1056 640
13 0 1056 624 1056 640
13 0 1056 624 1056 640
13 0 1056 640 1056 624
13 0 1056 640 1056 624
13 0 1056 624 1056 656
13 0 1056 640 1072 640
13 2 1056 624 1056 656
13 0 1056 624 1056 640
13 2 1008 624 1056 624
13 2 1008 592 1008 624
13 2 944 624 1008 624
13 0 800 656 816 656
13 2 800 640 800 656
13 2 784 592 800 592
13 2 800 592 800 608
17 0 18
17 0 and2 816 544 0
13 0 816 624 816 656
13 0 784 592 816 592
13 2 784 592 816 592
13 2 784 480 784 592
13 2 816 624 816 656
13 2 592 656 816 656
17 0 18
13 0 976 640 1168 640
13 2 976 640 1168 640
13 2 976 592 976 640
13 0 976 592 1168 592
13 2 976 592 1168 592
13 0 976 576 976 592
13 2 976 576 976 592
13 2 976 544 976 576
13 0 976 544 1168 544
13 2 976 544 1168 544
13 2 976 496 976 544
13 0 960 496 1168 496
13 2 960 496 1168 496
13 2 768 512 816 512
13 2 768 512 768 576
13 2 768 480 816 480
13 2 592 576 672 576
13 2 592 576 592 656
17 0 17
13 2 560 480 672 480
13 2 560 480 560 592
17 0 3
17 0 and2 768 496 0
17 0 3
17 0 4
13 0 560 592 1168 592
13 0 1168 592 1168 640
13 0 1168 592 1136 592
13 0 496 592 1168 592
13 8 512 592 1
13 0 1168 592 1168 544
13 2 1168 544 1168 592
13 2 496 592 512 592
13 8 512 592 1
13 8 512 592 1
13 2 1168 592 1168 640
13 0 560 592 1168 592
13 2 560 592 1168 592
13 0 560 592 752 592
13 0 752 592 752 544
13 0 752 544 1168 544
13 0 976 544 976 592
13 0 976 592 1024 592
13 0 1024 592 1168 592
13 0 1008 592 1072 592
13 0 1072 592 1072 640
13 0 1072 640 1168 640
13 0 592 656 864 656
13 0 864 656 864 496
13 0 864 496 1168 496
13 0 864 656 1104 656
13 0 1104 656 1104 640
13 0 1072 640 1104 640
13 0 1104 640 1104 656
13 0 1040 704 976 704
13 2 976 704 1040 704
13 2 864 656 1104 656
13 0 864 640 1024 640
13 0 1024 640 1072 640
13 2 864 640 1024 640
13 0 1120 640 864 640
13 0 1040 496 1040 640
13 0 1040 640 1088 640
13 0 1088 640 1088 672
13 2 1088 640 1088 672
13 2 1040 496 1040 640
13 0 592 816 944 816
13 0 944 816 944 880
13 0 944 880 1168 880
13 2 944 880 1168 880
13 2 944 816 944 880
13 0 944 816 944 848
13 2 944 816 944 848
13 0 944 816 944 864
13 0 944 864 1168 864
13 0 944 816 1168 816
13 0 944 816 944 768
13 0 944 768 1168 768
13 0 832 544 976 544
13 2 832 544 976 544
13 2 752 544 832 544
13 0 992 592 1072 592
13 2 992 592 1072 592
13 2 976 592 992 592
13 0 976 576 976 544
13 2 976 544 976 576
13 2 976 576 976 592
13 0 1072 624 1072 592
13 2 1072 592 1072 624
13 2 1072 624 1072 640
13 0 752 544 976 544
13 0 752 592 1072 592
13 0 752 592 752 640
13 0 752 640 1072 640
13 0 864 576 864 496
13 2 864 496 864 576
13 2 864 576 864 656
13 0 624 656 864 656
13 2 624 656 864 656
13 2 512 656 624 656
13 0 512 656 656 656
13 0 656 656 656 544
13 0 656 544 656 496
13 0 656 496 864 496
13 0 656 656 912 656
13 0 912 656 912 640
13 2 656 656 912 656
13 0 656 496 864 496
13 2 656 496 864 496
13 0 656 544 656 496
13 2 656 496 656 544
13 2 656 544 656 656
13 2 512 656 656 656
13 0 512 656 624 656
13 0 624 656 864 656
13 0 864 576 864 656
13 0 864 496 864 576
13 0 752 640 1072 640
13 2 752 640 1072 640
13 2 752 592 752 640
13 0 752 592 1072 592
13 2 752 592 1072 592
13 0 752 544 976 544
13 2 752 544 976 544
13 0 1072 624 1072 640
13 0 1072 592 1072 624
13 0 976 576 976 592
13 0 976 544 976 576
13 0 976 592 992 592
13 0 992 592 1072 592
13 0 752 544 832 544
13 0 832 544 976 544
13 0 944 768 1168 768
13 2 944 768 1168 768
13 2 944 768 944 816
13 0 944 816 1168 816
13 2 944 816 1168 816
13 0 944 864 1168 864
13 2 944 864 1168 864
13 2 944 816 944 864
13 0 592 816 944 816
13 2 592 816 944 816
13 0 864 496 1168 496
13 2 864 496 1168 496
13 2 864 496 864 656
13 0 592 656 864 656
13 2 592 656 864 656
13 0 1072 640 1168 640
13 2 1072 640 1168 640
13 2 1072 592 1072 640
13 0 1024 592 1168 592
13 2 1024 592 1168 592
13 2 976 592 1024 592
13 2 976 544 976 592
13 0 752 544 1168 544
13 2 752 544 1168 544
13 2 752 544 752 592
13 0 560 592 752 592
13 2 560 592 752 592
17 0 or2 608 544 0
17 0 4
17 0 or2 976 576 0
13 0 1120 640 1184 640
13 0 592 656 976 656
13 0 560 592 560 624
13 0 560 624 976 624
13 0 560 592 1072 592
13 0 1072 592 1072 544
13 0 1072 544 1168 544
13 0 1072 592 1168 592
13 0 576 656 576 544
13 0 576 544 576 496
13 0 576 496 1168 496
17 0 or2 992 800 0
13 0 592 880 992 880
13 0 592 816 592 848
13 0 592 848 992 848
13 0 1136 864 1168 864
13 0 592 816 1168 816
13 0 592 816 592 768
13 0 592 768 1168 768
13 0 560 880 560 720
13 0 560 720 1168 720
