Running in Lattice mode


Starting:    C:\lscc\diamond\3.9_x64\synpbase\bin64\mbin\synbatch.exe
Install:     C:\lscc\diamond\3.9_x64\synpbase
Hostname:    IVAN-PC
Date:        Sun Dec 03 20:37:26 2017
Version:     L-2016.09L

Arguments:   -product synplify_pro -batch Bistabil_impl1_synplify.tcl
ProductType: synplify_pro





Technology initialized from device list to: LATTICE-XP

Copied D:\Ivan\Faks\1. Semestar\DigLog\LV3\Bistabil\impl1\Bistabil_impl1.srr to D:\Ivan\Faks\1. Semestar\DigLog\LV3\Bistabil\impl1\backup\Bistabil_impl1.srr

log file: "D:\Ivan\Faks\1. Semestar\DigLog\LV3\Bistabil\impl1\Bistabil_impl1.srr"

Running: hdl_info_gen in foreground



Generating HDL info...


hdl_info_gen completed
# Sun Dec 03 20:37:26 2017

Return Code: 0
Run Time:00h:00m:00s

Copied D:\Ivan\Faks\1. Semestar\DigLog\LV3\Bistabil\impl1\Bistabil_impl1.srr to D:\Ivan\Faks\1. Semestar\DigLog\LV3\Bistabil\impl1\Bistabil_impl1.srf

log file: "D:\Ivan\Faks\1. Semestar\DigLog\LV3\Bistabil\impl1\Bistabil_impl1.srr"

Running: impl1 in foreground



Running proj_1|impl1


Running: compile (Compile) on proj_1|impl1
# Sun Dec 03 20:37:27 2017


Running: compile_flow (Compile Process) on proj_1|impl1
# Sun Dec 03 20:37:27 2017


Running: compiler (Compile Input) on proj_1|impl1
# Sun Dec 03 20:37:27 2017

Copied D:\Ivan\Faks\1. Semestar\DigLog\LV3\Bistabil\impl1\synwork\Bistabil_impl1_comp.srs to D:\Ivan\Faks\1. Semestar\DigLog\LV3\Bistabil\impl1\Bistabil_impl1.srs


compiler completed
# Sun Dec 03 20:37:28 2017

Return Code: 0
Run Time:00h:00m:01s


Running: multi_srs_gen (Multi-srs Generator) on proj_1|impl1
# Sun Dec 03 20:37:28 2017


multi_srs_gen completed
# Sun Dec 03 20:37:28 2017

Return Code: 0
Run Time:00h:00m:00s

Copied D:\Ivan\Faks\1. Semestar\DigLog\LV3\Bistabil\impl1\synwork\Bistabil_impl1_mult.srs to D:\Ivan\Faks\1. Semestar\DigLog\LV3\Bistabil\impl1\Bistabil_impl1.srs

Copied D:\Ivan\Faks\1. Semestar\DigLog\LV3\Bistabil\impl1\Bistabil_impl1.srr to D:\Ivan\Faks\1. Semestar\DigLog\LV3\Bistabil\impl1\Bistabil_impl1.srf

Complete: Compile Process on proj_1|impl1


Running: premap (Pre-mapping) on proj_1|impl1
# Sun Dec 03 20:37:28 2017


premap completed with warnings
# Sun Dec 03 20:37:29 2017

Return Code: 1
Run Time:00h:00m:01s

Complete: Compile on proj_1|impl1


Running: map (Map) on proj_1|impl1
# Sun Dec 03 20:37:29 2017

License granted for 4 parallel jobs


Running: fpga_mapper (Map & Optimize) on proj_1|impl1
# Sun Dec 03 20:37:29 2017

Copied D:\Ivan\Faks\1. Semestar\DigLog\LV3\Bistabil\impl1\synwork\Bistabil_impl1_m.srm to D:\Ivan\Faks\1. Semestar\DigLog\LV3\Bistabil\impl1\Bistabil_impl1.srm


fpga_mapper completed with warnings
# Sun Dec 03 20:37:30 2017

Return Code: 1
Run Time:00h:00m:01s

Complete: Map on proj_1|impl1

Copied D:\Ivan\Faks\1. Semestar\DigLog\LV3\Bistabil\impl1\Bistabil_impl1.srr to D:\Ivan\Faks\1. Semestar\DigLog\LV3\Bistabil\impl1\Bistabil_impl1.srf

Complete: Logic Synthesis on proj_1|impl1

TCL script complete: "Bistabil_impl1_synplify.tcl"

exit status=0

exit status=0

Save changes for project:
D:\Ivan\Faks\1. Semestar\DigLog\LV3\Bistabil\impl1\proj_1.prj

batch mode default:no

