10 1 1
10 1 1
10 1 1
13 0 480 1200 688 1200
13 2 480 1200 688 1200
13 2 368 1200 480 1200
13 0 464 1152 656 1152
13 2 464 1152 656 1152
13 2 400 1152 464 1152
13 0 464 1152 400 1152
13 0 464 1152 656 1152
13 0 336 1104 432 1104
13 2 336 1104 432 1104
13 0 400 1152 432 1152
13 2 400 1152 432 1152
13 0 336 1072 336 1104
13 2 336 1072 336 1104
13 0 368 1072 368 1200
13 2 368 1072 368 1200
13 0 400 1072 400 1152
13 2 400 1072 400 1152
17 0 13
13 0 496 368 544 368
13 2 496 368 544 368
13 0 464 368 464 400
13 2 464 368 464 400
13 0 496 368 496 400
13 2 496 368 496 400
13 2 432 1072 480 1072
13 2 432 1104 480 1104
13 0 432 1152 512 1152
13 2 432 1152 512 1152
13 0 336 1056 336 1072
13 2 336 1056 336 1072
13 0 368 1056 368 1072
13 2 368 1056 368 1072
13 0 400 1056 400 1072
13 2 400 1056 400 1072
13 0 432 1056 432 1072
13 2 432 1056 432 1072
13 0 432 1024 432 880
13 2 432 880 432 1024
13 2 432 1024 432 1056
13 0 400 1040 400 912
13 2 400 912 400 1040
13 2 400 1040 400 1056
13 0 368 1040 368 800
13 2 368 800 368 1040
13 2 368 1040 368 1056
13 0 336 1040 336 944
13 2 336 944 336 1040
13 2 336 1040 336 1056
13 0 512 1024 656 1024
13 2 512 1024 656 1024
13 2 464 1024 512 1024
17 0 23
13 2 624 1088 752 1088
17 0 22
17 0 and2 480 1024 0
13 0 624 1088 752 1088
17 0 22
13 2 656 1056 752 1056
13 2 624 1088 752 1088
13 2 656 1120 752 1120
13 2 512 1152 656 1152
13 2 688 1152 752 1152
13 2 656 1120 656 1152
13 2 688 1152 688 1200
13 0 656 1040 656 1056
13 2 656 1040 656 1056
13 2 656 1024 656 1040
13 2 224 1008 464 1008
13 0 464 1008 464 976
13 2 464 976 464 1008
13 2 464 1008 464 1024
13 2 464 976 1504 976
13 2 464 832 464 976
13 0 432 944 752 944
13 2 432 944 752 944
13 2 336 944 432 944
13 0 336 912 336 496
13 2 336 496 336 912
13 2 336 912 336 944
13 0 400 784 400 752
13 2 400 752 400 784
13 2 400 784 400 912
13 0 400 784 400 912
13 0 400 784 400 752
17 0 17
17 0 19
17 0 20
17 0 18
13 2 848 688 1040 688
13 2 400 720 1040 720
13 2 1184 624 1184 704
17 0 16
17 0 or2 1040 640 0
13 0 848 688 1040 688
13 0 1024 720 1040 720
13 0 400 720 1024 720
13 0 1184 672 1184 704
13 0 1184 624 1184 672
17 0 15
17 0 16
13 2 848 416 1040 416
13 2 880 448 1040 448
13 2 1184 464 1744 464
13 2 912 480 1040 480
13 2 944 512 1040 512
17 0 14
17 0 or4 1040 368 0
13 0 848 416 1040 416
13 0 1024 448 1040 448
13 0 880 448 1024 448
13 0 1184 464 1744 464
13 0 1008 480 1040 480
13 0 912 480 1008 480
13 0 992 512 1040 512
13 0 944 512 992 512
17 0 11
17 0 12
17 0 14
17 0 10
17 0 25
17 0 24
17 0 21
13 2 1472 704 1536 704
13 2 1504 736 1536 736
13 0 1440 832 1568 832
13 2 1440 832 1568 832
13 0 1504 736 1504 928
13 2 1504 736 1504 928
13 2 1504 928 1504 976
13 0 1376 1104 1760 1104
13 2 1376 1104 1760 1104
13 2 896 1104 1376 1104
13 0 1760 912 1760 768
13 2 1760 768 1760 912
13 2 1760 912 1760 1104
13 0 1664 832 1712 832
13 2 1664 832 1712 832
13 2 1568 832 1664 832
13 0 1664 832 1568 832
13 0 1664 832 1712 832
13 0 1712 704 1712 672
13 2 1712 672 1712 704
13 2 1712 704 1712 832
13 0 1664 832 1712 832
13 2 1664 832 1712 832
13 2 1568 832 1664 832
13 0 1536 624 1936 624
13 2 1536 624 1936 624
13 2 1184 624 1536 624
13 0 1536 624 1184 624
13 0 1536 624 1936 624
13 0 1184 656 1184 624
13 2 1184 624 1184 656
13 2 1184 656 1184 704
13 0 1184 656 1184 704
13 0 1184 656 1184 624
13 0 1360 624 1408 624
13 2 1360 624 1408 624
13 0 1344 624 1360 624
13 2 1344 624 1360 624
13 2 1184 624 1344 624
13 0 1344 624 1184 624
13 0 1344 624 1360 624
13 0 1312 624 1360 624
13 2 1312 624 1360 624
13 2 1184 624 1312 624
13 0 1408 624 1520 624
13 2 1408 624 1520 624
13 0 1184 672 1184 624
13 2 1184 624 1184 672
13 2 1184 672 1184 704
13 0 1472 576 1728 576
13 2 1472 576 1728 576
13 0 1520 624 1728 624
13 2 1520 624 1728 624
13 0 1712 672 1728 672
13 2 1712 672 1728 672
13 0 1680 720 1728 720
13 2 1680 720 1728 720
13 0 1744 496 1744 464
13 2 1744 464 1744 496
13 2 1744 496 1744 528
13 0 1696 464 1744 464
13 2 1696 464 1744 464
13 2 1184 464 1696 464
13 0 1776 432 1776 288
13 2 1776 288 1776 432
13 2 1776 432 1776 480
13 0 1136 288 1488 288
13 2 1136 288 1488 288
13 0 1136 368 1296 368
13 2 1136 368 1296 368
13 0 1232 240 1232 528
13 2 1232 240 1232 528
13 0 1296 368 1296 528
13 2 1296 368 1296 528
13 0 1648 288 1776 288
13 2 1648 288 1776 288
13 2 1488 288 1648 288
13 0 1184 208 1232 208
13 2 1184 208 1232 208
13 2 368 208 1184 208
13 0 1056 288 1136 288
13 2 1056 288 1136 288
13 2 816 288 1056 288
13 0 1024 368 1136 368
13 2 1024 368 1136 368
13 2 544 368 1024 368
13 0 1024 368 544 368
13 0 1024 368 1136 368
13 0 1024 368 1136 368
13 2 1024 368 1136 368
13 2 544 368 1024 368
13 0 1232 224 1232 208
13 2 1232 208 1232 224
13 2 1232 224 1232 240
13 0 400 240 672 240
13 2 400 240 672 240
13 2 368 240 400 240
13 0 368 256 368 208
13 2 368 208 368 256
13 2 368 256 368 544
13 0 496 272 672 272
13 2 496 272 672 272
13 2 400 272 496 272
13 0 496 304 672 304
13 2 496 304 672 304
13 2 432 304 496 304
13 0 400 368 400 272
13 2 400 272 400 368
13 2 400 368 400 624
13 0 432 352 432 304
13 2 432 304 432 352
13 2 432 352 432 464
13 0 496 336 672 336
13 2 496 336 672 336
13 2 464 336 496 336
13 2 464 336 464 368
13 0 496 448 496 400
13 2 496 400 496 448
13 2 496 448 496 496
13 0 464 448 464 400
13 2 464 400 464 448
13 2 464 448 464 592
13 0 512 464 576 464
13 2 512 464 576 464
13 2 432 464 512 464
13 2 576 432 672 432
13 2 576 432 576 464
13 0 608 400 624 400
13 2 608 400 624 400
13 2 592 400 608 400
13 0 624 416 624 400
13 2 624 400 624 416
13 2 624 416 624 752
13 0 640 400 672 400
13 2 640 400 672 400
13 2 624 400 640 400
13 0 432 528 432 464
13 2 432 464 432 528
13 2 432 528 432 656
13 0 480 496 672 496
13 2 480 496 672 496
13 2 224 496 480 496
13 0 480 496 224 496
13 0 480 496 672 496
13 0 624 544 672 544
13 2 624 544 672 544
13 2 368 544 624 544
13 0 496 496 672 496
13 2 496 496 672 496
13 2 672 496 672 512
13 0 336 496 496 496
13 2 336 496 496 496
13 0 368 544 368 576
13 2 368 544 368 576
13 0 368 608 368 576
13 2 368 576 368 608
13 2 368 608 368 624
13 0 368 688 368 624
13 2 368 624 368 688
13 2 368 688 368 800
13 0 400 784 400 752
13 2 400 752 400 784
13 2 400 784 400 912
13 0 400 800 496 800
13 2 400 800 496 800
13 2 368 800 400 800
13 0 464 912 752 912
13 2 464 912 752 912
13 2 400 912 464 912
13 0 464 912 400 912
13 0 464 912 752 912
13 0 432 816 432 656
13 2 432 656 432 816
13 2 432 816 432 880
13 0 432 816 432 880
13 0 432 816 432 656
13 0 432 784 432 656
13 2 432 656 432 784
13 2 432 784 432 880
13 0 464 768 464 592
13 2 464 592 464 768
13 2 464 768 464 832
13 0 464 768 464 832
13 0 464 768 464 592
13 0 496 720 1040 720
13 2 496 720 1040 720
13 2 400 720 496 720
13 0 464 736 464 592
13 2 464 592 464 736
13 2 464 736 464 832
13 0 464 736 464 832
13 0 464 736 464 592
13 0 512 656 1008 656
13 2 512 656 1008 656
13 2 432 656 512 656
13 0 464 720 464 592
13 2 464 592 464 720
13 2 464 720 464 832
13 0 480 832 496 832
13 2 480 832 496 832
13 2 464 832 480 832
13 0 560 592 912 592
13 2 560 592 912 592
13 2 464 592 560 592
13 0 832 528 880 528
13 2 832 528 880 528
13 2 816 528 832 528
13 0 848 464 848 416
13 2 848 416 848 464
13 2 848 464 848 688
13 0 864 416 1040 416
13 2 864 416 1040 416
13 2 816 416 864 416
13 0 896 448 1040 448
13 2 896 448 1040 448
13 2 880 448 896 448
13 0 944 480 1040 480
13 2 944 480 1040 480
13 2 912 480 944 480
13 0 880 496 880 448
13 2 880 448 880 496
13 2 880 496 880 528
13 0 880 496 880 528
13 0 880 496 880 448
13 0 912 512 912 480
13 2 912 480 912 512
13 2 912 512 912 592
13 0 912 512 912 592
13 0 912 512 912 480
13 0 912 544 912 480
13 2 912 480 912 544
13 2 912 544 912 592
13 0 880 480 880 448
13 2 880 448 880 480
13 2 880 480 880 528
13 0 976 512 1040 512
13 2 976 512 1040 512
13 2 944 512 976 512
13 0 944 560 944 512
13 2 944 512 944 560
13 2 944 560 944 624
13 0 944 592 976 592
13 2 944 592 976 592
13 2 912 592 944 592
13 0 896 624 944 624
13 2 896 624 944 624
13 2 400 624 896 624
13 0 400 720 400 624
13 2 400 624 400 720
13 2 400 720 400 752
13 0 400 720 400 752
13 0 400 720 400 624
13 0 400 704 400 624
13 2 400 624 400 704
13 2 400 704 400 752
13 0 656 752 704 752
13 2 656 752 704 752
13 2 624 752 656 752
13 2 1296 560 1328 560
13 2 1184 592 1328 592
13 2 1232 688 1328 688
13 2 1232 528 1232 688
13 2 1296 528 1296 560
13 2 1232 720 1328 720
13 0 1088 768 1232 768
13 2 1088 768 1232 768
13 2 1184 832 1440 832
13 2 1232 720 1232 768
13 2 976 576 1040 576
13 2 1008 608 1040 608
13 2 848 688 1040 688
13 0 736 752 976 752
13 2 736 752 976 752
13 2 976 768 1088 768
13 0 736 784 752 784
13 2 736 784 752 784
13 2 896 800 1040 800
13 0 736 816 752 816
13 2 736 816 752 816
13 2 896 832 1040 832
13 0 736 864 896 864
13 2 736 864 896 864
13 2 928 864 1040 864
13 0 736 912 752 912
13 2 736 912 752 912
13 2 896 928 928 928
13 2 896 832 896 864
13 2 928 864 928 928
13 2 976 576 976 592
13 2 976 752 976 768
13 2 1008 608 1008 656
13 2 704 752 736 752
13 2 704 784 736 784
13 2 640 816 736 816
13 2 704 864 736 864
13 0 544 880 704 880
13 2 544 880 704 880
13 0 544 912 736 912
13 2 544 912 736 912
13 2 704 752 704 784
13 2 704 864 704 880
13 0 480 912 544 912
13 2 480 912 544 912
13 2 400 912 480 912
13 0 464 880 544 880
13 2 464 880 544 880
13 8 224 992 1
13 8 208 992 1
13 0 224 1008 384 1008
13 8 176 1008 1
13 8 384 1008 1
13 8 384 1008 1
13 8 192 1008 1
13 8 160 1008 1
13 5 144 1072 btn_right
13 0 224 1008 272 1008
13 2 224 1008 272 1008
13 7 224 1008
13 8 224 1008 0
13 0 320 1008 384 1008
13 2 320 1008 384 1008
13 2 272 1008 320 1008
13 8 144 1056 1
13 8 144 1072 1
13 7 144 1072
13 8 144 1072 0
13 5 192 1008 btn_right
13 8 144 1072 1
13 8 192 1008 1
13 7 192 1008
13 8 192 1008 0
13 5 208 1008 btn_right
13 8 192 1008 1
13 8 208 1008 1
13 7 208 1008
13 8 208 1008 0
13 5 240 1008 btn_right
13 8 208 1008 1
13 8 240 1008 1
17 0 or5 1264 240 0
17 0 or4 1264 432 0
17 0 or3 1264 624 0
17 0 or2 1264 832 0
17 0 or4 1264 944 0
17 0 or4 1264 1168 0
17 0 or4 1280 1360 0
17 0 21
17 0 or5 1232 160 0
13 0 1376 272 1968 272
13 0 1968 272 1968 432
13 0 1328 544 1328 512
13 0 1328 512 1296 512
17 0 24
17 0 or4 1200 336 0
13 2 1296 512 1328 512
13 2 1328 512 1328 544
17 0 24
17 0 or4 1232 352 0
13 0 1376 448 1776 448
13 0 1776 448 1776 480
17 0 25
17 0 or3 1232 512 0
13 0 1648 448 1776 448
13 2 1648 448 1776 448
13 2 1376 448 1648 448
13 0 1776 464 1776 448
13 2 1776 448 1776 464
13 2 1776 464 1776 480
13 0 1968 384 1968 272
13 2 1968 272 1968 384
13 2 1968 384 1968 432
13 0 1968 384 1968 432
13 0 1968 384 1968 272
13 0 1968 384 1968 272
13 2 1968 272 1968 384
13 2 1968 384 1968 432
13 0 1872 272 1968 272
13 2 1872 272 1968 272
13 2 1376 272 1872 272
13 0 1376 272 1776 272
13 0 1776 272 1776 480
13 0 1376 448 1744 448
13 0 1744 448 1744 528
13 0 1376 592 1728 592
13 0 1728 592 1728 576
17 0 10
17 0 or2 1216 640 0
17 0 14
17 0 or4 1216 752 0
17 0 12
17 0 or4 1200 896 0
17 0 11
17 0 or4 1200 1056 0
13 0 1360 704 1568 704
13 0 1568 704 1568 640
13 0 1568 640 1568 624
13 0 1568 624 1728 624
13 0 1376 848 1600 848
13 0 1600 848 1600 672
13 0 1600 672 1728 672
13 0 1344 992 1632 992
13 0 1632 992 1632 720
13 0 1632 720 1728 720
13 0 1344 1152 1680 1152
13 0 1680 1152 1680 768
13 0 1680 768 1760 768
17 0 vlo 1872 368 0
13 0 1872 368 1968 368
13 0 1968 368 1968 432
17 0 16
17 0 vlo 1856 368 0
17 0 16
17 0 vlo 1872 368 0
13 0 240 1008 512 1008
13 0 512 1008 512 208
13 0 512 208 1232 208
13 0 464 880 464 240
13 0 464 240 1232 240
17 0 and2 640 304 0
17 0 15
17 0 and2 672 240 0
13 0 816 304 912 304
13 0 912 304 912 256
13 0 1232 272 912 272
13 2 912 256 912 272
13 0 672 320 672 752
13 0 672 752 400 752
17 0 inv 304 384 0
13 0 304 432 304 496
13 0 304 496 336 496
13 0 400 432 400 272
13 0 400 272 672 272
13 0 672 272 672 288
13 0 656 272 672 272
13 2 656 272 672 272
13 2 400 272 656 272
13 2 672 272 672 288
13 0 672 288 400 288
13 2 400 272 400 288
17 0 and2 720 352 0
13 0 368 624 432 624
13 0 432 624 432 400
13 0 432 400 720 400
17 0 inv 720 480 0
17 0 20
17 0 and2 848 352 0
17 0 19
17 0 inv 704 416 0
13 0 720 400 848 400
13 0 704 464 672 464
13 0 800 464 848 464
13 0 848 464 848 432
13 0 992 416 1120 416
13 0 1120 416 1120 304
13 0 1120 304 1232 304
17 0 and2 800 528 0
13 0 800 608 672 608
13 0 800 576 336 576
13 0 336 576 336 496
13 0 944 592 1136 592
13 0 1136 592 1136 336
13 0 1136 336 1232 336
13 0 1232 400 1216 400
13 0 1216 400 1216 208
13 0 1216 208 1200 208
13 0 1232 432 1200 432
13 0 1200 432 1200 240
13 0 1232 464 1136 464
13 0 1168 272 1168 496
13 0 1168 496 1232 496
13 0 1168 496 1168 560
13 0 1168 560 1232 560
17 0 and2 800 656 0
13 0 752 576 752 704
13 0 752 704 800 704
13 0 432 624 432 736
13 0 432 736 800 736
13 0 944 720 1008 720
13 0 1008 720 1008 608
13 0 1008 608 1152 608
13 0 1152 608 1152 592
13 0 1152 592 1232 592
13 0 1232 624 1136 624
13 0 1136 624 1136 592
17 0 and2 800 752 0
17 0 and2 800 864 0
13 0 944 816 1024 816
13 0 1024 816 1024 688
13 0 1024 688 1216 688
13 0 1216 720 1040 720
13 0 1040 720 1040 928
13 0 1040 928 944 928
13 0 800 800 624 800
13 0 624 800 624 288
13 0 800 912 624 912
13 0 624 912 624 800
13 0 800 832 720 832
13 0 720 832 720 736
13 0 800 944 512 944
13 0 1216 800 1056 800
13 0 1056 800 1056 992
13 0 1056 992 512 992
17 0 12
17 0 or4 1280 896 0
17 0 12
17 0 or4 1136 912 0
13 0 1376 992 1632 992
13 2 1376 992 1632 992
13 2 1344 992 1376 992
17 0 12
17 0 or4 1344 896 0
17 0 11
17 0 or4 1280 1056 0
13 0 1520 1152 1680 1152
13 2 1520 1152 1680 1152
13 2 1424 1152 1520 1152
17 0 11
17 0 or4 1312 1088 0
17 0 11
13 0 1408 1152 1424 1152
13 2 1408 1152 1424 1152
13 2 1344 1152 1408 1152
13 0 1344 1152 1408 1152
13 0 1408 1152 1424 1152
17 0 or4 1312 1088 0
17 0 11
17 0 or4 1424 1120 0
13 0 1360 1152 1424 1152
13 2 1360 1152 1424 1152
13 2 1344 1152 1360 1152
17 0 11
17 0 or4 1456 1056 0
13 0 1600 1152 1680 1152
13 0 1632 992 1488 992
13 0 1168 560 1168 832
13 0 1168 832 1216 832
13 0 992 720 992 864
13 0 992 864 1216 864
13 0 1104 592 1104 896
13 0 1104 896 1216 896
13 0 1040 928 1344 928
13 0 1344 928 1344 944
13 0 1168 832 1168 976
13 0 1168 976 1344 976
13 0 992 864 992 1008
13 0 992 1008 1344 1008
17 0 and2 800 1008 0
13 0 752 704 752 1056
13 0 752 1056 800 1056
13 0 800 1088 464 1088
13 0 464 1088 464 880
13 0 944 1072 1344 1072
13 0 1344 1072 1344 1040
13 0 1104 896 1104 1104
13 0 1104 1104 1456 1104
13 0 1024 816 1024 1136
13 0 1024 1136 1456 1136
13 0 624 864 624 800
13 2 624 800 624 864
13 2 624 864 624 912
13 0 624 864 624 912
13 0 624 864 624 800
17 0 and2 800 1152 0
13 0 800 1200 336 1200
13 0 336 1200 336 576
13 0 288 1008 288 1248
13 0 288 1248 800 1248
13 0 800 1248 800 1232
13 0 944 1216 1184 1216
13 0 1184 1216 1184 1168
13 0 1184 1168 1456 1168
13 0 1456 1200 1200 1200
13 0 1200 1200 1200 1296
13 0 1200 1296 704 1296
13 0 704 1296 704 1248
13 0 1376 848 1360 848
13 0 704 1264 704 1248
13 2 704 1248 704 1264
13 2 704 1264 704 1296
13 0 464 1088 464 1296
13 0 464 1296 704 1296
13 0 1408 1104 1440 1104
13 2 1408 1104 1440 1104
13 0 1408 1136 1440 1136
13 2 1408 1136 1440 1136
13 0 1408 1168 1440 1168
13 2 1408 1168 1440 1168
13 0 1408 1200 1440 1200
13 2 1408 1200 1440 1200
17 0 11
13 2 1440 1104 1456 1104
13 2 1440 1136 1456 1136
13 2 1440 1168 1456 1168
13 2 1440 1200 1456 1200
17 0 or5 1456 1040 0
13 0 1408 1104 1408 1088
13 0 1408 1088 1456 1088
13 0 1456 1120 1408 1120
13 0 1408 1120 1408 1136
13 0 1456 1152 1408 1152
13 0 1408 1152 1408 1168
13 0 1456 1184 1408 1184
13 0 1408 1184 1408 1200
17 0 and2 816 1296 0
17 0 11
17 0 or5 1456 1040 0
17 0 28
13 2 1408 1184 1408 1200
13 2 1408 1184 1456 1184
13 2 1408 1152 1408 1168
13 2 1408 1152 1456 1152
13 2 1408 1120 1408 1136
13 2 1408 1120 1456 1120
13 2 1408 1088 1456 1088
13 2 1408 1088 1408 1104
17 0 11
13 0 1440 1200 1456 1200
13 0 1440 1168 1456 1168
13 0 1440 1136 1456 1136
13 0 1440 1104 1456 1104
17 0 or4 1456 1056 0
13 0 1408 1200 1440 1200
13 0 1408 1168 1440 1168
13 0 1408 1136 1440 1136
13 0 1408 1104 1440 1104
17 0 14
17 0 or5 1232 736 0
13 0 1216 800 1216 784
13 0 1216 784 1232 784
13 0 1216 832 1216 816
13 0 1216 816 1232 816
13 0 1216 864 1216 848
13 0 1216 848 1232 848
13 0 1216 896 1232 896
13 0 1232 896 1232 880
17 0 and2 816 1312 0
13 0 336 1200 336 1392
13 0 336 1392 816 1392
13 0 816 1360 464 1360
13 0 464 1360 464 1296
13 0 960 1376 1232 1376
13 0 1232 1376 1232 912
